[2022-06-03 21:08:13,462] {taskinstance.py:851} INFO - Dependencies all met for <TaskInstance: UK_COVID19_dag.Plot_UK_Data 2022-06-02T20:58:06.025617+00:00 [queued]>
[2022-06-03 21:08:13,486] {taskinstance.py:851} INFO - Dependencies all met for <TaskInstance: UK_COVID19_dag.Plot_UK_Data 2022-06-02T20:58:06.025617+00:00 [queued]>
[2022-06-03 21:08:13,488] {taskinstance.py:1042} INFO - 
--------------------------------------------------------------------------------
[2022-06-03 21:08:13,489] {taskinstance.py:1043} INFO - Starting attempt 3 of 4
[2022-06-03 21:08:13,490] {taskinstance.py:1044} INFO - 
--------------------------------------------------------------------------------
[2022-06-03 21:08:13,510] {taskinstance.py:1063} INFO - Executing <Task(PythonOperator): Plot_UK_Data> on 2022-06-02T20:58:06.025617+00:00
[2022-06-03 21:08:13,523] {standard_task_runner.py:76} INFO - Running: ['airflow', 'tasks', 'run', 'UK_COVID19_dag', 'Plot_UK_Data', '2022-06-02T20:58:06.025617+00:00', '--job-id', '9', '--pool', 'default_pool', '--raw', '--subdir', 'DAGS_FOLDER/covid_dag-checkpoint.py', '--cfg-path', '/tmp/tmp8p4d94dd', '--error-file', '/tmp/tmpxfhalyp9']
[2022-06-03 21:08:13,518] {standard_task_runner.py:52} INFO - Started process 71 to run task
[2022-06-03 21:08:13,525] {standard_task_runner.py:77} INFO - Job 9: Subtask Plot_UK_Data
[2022-06-03 21:08:13,613] {logging_mixin.py:104} INFO - Running <TaskInstance: UK_COVID19_dag.Plot_UK_Data 2022-06-02T20:58:06.025617+00:00 [running]> on host 125d245880e1
[2022-06-03 21:08:13,768] {taskinstance.py:1257} INFO - Exporting the following env vars:
AIRFLOW_CTX_DAG_OWNER=Huda
AIRFLOW_CTX_DAG_ID=UK_COVID19_dag
AIRFLOW_CTX_TASK_ID=Plot_UK_Data
AIRFLOW_CTX_EXECUTION_DATE=2022-06-02T20:58:06.025617+00:00
AIRFLOW_CTX_DAG_RUN_ID=scheduled__2022-06-02T20:58:06.025617+00:00
[2022-06-03 21:08:14,247] {__init__.py:482} WARNING - Matplotlib created a temporary config/cache directory at /tmp/matplotlib-jtlqsaml because the default path (/home/airflow/.config/matplotlib) is not a writable directory; it is highly recommended to set the MPLCONFIGDIR environment variable to a writable directory, in particular to speed up the import of Matplotlib and to better support multiprocessing.
[2022-06-03 21:08:14,425] {font_manager.py:1423} INFO - Generating new fontManager, this may take some time...
[2022-06-03 21:08:16,952] {python.py:118} INFO - Done. Returned value was: None
[2022-06-03 21:08:16,996] {taskinstance.py:1166} INFO - Marking task as SUCCESS. dag_id=UK_COVID19_dag, task_id=Plot_UK_Data, execution_date=20220602T205806, start_date=20220603T210813, end_date=20220603T210816
[2022-06-03 21:08:17,035] {taskinstance.py:1220} INFO - 1 downstream tasks scheduled from follow-on schedule check
[2022-06-03 21:08:17,105] {local_task_job.py:146} INFO - Task exited with return code 0
