[2022-06-03 22:04:47,323] {taskinstance.py:851} INFO - Dependencies all met for <TaskInstance: UK_COVID19_dag.Extract_UK_Data 2022-06-03T21:54:35.086671+00:00 [queued]>
[2022-06-03 22:04:47,363] {taskinstance.py:851} INFO - Dependencies all met for <TaskInstance: UK_COVID19_dag.Extract_UK_Data 2022-06-03T21:54:35.086671+00:00 [queued]>
[2022-06-03 22:04:47,364] {taskinstance.py:1042} INFO - 
--------------------------------------------------------------------------------
[2022-06-03 22:04:47,365] {taskinstance.py:1043} INFO - Starting attempt 1 of 2
[2022-06-03 22:04:47,366] {taskinstance.py:1044} INFO - 
--------------------------------------------------------------------------------
[2022-06-03 22:04:47,379] {taskinstance.py:1063} INFO - Executing <Task(PythonOperator): Extract_UK_Data> on 2022-06-03T21:54:35.086671+00:00
[2022-06-03 22:04:47,384] {standard_task_runner.py:52} INFO - Started process 102 to run task
[2022-06-03 22:04:47,390] {standard_task_runner.py:76} INFO - Running: ['airflow', 'tasks', 'run', 'UK_COVID19_dag', 'Extract_UK_Data', '2022-06-03T21:54:35.086671+00:00', '--job-id', '10', '--pool', 'default_pool', '--raw', '--subdir', 'DAGS_FOLDER/covid_dag-checkpoint.py', '--cfg-path', '/tmp/tmpma7ik_tc', '--error-file', '/tmp/tmppeisfskr']
[2022-06-03 22:04:47,393] {standard_task_runner.py:77} INFO - Job 10: Subtask Extract_UK_Data
[2022-06-03 22:04:47,458] {logging_mixin.py:104} INFO - Running <TaskInstance: UK_COVID19_dag.Extract_UK_Data 2022-06-03T21:54:35.086671+00:00 [running]> on host db1a6c3b41a0
[2022-06-03 22:04:47,542] {taskinstance.py:1257} INFO - Exporting the following env vars:
AIRFLOW_CTX_DAG_OWNER=Huda
AIRFLOW_CTX_DAG_ID=UK_COVID19_dag
AIRFLOW_CTX_TASK_ID=Extract_UK_Data
AIRFLOW_CTX_EXECUTION_DATE=2022-06-03T21:54:35.086671+00:00
AIRFLOW_CTX_DAG_RUN_ID=manual__2022-06-03T21:54:35.086671+00:00
[2022-06-03 22:07:54,864] {python.py:118} INFO - Done. Returned value was: None
[2022-06-03 22:07:54,891] {taskinstance.py:1166} INFO - Marking task as SUCCESS. dag_id=UK_COVID19_dag, task_id=Extract_UK_Data, execution_date=20220603T215435, start_date=20220603T220447, end_date=20220603T220754
[2022-06-03 22:07:54,945] {taskinstance.py:1220} INFO - 1 downstream tasks scheduled from follow-on schedule check
[2022-06-03 22:07:54,996] {local_task_job.py:146} INFO - Task exited with return code 0
