[2022-06-04 22:28:23,204] {scheduler_job.py:182} INFO - Started process (PID=36) to work on /home/airflow/.local/lib/python3.6/site-packages/airflow/example_dags/example_xcom.py
[2022-06-04 22:28:23,251] {scheduler_job.py:629} INFO - Processing file /home/airflow/.local/lib/python3.6/site-packages/airflow/example_dags/example_xcom.py for tasks to queue
[2022-06-04 22:28:23,260] {logging_mixin.py:104} INFO - [2022-06-04 22:28:23,260] {dagbag.py:448} INFO - Filling up the DagBag from /home/airflow/.local/lib/python3.6/site-packages/airflow/example_dags/example_xcom.py
[2022-06-04 22:28:23,625] {scheduler_job.py:639} INFO - DAG(s) dict_keys(['example_xcom']) retrieved from /home/airflow/.local/lib/python3.6/site-packages/airflow/example_dags/example_xcom.py
[2022-06-04 22:28:24,083] {logging_mixin.py:104} INFO - [2022-06-04 22:28:24,042] {dag.py:1818} INFO - Sync 1 DAGs
[2022-06-04 22:28:24,317] {logging_mixin.py:104} INFO - [2022-06-04 22:28:24,316] {dag.py:1837} INFO - Creating ORM DAG for example_xcom
[2022-06-04 22:28:24,393] {logging_mixin.py:104} INFO - [2022-06-04 22:28:24,393] {dag.py:2273} INFO - Setting next_dagrun for example_xcom to 2022-06-02 00:00:00+00:00
[2022-06-04 22:28:24,560] {scheduler_job.py:190} INFO - Processing /home/airflow/.local/lib/python3.6/site-packages/airflow/example_dags/example_xcom.py took 1.481 seconds
[2022-06-04 22:28:55,200] {scheduler_job.py:182} INFO - Started process (PID=62) to work on /home/airflow/.local/lib/python3.6/site-packages/airflow/example_dags/example_xcom.py
[2022-06-04 22:28:55,203] {scheduler_job.py:629} INFO - Processing file /home/airflow/.local/lib/python3.6/site-packages/airflow/example_dags/example_xcom.py for tasks to queue
[2022-06-04 22:28:55,205] {logging_mixin.py:104} INFO - [2022-06-04 22:28:55,205] {dagbag.py:448} INFO - Filling up the DagBag from /home/airflow/.local/lib/python3.6/site-packages/airflow/example_dags/example_xcom.py
[2022-06-04 22:28:55,248] {scheduler_job.py:639} INFO - DAG(s) dict_keys(['example_xcom']) retrieved from /home/airflow/.local/lib/python3.6/site-packages/airflow/example_dags/example_xcom.py
[2022-06-04 22:28:55,324] {logging_mixin.py:104} INFO - [2022-06-04 22:28:55,324] {dag.py:1818} INFO - Sync 1 DAGs
[2022-06-04 22:28:55,397] {logging_mixin.py:104} INFO - [2022-06-04 22:28:55,397] {dag.py:2273} INFO - Setting next_dagrun for example_xcom to 2022-06-02 00:00:00+00:00
[2022-06-04 22:28:55,430] {scheduler_job.py:190} INFO - Processing /home/airflow/.local/lib/python3.6/site-packages/airflow/example_dags/example_xcom.py took 0.257 seconds
[2022-06-04 22:29:26,302] {scheduler_job.py:182} INFO - Started process (PID=88) to work on /home/airflow/.local/lib/python3.6/site-packages/airflow/example_dags/example_xcom.py
[2022-06-04 22:29:26,319] {scheduler_job.py:629} INFO - Processing file /home/airflow/.local/lib/python3.6/site-packages/airflow/example_dags/example_xcom.py for tasks to queue
[2022-06-04 22:29:26,331] {logging_mixin.py:104} INFO - [2022-06-04 22:29:26,331] {dagbag.py:448} INFO - Filling up the DagBag from /home/airflow/.local/lib/python3.6/site-packages/airflow/example_dags/example_xcom.py
[2022-06-04 22:29:26,558] {scheduler_job.py:639} INFO - DAG(s) dict_keys(['example_xcom']) retrieved from /home/airflow/.local/lib/python3.6/site-packages/airflow/example_dags/example_xcom.py
[2022-06-04 22:29:26,723] {logging_mixin.py:104} INFO - [2022-06-04 22:29:26,723] {dag.py:1818} INFO - Sync 1 DAGs
[2022-06-04 22:29:26,836] {logging_mixin.py:104} INFO - [2022-06-04 22:29:26,836] {dag.py:2273} INFO - Setting next_dagrun for example_xcom to 2022-06-02 00:00:00+00:00
[2022-06-04 22:29:26,924] {scheduler_job.py:190} INFO - Processing /home/airflow/.local/lib/python3.6/site-packages/airflow/example_dags/example_xcom.py took 0.642 seconds
[2022-06-04 22:29:57,429] {scheduler_job.py:182} INFO - Started process (PID=114) to work on /home/airflow/.local/lib/python3.6/site-packages/airflow/example_dags/example_xcom.py
[2022-06-04 22:29:57,442] {scheduler_job.py:629} INFO - Processing file /home/airflow/.local/lib/python3.6/site-packages/airflow/example_dags/example_xcom.py for tasks to queue
[2022-06-04 22:29:57,458] {logging_mixin.py:104} INFO - [2022-06-04 22:29:57,458] {dagbag.py:448} INFO - Filling up the DagBag from /home/airflow/.local/lib/python3.6/site-packages/airflow/example_dags/example_xcom.py
[2022-06-04 22:29:57,659] {scheduler_job.py:639} INFO - DAG(s) dict_keys(['example_xcom']) retrieved from /home/airflow/.local/lib/python3.6/site-packages/airflow/example_dags/example_xcom.py
[2022-06-04 22:29:57,914] {logging_mixin.py:104} INFO - [2022-06-04 22:29:57,913] {dag.py:1818} INFO - Sync 1 DAGs
[2022-06-04 22:29:58,071] {logging_mixin.py:104} INFO - [2022-06-04 22:29:58,071] {dag.py:2273} INFO - Setting next_dagrun for example_xcom to 2022-06-02 00:00:00+00:00
[2022-06-04 22:29:58,101] {scheduler_job.py:190} INFO - Processing /home/airflow/.local/lib/python3.6/site-packages/airflow/example_dags/example_xcom.py took 0.735 seconds
[2022-06-04 22:30:28,489] {scheduler_job.py:182} INFO - Started process (PID=140) to work on /home/airflow/.local/lib/python3.6/site-packages/airflow/example_dags/example_xcom.py
[2022-06-04 22:30:28,530] {scheduler_job.py:629} INFO - Processing file /home/airflow/.local/lib/python3.6/site-packages/airflow/example_dags/example_xcom.py for tasks to queue
[2022-06-04 22:30:28,542] {logging_mixin.py:104} INFO - [2022-06-04 22:30:28,539] {dagbag.py:448} INFO - Filling up the DagBag from /home/airflow/.local/lib/python3.6/site-packages/airflow/example_dags/example_xcom.py
[2022-06-04 22:30:28,706] {scheduler_job.py:639} INFO - DAG(s) dict_keys(['example_xcom']) retrieved from /home/airflow/.local/lib/python3.6/site-packages/airflow/example_dags/example_xcom.py
[2022-06-04 22:30:28,823] {logging_mixin.py:104} INFO - [2022-06-04 22:30:28,823] {dag.py:1818} INFO - Sync 1 DAGs
[2022-06-04 22:30:29,128] {logging_mixin.py:104} INFO - [2022-06-04 22:30:29,116] {dag.py:2273} INFO - Setting next_dagrun for example_xcom to 2022-06-02 00:00:00+00:00
[2022-06-04 22:30:29,286] {scheduler_job.py:190} INFO - Processing /home/airflow/.local/lib/python3.6/site-packages/airflow/example_dags/example_xcom.py took 0.853 seconds
[2022-06-04 22:30:59,422] {scheduler_job.py:182} INFO - Started process (PID=166) to work on /home/airflow/.local/lib/python3.6/site-packages/airflow/example_dags/example_xcom.py
[2022-06-04 22:30:59,437] {scheduler_job.py:629} INFO - Processing file /home/airflow/.local/lib/python3.6/site-packages/airflow/example_dags/example_xcom.py for tasks to queue
[2022-06-04 22:30:59,442] {logging_mixin.py:104} INFO - [2022-06-04 22:30:59,441] {dagbag.py:448} INFO - Filling up the DagBag from /home/airflow/.local/lib/python3.6/site-packages/airflow/example_dags/example_xcom.py
[2022-06-04 22:30:59,493] {scheduler_job.py:639} INFO - DAG(s) dict_keys(['example_xcom']) retrieved from /home/airflow/.local/lib/python3.6/site-packages/airflow/example_dags/example_xcom.py
[2022-06-04 22:30:59,634] {logging_mixin.py:104} INFO - [2022-06-04 22:30:59,634] {dag.py:1818} INFO - Sync 1 DAGs
[2022-06-04 22:30:59,691] {logging_mixin.py:104} INFO - [2022-06-04 22:30:59,690] {dag.py:2273} INFO - Setting next_dagrun for example_xcom to 2022-06-02 00:00:00+00:00
[2022-06-04 22:30:59,733] {scheduler_job.py:190} INFO - Processing /home/airflow/.local/lib/python3.6/site-packages/airflow/example_dags/example_xcom.py took 0.326 seconds
[2022-06-04 22:31:29,914] {scheduler_job.py:182} INFO - Started process (PID=192) to work on /home/airflow/.local/lib/python3.6/site-packages/airflow/example_dags/example_xcom.py
[2022-06-04 22:31:29,929] {scheduler_job.py:629} INFO - Processing file /home/airflow/.local/lib/python3.6/site-packages/airflow/example_dags/example_xcom.py for tasks to queue
[2022-06-04 22:31:29,932] {logging_mixin.py:104} INFO - [2022-06-04 22:31:29,931] {dagbag.py:448} INFO - Filling up the DagBag from /home/airflow/.local/lib/python3.6/site-packages/airflow/example_dags/example_xcom.py
[2022-06-04 22:31:29,971] {scheduler_job.py:639} INFO - DAG(s) dict_keys(['example_xcom']) retrieved from /home/airflow/.local/lib/python3.6/site-packages/airflow/example_dags/example_xcom.py
[2022-06-04 22:31:30,036] {logging_mixin.py:104} INFO - [2022-06-04 22:31:30,028] {dag.py:1818} INFO - Sync 1 DAGs
[2022-06-04 22:31:30,089] {logging_mixin.py:104} INFO - [2022-06-04 22:31:30,088] {dag.py:2273} INFO - Setting next_dagrun for example_xcom to 2022-06-02 00:00:00+00:00
[2022-06-04 22:31:30,150] {scheduler_job.py:190} INFO - Processing /home/airflow/.local/lib/python3.6/site-packages/airflow/example_dags/example_xcom.py took 0.250 seconds
[2022-06-04 22:32:00,196] {scheduler_job.py:182} INFO - Started process (PID=218) to work on /home/airflow/.local/lib/python3.6/site-packages/airflow/example_dags/example_xcom.py
[2022-06-04 22:32:00,205] {scheduler_job.py:629} INFO - Processing file /home/airflow/.local/lib/python3.6/site-packages/airflow/example_dags/example_xcom.py for tasks to queue
[2022-06-04 22:32:00,207] {logging_mixin.py:104} INFO - [2022-06-04 22:32:00,207] {dagbag.py:448} INFO - Filling up the DagBag from /home/airflow/.local/lib/python3.6/site-packages/airflow/example_dags/example_xcom.py
[2022-06-04 22:32:00,225] {scheduler_job.py:639} INFO - DAG(s) dict_keys(['example_xcom']) retrieved from /home/airflow/.local/lib/python3.6/site-packages/airflow/example_dags/example_xcom.py
[2022-06-04 22:32:00,272] {logging_mixin.py:104} INFO - [2022-06-04 22:32:00,272] {dag.py:1818} INFO - Sync 1 DAGs
[2022-06-04 22:32:00,294] {logging_mixin.py:104} INFO - [2022-06-04 22:32:00,294] {dag.py:2273} INFO - Setting next_dagrun for example_xcom to 2022-06-02 00:00:00+00:00
[2022-06-04 22:32:00,329] {scheduler_job.py:190} INFO - Processing /home/airflow/.local/lib/python3.6/site-packages/airflow/example_dags/example_xcom.py took 0.139 seconds
[2022-06-04 22:32:31,281] {scheduler_job.py:182} INFO - Started process (PID=244) to work on /home/airflow/.local/lib/python3.6/site-packages/airflow/example_dags/example_xcom.py
[2022-06-04 22:32:31,286] {scheduler_job.py:629} INFO - Processing file /home/airflow/.local/lib/python3.6/site-packages/airflow/example_dags/example_xcom.py for tasks to queue
[2022-06-04 22:32:31,291] {logging_mixin.py:104} INFO - [2022-06-04 22:32:31,291] {dagbag.py:448} INFO - Filling up the DagBag from /home/airflow/.local/lib/python3.6/site-packages/airflow/example_dags/example_xcom.py
[2022-06-04 22:32:31,369] {scheduler_job.py:639} INFO - DAG(s) dict_keys(['example_xcom']) retrieved from /home/airflow/.local/lib/python3.6/site-packages/airflow/example_dags/example_xcom.py
[2022-06-04 22:32:31,577] {logging_mixin.py:104} INFO - [2022-06-04 22:32:31,577] {dag.py:1818} INFO - Sync 1 DAGs
[2022-06-04 22:32:31,840] {logging_mixin.py:104} INFO - [2022-06-04 22:32:31,840] {dag.py:2273} INFO - Setting next_dagrun for example_xcom to 2022-06-02 00:00:00+00:00
[2022-06-04 22:32:31,878] {scheduler_job.py:190} INFO - Processing /home/airflow/.local/lib/python3.6/site-packages/airflow/example_dags/example_xcom.py took 0.645 seconds
[2022-06-04 22:33:02,674] {scheduler_job.py:182} INFO - Started process (PID=270) to work on /home/airflow/.local/lib/python3.6/site-packages/airflow/example_dags/example_xcom.py
[2022-06-04 22:33:02,678] {scheduler_job.py:629} INFO - Processing file /home/airflow/.local/lib/python3.6/site-packages/airflow/example_dags/example_xcom.py for tasks to queue
[2022-06-04 22:33:02,681] {logging_mixin.py:104} INFO - [2022-06-04 22:33:02,680] {dagbag.py:448} INFO - Filling up the DagBag from /home/airflow/.local/lib/python3.6/site-packages/airflow/example_dags/example_xcom.py
[2022-06-04 22:33:02,707] {scheduler_job.py:639} INFO - DAG(s) dict_keys(['example_xcom']) retrieved from /home/airflow/.local/lib/python3.6/site-packages/airflow/example_dags/example_xcom.py
[2022-06-04 22:33:02,747] {logging_mixin.py:104} INFO - [2022-06-04 22:33:02,747] {dag.py:1818} INFO - Sync 1 DAGs
[2022-06-04 22:33:02,775] {logging_mixin.py:104} INFO - [2022-06-04 22:33:02,775] {dag.py:2273} INFO - Setting next_dagrun for example_xcom to 2022-06-02 00:00:00+00:00
[2022-06-04 22:33:02,798] {scheduler_job.py:190} INFO - Processing /home/airflow/.local/lib/python3.6/site-packages/airflow/example_dags/example_xcom.py took 0.133 seconds
[2022-06-04 22:33:33,193] {scheduler_job.py:182} INFO - Started process (PID=296) to work on /home/airflow/.local/lib/python3.6/site-packages/airflow/example_dags/example_xcom.py
[2022-06-04 22:33:33,200] {scheduler_job.py:629} INFO - Processing file /home/airflow/.local/lib/python3.6/site-packages/airflow/example_dags/example_xcom.py for tasks to queue
[2022-06-04 22:33:33,220] {logging_mixin.py:104} INFO - [2022-06-04 22:33:33,220] {dagbag.py:448} INFO - Filling up the DagBag from /home/airflow/.local/lib/python3.6/site-packages/airflow/example_dags/example_xcom.py
[2022-06-04 22:33:33,267] {scheduler_job.py:639} INFO - DAG(s) dict_keys(['example_xcom']) retrieved from /home/airflow/.local/lib/python3.6/site-packages/airflow/example_dags/example_xcom.py
[2022-06-04 22:33:33,301] {logging_mixin.py:104} INFO - [2022-06-04 22:33:33,301] {dag.py:1818} INFO - Sync 1 DAGs
[2022-06-04 22:33:33,336] {logging_mixin.py:104} INFO - [2022-06-04 22:33:33,336] {dag.py:2273} INFO - Setting next_dagrun for example_xcom to 2022-06-02 00:00:00+00:00
[2022-06-04 22:33:33,364] {scheduler_job.py:190} INFO - Processing /home/airflow/.local/lib/python3.6/site-packages/airflow/example_dags/example_xcom.py took 0.231 seconds
[2022-06-04 22:34:03,468] {scheduler_job.py:182} INFO - Started process (PID=322) to work on /home/airflow/.local/lib/python3.6/site-packages/airflow/example_dags/example_xcom.py
[2022-06-04 22:34:03,471] {scheduler_job.py:629} INFO - Processing file /home/airflow/.local/lib/python3.6/site-packages/airflow/example_dags/example_xcom.py for tasks to queue
[2022-06-04 22:34:03,472] {logging_mixin.py:104} INFO - [2022-06-04 22:34:03,472] {dagbag.py:448} INFO - Filling up the DagBag from /home/airflow/.local/lib/python3.6/site-packages/airflow/example_dags/example_xcom.py
[2022-06-04 22:34:03,489] {scheduler_job.py:639} INFO - DAG(s) dict_keys(['example_xcom']) retrieved from /home/airflow/.local/lib/python3.6/site-packages/airflow/example_dags/example_xcom.py
[2022-06-04 22:34:03,530] {logging_mixin.py:104} INFO - [2022-06-04 22:34:03,530] {dag.py:1818} INFO - Sync 1 DAGs
[2022-06-04 22:34:03,569] {logging_mixin.py:104} INFO - [2022-06-04 22:34:03,568] {dag.py:2273} INFO - Setting next_dagrun for example_xcom to 2022-06-02 00:00:00+00:00
[2022-06-04 22:34:03,611] {scheduler_job.py:190} INFO - Processing /home/airflow/.local/lib/python3.6/site-packages/airflow/example_dags/example_xcom.py took 0.147 seconds
[2022-06-04 22:34:34,642] {scheduler_job.py:182} INFO - Started process (PID=348) to work on /home/airflow/.local/lib/python3.6/site-packages/airflow/example_dags/example_xcom.py
[2022-06-04 22:34:34,646] {scheduler_job.py:629} INFO - Processing file /home/airflow/.local/lib/python3.6/site-packages/airflow/example_dags/example_xcom.py for tasks to queue
[2022-06-04 22:34:34,649] {logging_mixin.py:104} INFO - [2022-06-04 22:34:34,649] {dagbag.py:448} INFO - Filling up the DagBag from /home/airflow/.local/lib/python3.6/site-packages/airflow/example_dags/example_xcom.py
[2022-06-04 22:34:34,789] {scheduler_job.py:639} INFO - DAG(s) dict_keys(['example_xcom']) retrieved from /home/airflow/.local/lib/python3.6/site-packages/airflow/example_dags/example_xcom.py
[2022-06-04 22:34:34,846] {logging_mixin.py:104} INFO - [2022-06-04 22:34:34,846] {dag.py:1818} INFO - Sync 1 DAGs
[2022-06-04 22:34:34,898] {logging_mixin.py:104} INFO - [2022-06-04 22:34:34,898] {dag.py:2273} INFO - Setting next_dagrun for example_xcom to 2022-06-02 00:00:00+00:00
[2022-06-04 22:34:34,931] {scheduler_job.py:190} INFO - Processing /home/airflow/.local/lib/python3.6/site-packages/airflow/example_dags/example_xcom.py took 0.385 seconds
[2022-06-04 22:35:06,645] {scheduler_job.py:182} INFO - Started process (PID=373) to work on /home/airflow/.local/lib/python3.6/site-packages/airflow/example_dags/example_xcom.py
[2022-06-04 22:35:06,661] {scheduler_job.py:629} INFO - Processing file /home/airflow/.local/lib/python3.6/site-packages/airflow/example_dags/example_xcom.py for tasks to queue
[2022-06-04 22:35:06,683] {logging_mixin.py:104} INFO - [2022-06-04 22:35:06,683] {dagbag.py:448} INFO - Filling up the DagBag from /home/airflow/.local/lib/python3.6/site-packages/airflow/example_dags/example_xcom.py
[2022-06-04 22:35:07,548] {scheduler_job.py:639} INFO - DAG(s) dict_keys(['example_xcom']) retrieved from /home/airflow/.local/lib/python3.6/site-packages/airflow/example_dags/example_xcom.py
[2022-06-04 22:35:08,005] {logging_mixin.py:104} INFO - [2022-06-04 22:35:08,005] {dag.py:1818} INFO - Sync 1 DAGs
[2022-06-04 22:35:08,079] {logging_mixin.py:104} INFO - [2022-06-04 22:35:08,079] {dag.py:2273} INFO - Setting next_dagrun for example_xcom to 2022-06-02 00:00:00+00:00
[2022-06-04 22:35:08,109] {scheduler_job.py:190} INFO - Processing /home/airflow/.local/lib/python3.6/site-packages/airflow/example_dags/example_xcom.py took 1.756 seconds
[2022-06-04 22:35:38,461] {scheduler_job.py:182} INFO - Started process (PID=400) to work on /home/airflow/.local/lib/python3.6/site-packages/airflow/example_dags/example_xcom.py
[2022-06-04 22:35:38,482] {scheduler_job.py:629} INFO - Processing file /home/airflow/.local/lib/python3.6/site-packages/airflow/example_dags/example_xcom.py for tasks to queue
[2022-06-04 22:35:38,485] {logging_mixin.py:104} INFO - [2022-06-04 22:35:38,485] {dagbag.py:448} INFO - Filling up the DagBag from /home/airflow/.local/lib/python3.6/site-packages/airflow/example_dags/example_xcom.py
[2022-06-04 22:35:38,541] {scheduler_job.py:639} INFO - DAG(s) dict_keys(['example_xcom']) retrieved from /home/airflow/.local/lib/python3.6/site-packages/airflow/example_dags/example_xcom.py
[2022-06-04 22:35:38,844] {logging_mixin.py:104} INFO - [2022-06-04 22:35:38,826] {dag.py:1818} INFO - Sync 1 DAGs
[2022-06-04 22:35:39,062] {logging_mixin.py:104} INFO - [2022-06-04 22:35:39,058] {dag.py:2273} INFO - Setting next_dagrun for example_xcom to 2022-06-02 00:00:00+00:00
[2022-06-04 22:35:39,093] {scheduler_job.py:190} INFO - Processing /home/airflow/.local/lib/python3.6/site-packages/airflow/example_dags/example_xcom.py took 0.697 seconds
[2022-06-04 22:36:09,467] {scheduler_job.py:182} INFO - Started process (PID=426) to work on /home/airflow/.local/lib/python3.6/site-packages/airflow/example_dags/example_xcom.py
[2022-06-04 22:36:09,492] {scheduler_job.py:629} INFO - Processing file /home/airflow/.local/lib/python3.6/site-packages/airflow/example_dags/example_xcom.py for tasks to queue
[2022-06-04 22:36:09,497] {logging_mixin.py:104} INFO - [2022-06-04 22:36:09,497] {dagbag.py:448} INFO - Filling up the DagBag from /home/airflow/.local/lib/python3.6/site-packages/airflow/example_dags/example_xcom.py
[2022-06-04 22:36:09,589] {scheduler_job.py:639} INFO - DAG(s) dict_keys(['example_xcom']) retrieved from /home/airflow/.local/lib/python3.6/site-packages/airflow/example_dags/example_xcom.py
[2022-06-04 22:36:09,753] {logging_mixin.py:104} INFO - [2022-06-04 22:36:09,752] {dag.py:1818} INFO - Sync 1 DAGs
[2022-06-04 22:36:10,100] {logging_mixin.py:104} INFO - [2022-06-04 22:36:10,100] {dag.py:2273} INFO - Setting next_dagrun for example_xcom to 2022-06-02 00:00:00+00:00
[2022-06-04 22:36:10,181] {scheduler_job.py:190} INFO - Processing /home/airflow/.local/lib/python3.6/site-packages/airflow/example_dags/example_xcom.py took 0.723 seconds
[2022-06-04 22:36:46,123] {scheduler_job.py:182} INFO - Started process (PID=451) to work on /home/airflow/.local/lib/python3.6/site-packages/airflow/example_dags/example_xcom.py
[2022-06-04 22:36:46,126] {scheduler_job.py:629} INFO - Processing file /home/airflow/.local/lib/python3.6/site-packages/airflow/example_dags/example_xcom.py for tasks to queue
[2022-06-04 22:36:46,130] {logging_mixin.py:104} INFO - [2022-06-04 22:36:46,129] {dagbag.py:448} INFO - Filling up the DagBag from /home/airflow/.local/lib/python3.6/site-packages/airflow/example_dags/example_xcom.py
[2022-06-04 22:36:46,205] {scheduler_job.py:639} INFO - DAG(s) dict_keys(['example_xcom']) retrieved from /home/airflow/.local/lib/python3.6/site-packages/airflow/example_dags/example_xcom.py
[2022-06-04 22:36:46,322] {logging_mixin.py:104} INFO - [2022-06-04 22:36:46,321] {dag.py:1818} INFO - Sync 1 DAGs
[2022-06-04 22:36:46,409] {logging_mixin.py:104} INFO - [2022-06-04 22:36:46,409] {dag.py:2273} INFO - Setting next_dagrun for example_xcom to 2022-06-02 00:00:00+00:00
[2022-06-04 22:36:46,475] {scheduler_job.py:190} INFO - Processing /home/airflow/.local/lib/python3.6/site-packages/airflow/example_dags/example_xcom.py took 0.364 seconds
[2022-06-04 22:37:17,086] {scheduler_job.py:182} INFO - Started process (PID=477) to work on /home/airflow/.local/lib/python3.6/site-packages/airflow/example_dags/example_xcom.py
[2022-06-04 22:37:17,089] {scheduler_job.py:629} INFO - Processing file /home/airflow/.local/lib/python3.6/site-packages/airflow/example_dags/example_xcom.py for tasks to queue
[2022-06-04 22:37:17,099] {logging_mixin.py:104} INFO - [2022-06-04 22:37:17,098] {dagbag.py:448} INFO - Filling up the DagBag from /home/airflow/.local/lib/python3.6/site-packages/airflow/example_dags/example_xcom.py
[2022-06-04 22:37:17,165] {scheduler_job.py:639} INFO - DAG(s) dict_keys(['example_xcom']) retrieved from /home/airflow/.local/lib/python3.6/site-packages/airflow/example_dags/example_xcom.py
[2022-06-04 22:37:17,220] {logging_mixin.py:104} INFO - [2022-06-04 22:37:17,220] {dag.py:1818} INFO - Sync 1 DAGs
[2022-06-04 22:37:17,259] {logging_mixin.py:104} INFO - [2022-06-04 22:37:17,259] {dag.py:2273} INFO - Setting next_dagrun for example_xcom to 2022-06-02 00:00:00+00:00
[2022-06-04 22:37:17,284] {scheduler_job.py:190} INFO - Processing /home/airflow/.local/lib/python3.6/site-packages/airflow/example_dags/example_xcom.py took 0.203 seconds
[2022-06-04 22:37:49,611] {scheduler_job.py:182} INFO - Started process (PID=502) to work on /home/airflow/.local/lib/python3.6/site-packages/airflow/example_dags/example_xcom.py
[2022-06-04 22:37:49,618] {scheduler_job.py:629} INFO - Processing file /home/airflow/.local/lib/python3.6/site-packages/airflow/example_dags/example_xcom.py for tasks to queue
[2022-06-04 22:37:49,624] {logging_mixin.py:104} INFO - [2022-06-04 22:37:49,623] {dagbag.py:448} INFO - Filling up the DagBag from /home/airflow/.local/lib/python3.6/site-packages/airflow/example_dags/example_xcom.py
[2022-06-04 22:37:49,748] {scheduler_job.py:639} INFO - DAG(s) dict_keys(['example_xcom']) retrieved from /home/airflow/.local/lib/python3.6/site-packages/airflow/example_dags/example_xcom.py
[2022-06-04 22:37:50,054] {logging_mixin.py:104} INFO - [2022-06-04 22:37:50,054] {dag.py:1818} INFO - Sync 1 DAGs
[2022-06-04 22:37:50,340] {logging_mixin.py:104} INFO - [2022-06-04 22:37:50,340] {dag.py:2273} INFO - Setting next_dagrun for example_xcom to 2022-06-02 00:00:00+00:00
[2022-06-04 22:37:50,394] {scheduler_job.py:190} INFO - Processing /home/airflow/.local/lib/python3.6/site-packages/airflow/example_dags/example_xcom.py took 0.788 seconds
[2022-06-04 22:38:21,231] {scheduler_job.py:182} INFO - Started process (PID=528) to work on /home/airflow/.local/lib/python3.6/site-packages/airflow/example_dags/example_xcom.py
[2022-06-04 22:38:21,241] {scheduler_job.py:629} INFO - Processing file /home/airflow/.local/lib/python3.6/site-packages/airflow/example_dags/example_xcom.py for tasks to queue
[2022-06-04 22:38:21,246] {logging_mixin.py:104} INFO - [2022-06-04 22:38:21,246] {dagbag.py:448} INFO - Filling up the DagBag from /home/airflow/.local/lib/python3.6/site-packages/airflow/example_dags/example_xcom.py
[2022-06-04 22:38:21,278] {scheduler_job.py:639} INFO - DAG(s) dict_keys(['example_xcom']) retrieved from /home/airflow/.local/lib/python3.6/site-packages/airflow/example_dags/example_xcom.py
[2022-06-04 22:38:21,329] {logging_mixin.py:104} INFO - [2022-06-04 22:38:21,329] {dag.py:1818} INFO - Sync 1 DAGs
[2022-06-04 22:38:21,363] {logging_mixin.py:104} INFO - [2022-06-04 22:38:21,363] {dag.py:2273} INFO - Setting next_dagrun for example_xcom to 2022-06-02 00:00:00+00:00
[2022-06-04 22:38:21,407] {scheduler_job.py:190} INFO - Processing /home/airflow/.local/lib/python3.6/site-packages/airflow/example_dags/example_xcom.py took 0.204 seconds
[2022-06-04 22:38:52,458] {scheduler_job.py:182} INFO - Started process (PID=556) to work on /home/airflow/.local/lib/python3.6/site-packages/airflow/example_dags/example_xcom.py
[2022-06-04 22:38:52,466] {scheduler_job.py:629} INFO - Processing file /home/airflow/.local/lib/python3.6/site-packages/airflow/example_dags/example_xcom.py for tasks to queue
[2022-06-04 22:38:52,471] {logging_mixin.py:104} INFO - [2022-06-04 22:38:52,470] {dagbag.py:448} INFO - Filling up the DagBag from /home/airflow/.local/lib/python3.6/site-packages/airflow/example_dags/example_xcom.py
[2022-06-04 22:38:52,502] {scheduler_job.py:639} INFO - DAG(s) dict_keys(['example_xcom']) retrieved from /home/airflow/.local/lib/python3.6/site-packages/airflow/example_dags/example_xcom.py
[2022-06-04 22:38:52,535] {logging_mixin.py:104} INFO - [2022-06-04 22:38:52,535] {dag.py:1818} INFO - Sync 1 DAGs
[2022-06-04 22:38:52,581] {logging_mixin.py:104} INFO - [2022-06-04 22:38:52,581] {dag.py:2273} INFO - Setting next_dagrun for example_xcom to 2022-06-02 00:00:00+00:00
[2022-06-04 22:38:52,644] {scheduler_job.py:190} INFO - Processing /home/airflow/.local/lib/python3.6/site-packages/airflow/example_dags/example_xcom.py took 0.197 seconds
[2022-06-04 22:39:23,265] {scheduler_job.py:182} INFO - Started process (PID=582) to work on /home/airflow/.local/lib/python3.6/site-packages/airflow/example_dags/example_xcom.py
[2022-06-04 22:39:23,278] {scheduler_job.py:629} INFO - Processing file /home/airflow/.local/lib/python3.6/site-packages/airflow/example_dags/example_xcom.py for tasks to queue
[2022-06-04 22:39:23,281] {logging_mixin.py:104} INFO - [2022-06-04 22:39:23,281] {dagbag.py:448} INFO - Filling up the DagBag from /home/airflow/.local/lib/python3.6/site-packages/airflow/example_dags/example_xcom.py
[2022-06-04 22:39:23,318] {scheduler_job.py:639} INFO - DAG(s) dict_keys(['example_xcom']) retrieved from /home/airflow/.local/lib/python3.6/site-packages/airflow/example_dags/example_xcom.py
[2022-06-04 22:39:23,375] {logging_mixin.py:104} INFO - [2022-06-04 22:39:23,374] {dag.py:1818} INFO - Sync 1 DAGs
[2022-06-04 22:39:23,447] {logging_mixin.py:104} INFO - [2022-06-04 22:39:23,447] {dag.py:2273} INFO - Setting next_dagrun for example_xcom to 2022-06-02 00:00:00+00:00
[2022-06-04 22:39:23,469] {scheduler_job.py:190} INFO - Processing /home/airflow/.local/lib/python3.6/site-packages/airflow/example_dags/example_xcom.py took 0.215 seconds
[2022-06-04 22:39:54,185] {scheduler_job.py:182} INFO - Started process (PID=608) to work on /home/airflow/.local/lib/python3.6/site-packages/airflow/example_dags/example_xcom.py
[2022-06-04 22:39:54,192] {scheduler_job.py:629} INFO - Processing file /home/airflow/.local/lib/python3.6/site-packages/airflow/example_dags/example_xcom.py for tasks to queue
[2022-06-04 22:39:54,196] {logging_mixin.py:104} INFO - [2022-06-04 22:39:54,196] {dagbag.py:448} INFO - Filling up the DagBag from /home/airflow/.local/lib/python3.6/site-packages/airflow/example_dags/example_xcom.py
[2022-06-04 22:39:54,223] {scheduler_job.py:639} INFO - DAG(s) dict_keys(['example_xcom']) retrieved from /home/airflow/.local/lib/python3.6/site-packages/airflow/example_dags/example_xcom.py
[2022-06-04 22:39:54,268] {logging_mixin.py:104} INFO - [2022-06-04 22:39:54,267] {dag.py:1818} INFO - Sync 1 DAGs
[2022-06-04 22:39:54,296] {logging_mixin.py:104} INFO - [2022-06-04 22:39:54,296] {dag.py:2273} INFO - Setting next_dagrun for example_xcom to 2022-06-02 00:00:00+00:00
[2022-06-04 22:39:54,319] {scheduler_job.py:190} INFO - Processing /home/airflow/.local/lib/python3.6/site-packages/airflow/example_dags/example_xcom.py took 0.138 seconds
[2022-06-04 22:40:24,775] {scheduler_job.py:182} INFO - Started process (PID=634) to work on /home/airflow/.local/lib/python3.6/site-packages/airflow/example_dags/example_xcom.py
[2022-06-04 22:40:24,799] {scheduler_job.py:629} INFO - Processing file /home/airflow/.local/lib/python3.6/site-packages/airflow/example_dags/example_xcom.py for tasks to queue
[2022-06-04 22:40:24,808] {logging_mixin.py:104} INFO - [2022-06-04 22:40:24,807] {dagbag.py:448} INFO - Filling up the DagBag from /home/airflow/.local/lib/python3.6/site-packages/airflow/example_dags/example_xcom.py
[2022-06-04 22:40:24,858] {scheduler_job.py:639} INFO - DAG(s) dict_keys(['example_xcom']) retrieved from /home/airflow/.local/lib/python3.6/site-packages/airflow/example_dags/example_xcom.py
[2022-06-04 22:40:24,979] {logging_mixin.py:104} INFO - [2022-06-04 22:40:24,979] {dag.py:1818} INFO - Sync 1 DAGs
[2022-06-04 22:40:25,010] {logging_mixin.py:104} INFO - [2022-06-04 22:40:25,010] {dag.py:2273} INFO - Setting next_dagrun for example_xcom to 2022-06-02 00:00:00+00:00
[2022-06-04 22:40:25,035] {scheduler_job.py:190} INFO - Processing /home/airflow/.local/lib/python3.6/site-packages/airflow/example_dags/example_xcom.py took 0.304 seconds
[2022-06-04 22:40:55,123] {scheduler_job.py:182} INFO - Started process (PID=660) to work on /home/airflow/.local/lib/python3.6/site-packages/airflow/example_dags/example_xcom.py
[2022-06-04 22:40:55,128] {scheduler_job.py:629} INFO - Processing file /home/airflow/.local/lib/python3.6/site-packages/airflow/example_dags/example_xcom.py for tasks to queue
[2022-06-04 22:40:55,131] {logging_mixin.py:104} INFO - [2022-06-04 22:40:55,131] {dagbag.py:448} INFO - Filling up the DagBag from /home/airflow/.local/lib/python3.6/site-packages/airflow/example_dags/example_xcom.py
[2022-06-04 22:40:55,157] {scheduler_job.py:639} INFO - DAG(s) dict_keys(['example_xcom']) retrieved from /home/airflow/.local/lib/python3.6/site-packages/airflow/example_dags/example_xcom.py
[2022-06-04 22:40:55,192] {logging_mixin.py:104} INFO - [2022-06-04 22:40:55,192] {dag.py:1818} INFO - Sync 1 DAGs
[2022-06-04 22:40:55,213] {logging_mixin.py:104} INFO - [2022-06-04 22:40:55,213] {dag.py:2273} INFO - Setting next_dagrun for example_xcom to 2022-06-02 00:00:00+00:00
[2022-06-04 22:40:55,235] {scheduler_job.py:190} INFO - Processing /home/airflow/.local/lib/python3.6/site-packages/airflow/example_dags/example_xcom.py took 0.117 seconds
[2022-06-04 22:41:25,398] {scheduler_job.py:182} INFO - Started process (PID=686) to work on /home/airflow/.local/lib/python3.6/site-packages/airflow/example_dags/example_xcom.py
[2022-06-04 22:41:25,406] {scheduler_job.py:629} INFO - Processing file /home/airflow/.local/lib/python3.6/site-packages/airflow/example_dags/example_xcom.py for tasks to queue
[2022-06-04 22:41:25,410] {logging_mixin.py:104} INFO - [2022-06-04 22:41:25,410] {dagbag.py:448} INFO - Filling up the DagBag from /home/airflow/.local/lib/python3.6/site-packages/airflow/example_dags/example_xcom.py
[2022-06-04 22:41:25,431] {scheduler_job.py:639} INFO - DAG(s) dict_keys(['example_xcom']) retrieved from /home/airflow/.local/lib/python3.6/site-packages/airflow/example_dags/example_xcom.py
[2022-06-04 22:41:25,461] {logging_mixin.py:104} INFO - [2022-06-04 22:41:25,461] {dag.py:1818} INFO - Sync 1 DAGs
[2022-06-04 22:41:25,486] {logging_mixin.py:104} INFO - [2022-06-04 22:41:25,485] {dag.py:2273} INFO - Setting next_dagrun for example_xcom to 2022-06-02 00:00:00+00:00
[2022-06-04 22:41:25,500] {scheduler_job.py:190} INFO - Processing /home/airflow/.local/lib/python3.6/site-packages/airflow/example_dags/example_xcom.py took 0.109 seconds
[2022-06-04 22:41:55,870] {scheduler_job.py:182} INFO - Started process (PID=712) to work on /home/airflow/.local/lib/python3.6/site-packages/airflow/example_dags/example_xcom.py
[2022-06-04 22:41:55,874] {scheduler_job.py:629} INFO - Processing file /home/airflow/.local/lib/python3.6/site-packages/airflow/example_dags/example_xcom.py for tasks to queue
[2022-06-04 22:41:55,882] {logging_mixin.py:104} INFO - [2022-06-04 22:41:55,881] {dagbag.py:448} INFO - Filling up the DagBag from /home/airflow/.local/lib/python3.6/site-packages/airflow/example_dags/example_xcom.py
[2022-06-04 22:41:55,911] {scheduler_job.py:639} INFO - DAG(s) dict_keys(['example_xcom']) retrieved from /home/airflow/.local/lib/python3.6/site-packages/airflow/example_dags/example_xcom.py
[2022-06-04 22:41:55,988] {logging_mixin.py:104} INFO - [2022-06-04 22:41:55,988] {dag.py:1818} INFO - Sync 1 DAGs
[2022-06-04 22:41:56,025] {logging_mixin.py:104} INFO - [2022-06-04 22:41:56,024] {dag.py:2273} INFO - Setting next_dagrun for example_xcom to 2022-06-02 00:00:00+00:00
[2022-06-04 22:41:56,050] {scheduler_job.py:190} INFO - Processing /home/airflow/.local/lib/python3.6/site-packages/airflow/example_dags/example_xcom.py took 0.184 seconds
[2022-06-04 22:42:27,048] {scheduler_job.py:182} INFO - Started process (PID=738) to work on /home/airflow/.local/lib/python3.6/site-packages/airflow/example_dags/example_xcom.py
[2022-06-04 22:42:27,061] {scheduler_job.py:629} INFO - Processing file /home/airflow/.local/lib/python3.6/site-packages/airflow/example_dags/example_xcom.py for tasks to queue
[2022-06-04 22:42:27,064] {logging_mixin.py:104} INFO - [2022-06-04 22:42:27,064] {dagbag.py:448} INFO - Filling up the DagBag from /home/airflow/.local/lib/python3.6/site-packages/airflow/example_dags/example_xcom.py
[2022-06-04 22:42:27,167] {scheduler_job.py:639} INFO - DAG(s) dict_keys(['example_xcom']) retrieved from /home/airflow/.local/lib/python3.6/site-packages/airflow/example_dags/example_xcom.py
[2022-06-04 22:42:27,245] {logging_mixin.py:104} INFO - [2022-06-04 22:42:27,242] {dag.py:1818} INFO - Sync 1 DAGs
[2022-06-04 22:42:27,395] {logging_mixin.py:104} INFO - [2022-06-04 22:42:27,394] {dag.py:2273} INFO - Setting next_dagrun for example_xcom to 2022-06-02 00:00:00+00:00
[2022-06-04 22:42:27,652] {scheduler_job.py:190} INFO - Processing /home/airflow/.local/lib/python3.6/site-packages/airflow/example_dags/example_xcom.py took 0.634 seconds
[2022-06-04 22:42:58,191] {scheduler_job.py:182} INFO - Started process (PID=764) to work on /home/airflow/.local/lib/python3.6/site-packages/airflow/example_dags/example_xcom.py
[2022-06-04 22:42:58,196] {scheduler_job.py:629} INFO - Processing file /home/airflow/.local/lib/python3.6/site-packages/airflow/example_dags/example_xcom.py for tasks to queue
[2022-06-04 22:42:58,200] {logging_mixin.py:104} INFO - [2022-06-04 22:42:58,200] {dagbag.py:448} INFO - Filling up the DagBag from /home/airflow/.local/lib/python3.6/site-packages/airflow/example_dags/example_xcom.py
[2022-06-04 22:42:58,240] {scheduler_job.py:639} INFO - DAG(s) dict_keys(['example_xcom']) retrieved from /home/airflow/.local/lib/python3.6/site-packages/airflow/example_dags/example_xcom.py
[2022-06-04 22:42:58,366] {logging_mixin.py:104} INFO - [2022-06-04 22:42:58,362] {dag.py:1818} INFO - Sync 1 DAGs
[2022-06-04 22:42:58,457] {logging_mixin.py:104} INFO - [2022-06-04 22:42:58,457] {dag.py:2273} INFO - Setting next_dagrun for example_xcom to 2022-06-02 00:00:00+00:00
[2022-06-04 22:42:58,491] {scheduler_job.py:190} INFO - Processing /home/airflow/.local/lib/python3.6/site-packages/airflow/example_dags/example_xcom.py took 0.324 seconds
[2022-06-04 22:43:29,667] {scheduler_job.py:182} INFO - Started process (PID=790) to work on /home/airflow/.local/lib/python3.6/site-packages/airflow/example_dags/example_xcom.py
[2022-06-04 22:43:29,673] {scheduler_job.py:629} INFO - Processing file /home/airflow/.local/lib/python3.6/site-packages/airflow/example_dags/example_xcom.py for tasks to queue
[2022-06-04 22:43:29,676] {logging_mixin.py:104} INFO - [2022-06-04 22:43:29,676] {dagbag.py:448} INFO - Filling up the DagBag from /home/airflow/.local/lib/python3.6/site-packages/airflow/example_dags/example_xcom.py
[2022-06-04 22:43:29,722] {scheduler_job.py:639} INFO - DAG(s) dict_keys(['example_xcom']) retrieved from /home/airflow/.local/lib/python3.6/site-packages/airflow/example_dags/example_xcom.py
[2022-06-04 22:43:29,769] {logging_mixin.py:104} INFO - [2022-06-04 22:43:29,769] {dag.py:1818} INFO - Sync 1 DAGs
[2022-06-04 22:43:29,794] {logging_mixin.py:104} INFO - [2022-06-04 22:43:29,793] {dag.py:2273} INFO - Setting next_dagrun for example_xcom to 2022-06-02 00:00:00+00:00
[2022-06-04 22:43:29,811] {scheduler_job.py:190} INFO - Processing /home/airflow/.local/lib/python3.6/site-packages/airflow/example_dags/example_xcom.py took 0.152 seconds
[2022-06-04 22:44:01,138] {scheduler_job.py:182} INFO - Started process (PID=816) to work on /home/airflow/.local/lib/python3.6/site-packages/airflow/example_dags/example_xcom.py
[2022-06-04 22:44:01,144] {scheduler_job.py:629} INFO - Processing file /home/airflow/.local/lib/python3.6/site-packages/airflow/example_dags/example_xcom.py for tasks to queue
[2022-06-04 22:44:01,149] {logging_mixin.py:104} INFO - [2022-06-04 22:44:01,149] {dagbag.py:448} INFO - Filling up the DagBag from /home/airflow/.local/lib/python3.6/site-packages/airflow/example_dags/example_xcom.py
[2022-06-04 22:44:01,183] {scheduler_job.py:639} INFO - DAG(s) dict_keys(['example_xcom']) retrieved from /home/airflow/.local/lib/python3.6/site-packages/airflow/example_dags/example_xcom.py
[2022-06-04 22:44:01,260] {logging_mixin.py:104} INFO - [2022-06-04 22:44:01,260] {dag.py:1818} INFO - Sync 1 DAGs
[2022-06-04 22:44:01,347] {logging_mixin.py:104} INFO - [2022-06-04 22:44:01,346] {dag.py:2273} INFO - Setting next_dagrun for example_xcom to 2022-06-02 00:00:00+00:00
[2022-06-04 22:44:01,403] {scheduler_job.py:190} INFO - Processing /home/airflow/.local/lib/python3.6/site-packages/airflow/example_dags/example_xcom.py took 0.286 seconds
[2022-06-04 22:44:32,448] {scheduler_job.py:182} INFO - Started process (PID=839) to work on /home/airflow/.local/lib/python3.6/site-packages/airflow/example_dags/example_xcom.py
[2022-06-04 22:44:32,460] {scheduler_job.py:629} INFO - Processing file /home/airflow/.local/lib/python3.6/site-packages/airflow/example_dags/example_xcom.py for tasks to queue
[2022-06-04 22:44:32,463] {logging_mixin.py:104} INFO - [2022-06-04 22:44:32,463] {dagbag.py:448} INFO - Filling up the DagBag from /home/airflow/.local/lib/python3.6/site-packages/airflow/example_dags/example_xcom.py
[2022-06-04 22:44:32,507] {scheduler_job.py:639} INFO - DAG(s) dict_keys(['example_xcom']) retrieved from /home/airflow/.local/lib/python3.6/site-packages/airflow/example_dags/example_xcom.py
[2022-06-04 22:44:32,550] {logging_mixin.py:104} INFO - [2022-06-04 22:44:32,550] {dag.py:1818} INFO - Sync 1 DAGs
[2022-06-04 22:44:32,581] {logging_mixin.py:104} INFO - [2022-06-04 22:44:32,581] {dag.py:2273} INFO - Setting next_dagrun for example_xcom to 2022-06-02 00:00:00+00:00
[2022-06-04 22:44:32,621] {scheduler_job.py:190} INFO - Processing /home/airflow/.local/lib/python3.6/site-packages/airflow/example_dags/example_xcom.py took 0.179 seconds
[2022-06-04 22:45:03,145] {scheduler_job.py:182} INFO - Started process (PID=864) to work on /home/airflow/.local/lib/python3.6/site-packages/airflow/example_dags/example_xcom.py
[2022-06-04 22:45:03,149] {scheduler_job.py:629} INFO - Processing file /home/airflow/.local/lib/python3.6/site-packages/airflow/example_dags/example_xcom.py for tasks to queue
[2022-06-04 22:45:03,151] {logging_mixin.py:104} INFO - [2022-06-04 22:45:03,151] {dagbag.py:448} INFO - Filling up the DagBag from /home/airflow/.local/lib/python3.6/site-packages/airflow/example_dags/example_xcom.py
[2022-06-04 22:45:03,174] {scheduler_job.py:639} INFO - DAG(s) dict_keys(['example_xcom']) retrieved from /home/airflow/.local/lib/python3.6/site-packages/airflow/example_dags/example_xcom.py
[2022-06-04 22:45:03,224] {logging_mixin.py:104} INFO - [2022-06-04 22:45:03,224] {dag.py:1818} INFO - Sync 1 DAGs
[2022-06-04 22:45:03,265] {logging_mixin.py:104} INFO - [2022-06-04 22:45:03,265] {dag.py:2273} INFO - Setting next_dagrun for example_xcom to 2022-06-02 00:00:00+00:00
[2022-06-04 22:45:03,292] {scheduler_job.py:190} INFO - Processing /home/airflow/.local/lib/python3.6/site-packages/airflow/example_dags/example_xcom.py took 0.159 seconds
[2022-06-04 22:45:34,410] {scheduler_job.py:182} INFO - Started process (PID=890) to work on /home/airflow/.local/lib/python3.6/site-packages/airflow/example_dags/example_xcom.py
[2022-06-04 22:45:34,420] {scheduler_job.py:629} INFO - Processing file /home/airflow/.local/lib/python3.6/site-packages/airflow/example_dags/example_xcom.py for tasks to queue
[2022-06-04 22:45:34,425] {logging_mixin.py:104} INFO - [2022-06-04 22:45:34,425] {dagbag.py:448} INFO - Filling up the DagBag from /home/airflow/.local/lib/python3.6/site-packages/airflow/example_dags/example_xcom.py
[2022-06-04 22:45:34,459] {scheduler_job.py:639} INFO - DAG(s) dict_keys(['example_xcom']) retrieved from /home/airflow/.local/lib/python3.6/site-packages/airflow/example_dags/example_xcom.py
[2022-06-04 22:45:34,522] {logging_mixin.py:104} INFO - [2022-06-04 22:45:34,522] {dag.py:1818} INFO - Sync 1 DAGs
[2022-06-04 22:45:34,546] {logging_mixin.py:104} INFO - [2022-06-04 22:45:34,546] {dag.py:2273} INFO - Setting next_dagrun for example_xcom to 2022-06-02 00:00:00+00:00
[2022-06-04 22:45:34,564] {scheduler_job.py:190} INFO - Processing /home/airflow/.local/lib/python3.6/site-packages/airflow/example_dags/example_xcom.py took 0.171 seconds
[2022-06-04 22:46:05,857] {scheduler_job.py:182} INFO - Started process (PID=916) to work on /home/airflow/.local/lib/python3.6/site-packages/airflow/example_dags/example_xcom.py
[2022-06-04 22:46:05,874] {scheduler_job.py:629} INFO - Processing file /home/airflow/.local/lib/python3.6/site-packages/airflow/example_dags/example_xcom.py for tasks to queue
[2022-06-04 22:46:05,881] {logging_mixin.py:104} INFO - [2022-06-04 22:46:05,878] {dagbag.py:448} INFO - Filling up the DagBag from /home/airflow/.local/lib/python3.6/site-packages/airflow/example_dags/example_xcom.py
[2022-06-04 22:46:06,040] {scheduler_job.py:639} INFO - DAG(s) dict_keys(['example_xcom']) retrieved from /home/airflow/.local/lib/python3.6/site-packages/airflow/example_dags/example_xcom.py
[2022-06-04 22:46:06,101] {logging_mixin.py:104} INFO - [2022-06-04 22:46:06,101] {dag.py:1818} INFO - Sync 1 DAGs
[2022-06-04 22:46:06,134] {logging_mixin.py:104} INFO - [2022-06-04 22:46:06,134] {dag.py:2273} INFO - Setting next_dagrun for example_xcom to 2022-06-02 00:00:00+00:00
[2022-06-04 22:46:06,156] {scheduler_job.py:190} INFO - Processing /home/airflow/.local/lib/python3.6/site-packages/airflow/example_dags/example_xcom.py took 0.323 seconds
[2022-06-04 22:46:37,476] {scheduler_job.py:182} INFO - Started process (PID=942) to work on /home/airflow/.local/lib/python3.6/site-packages/airflow/example_dags/example_xcom.py
[2022-06-04 22:46:37,496] {scheduler_job.py:629} INFO - Processing file /home/airflow/.local/lib/python3.6/site-packages/airflow/example_dags/example_xcom.py for tasks to queue
[2022-06-04 22:46:37,507] {logging_mixin.py:104} INFO - [2022-06-04 22:46:37,506] {dagbag.py:448} INFO - Filling up the DagBag from /home/airflow/.local/lib/python3.6/site-packages/airflow/example_dags/example_xcom.py
[2022-06-04 22:46:37,593] {scheduler_job.py:639} INFO - DAG(s) dict_keys(['example_xcom']) retrieved from /home/airflow/.local/lib/python3.6/site-packages/airflow/example_dags/example_xcom.py
[2022-06-04 22:46:38,444] {logging_mixin.py:104} INFO - [2022-06-04 22:46:38,444] {dag.py:1818} INFO - Sync 1 DAGs
[2022-06-04 22:46:38,874] {logging_mixin.py:104} INFO - [2022-06-04 22:46:38,873] {dag.py:2273} INFO - Setting next_dagrun for example_xcom to 2022-06-02 00:00:00+00:00
[2022-06-04 22:46:39,094] {scheduler_job.py:190} INFO - Processing /home/airflow/.local/lib/python3.6/site-packages/airflow/example_dags/example_xcom.py took 1.636 seconds
[2022-06-04 22:47:09,480] {scheduler_job.py:182} INFO - Started process (PID=969) to work on /home/airflow/.local/lib/python3.6/site-packages/airflow/example_dags/example_xcom.py
[2022-06-04 22:47:09,485] {scheduler_job.py:629} INFO - Processing file /home/airflow/.local/lib/python3.6/site-packages/airflow/example_dags/example_xcom.py for tasks to queue
[2022-06-04 22:47:09,498] {logging_mixin.py:104} INFO - [2022-06-04 22:47:09,497] {dagbag.py:448} INFO - Filling up the DagBag from /home/airflow/.local/lib/python3.6/site-packages/airflow/example_dags/example_xcom.py
[2022-06-04 22:47:09,549] {scheduler_job.py:639} INFO - DAG(s) dict_keys(['example_xcom']) retrieved from /home/airflow/.local/lib/python3.6/site-packages/airflow/example_dags/example_xcom.py
[2022-06-04 22:47:09,596] {logging_mixin.py:104} INFO - [2022-06-04 22:47:09,596] {dag.py:1818} INFO - Sync 1 DAGs
[2022-06-04 22:47:09,630] {logging_mixin.py:104} INFO - [2022-06-04 22:47:09,630] {dag.py:2273} INFO - Setting next_dagrun for example_xcom to 2022-06-02 00:00:00+00:00
[2022-06-04 22:47:09,668] {scheduler_job.py:190} INFO - Processing /home/airflow/.local/lib/python3.6/site-packages/airflow/example_dags/example_xcom.py took 0.200 seconds
[2022-06-04 22:47:41,001] {scheduler_job.py:182} INFO - Started process (PID=995) to work on /home/airflow/.local/lib/python3.6/site-packages/airflow/example_dags/example_xcom.py
[2022-06-04 22:47:41,015] {scheduler_job.py:629} INFO - Processing file /home/airflow/.local/lib/python3.6/site-packages/airflow/example_dags/example_xcom.py for tasks to queue
[2022-06-04 22:47:41,022] {logging_mixin.py:104} INFO - [2022-06-04 22:47:41,021] {dagbag.py:448} INFO - Filling up the DagBag from /home/airflow/.local/lib/python3.6/site-packages/airflow/example_dags/example_xcom.py
[2022-06-04 22:47:41,051] {scheduler_job.py:639} INFO - DAG(s) dict_keys(['example_xcom']) retrieved from /home/airflow/.local/lib/python3.6/site-packages/airflow/example_dags/example_xcom.py
[2022-06-04 22:47:41,095] {logging_mixin.py:104} INFO - [2022-06-04 22:47:41,095] {dag.py:1818} INFO - Sync 1 DAGs
[2022-06-04 22:47:41,118] {logging_mixin.py:104} INFO - [2022-06-04 22:47:41,118] {dag.py:2273} INFO - Setting next_dagrun for example_xcom to 2022-06-02 00:00:00+00:00
[2022-06-04 22:47:41,151] {scheduler_job.py:190} INFO - Processing /home/airflow/.local/lib/python3.6/site-packages/airflow/example_dags/example_xcom.py took 0.161 seconds
[2022-06-04 22:48:11,934] {scheduler_job.py:182} INFO - Started process (PID=1020) to work on /home/airflow/.local/lib/python3.6/site-packages/airflow/example_dags/example_xcom.py
[2022-06-04 22:48:11,971] {scheduler_job.py:629} INFO - Processing file /home/airflow/.local/lib/python3.6/site-packages/airflow/example_dags/example_xcom.py for tasks to queue
[2022-06-04 22:48:11,975] {logging_mixin.py:104} INFO - [2022-06-04 22:48:11,975] {dagbag.py:448} INFO - Filling up the DagBag from /home/airflow/.local/lib/python3.6/site-packages/airflow/example_dags/example_xcom.py
[2022-06-04 22:48:12,091] {scheduler_job.py:639} INFO - DAG(s) dict_keys(['example_xcom']) retrieved from /home/airflow/.local/lib/python3.6/site-packages/airflow/example_dags/example_xcom.py
[2022-06-04 22:48:12,246] {logging_mixin.py:104} INFO - [2022-06-04 22:48:12,246] {dag.py:1818} INFO - Sync 1 DAGs
[2022-06-04 22:48:12,277] {logging_mixin.py:104} INFO - [2022-06-04 22:48:12,277] {dag.py:2273} INFO - Setting next_dagrun for example_xcom to 2022-06-02 00:00:00+00:00
[2022-06-04 22:48:12,340] {scheduler_job.py:190} INFO - Processing /home/airflow/.local/lib/python3.6/site-packages/airflow/example_dags/example_xcom.py took 0.427 seconds
[2022-06-04 22:48:42,567] {scheduler_job.py:182} INFO - Started process (PID=1046) to work on /home/airflow/.local/lib/python3.6/site-packages/airflow/example_dags/example_xcom.py
[2022-06-04 22:48:42,572] {scheduler_job.py:629} INFO - Processing file /home/airflow/.local/lib/python3.6/site-packages/airflow/example_dags/example_xcom.py for tasks to queue
[2022-06-04 22:48:42,575] {logging_mixin.py:104} INFO - [2022-06-04 22:48:42,574] {dagbag.py:448} INFO - Filling up the DagBag from /home/airflow/.local/lib/python3.6/site-packages/airflow/example_dags/example_xcom.py
[2022-06-04 22:48:42,607] {scheduler_job.py:639} INFO - DAG(s) dict_keys(['example_xcom']) retrieved from /home/airflow/.local/lib/python3.6/site-packages/airflow/example_dags/example_xcom.py
[2022-06-04 22:48:42,662] {logging_mixin.py:104} INFO - [2022-06-04 22:48:42,662] {dag.py:1818} INFO - Sync 1 DAGs
[2022-06-04 22:48:42,694] {logging_mixin.py:104} INFO - [2022-06-04 22:48:42,694] {dag.py:2273} INFO - Setting next_dagrun for example_xcom to 2022-06-02 00:00:00+00:00
[2022-06-04 22:48:42,713] {scheduler_job.py:190} INFO - Processing /home/airflow/.local/lib/python3.6/site-packages/airflow/example_dags/example_xcom.py took 0.153 seconds
[2022-06-04 22:49:13,290] {scheduler_job.py:182} INFO - Started process (PID=1072) to work on /home/airflow/.local/lib/python3.6/site-packages/airflow/example_dags/example_xcom.py
[2022-06-04 22:49:13,297] {scheduler_job.py:629} INFO - Processing file /home/airflow/.local/lib/python3.6/site-packages/airflow/example_dags/example_xcom.py for tasks to queue
[2022-06-04 22:49:13,301] {logging_mixin.py:104} INFO - [2022-06-04 22:49:13,301] {dagbag.py:448} INFO - Filling up the DagBag from /home/airflow/.local/lib/python3.6/site-packages/airflow/example_dags/example_xcom.py
[2022-06-04 22:49:13,329] {scheduler_job.py:639} INFO - DAG(s) dict_keys(['example_xcom']) retrieved from /home/airflow/.local/lib/python3.6/site-packages/airflow/example_dags/example_xcom.py
[2022-06-04 22:49:13,447] {logging_mixin.py:104} INFO - [2022-06-04 22:49:13,441] {dag.py:1818} INFO - Sync 1 DAGs
[2022-06-04 22:49:13,574] {logging_mixin.py:104} INFO - [2022-06-04 22:49:13,574] {dag.py:2273} INFO - Setting next_dagrun for example_xcom to 2022-06-02 00:00:00+00:00
[2022-06-04 22:49:13,625] {scheduler_job.py:190} INFO - Processing /home/airflow/.local/lib/python3.6/site-packages/airflow/example_dags/example_xcom.py took 0.346 seconds
[2022-06-04 22:49:44,036] {scheduler_job.py:182} INFO - Started process (PID=1098) to work on /home/airflow/.local/lib/python3.6/site-packages/airflow/example_dags/example_xcom.py
[2022-06-04 22:49:44,049] {scheduler_job.py:629} INFO - Processing file /home/airflow/.local/lib/python3.6/site-packages/airflow/example_dags/example_xcom.py for tasks to queue
[2022-06-04 22:49:44,058] {logging_mixin.py:104} INFO - [2022-06-04 22:49:44,055] {dagbag.py:448} INFO - Filling up the DagBag from /home/airflow/.local/lib/python3.6/site-packages/airflow/example_dags/example_xcom.py
[2022-06-04 22:49:44,090] {scheduler_job.py:639} INFO - DAG(s) dict_keys(['example_xcom']) retrieved from /home/airflow/.local/lib/python3.6/site-packages/airflow/example_dags/example_xcom.py
[2022-06-04 22:49:44,134] {logging_mixin.py:104} INFO - [2022-06-04 22:49:44,134] {dag.py:1818} INFO - Sync 1 DAGs
[2022-06-04 22:49:44,220] {logging_mixin.py:104} INFO - [2022-06-04 22:49:44,220] {dag.py:2273} INFO - Setting next_dagrun for example_xcom to 2022-06-02 00:00:00+00:00
[2022-06-04 22:49:44,254] {scheduler_job.py:190} INFO - Processing /home/airflow/.local/lib/python3.6/site-packages/airflow/example_dags/example_xcom.py took 0.282 seconds
[2022-06-04 22:50:15,132] {scheduler_job.py:182} INFO - Started process (PID=1124) to work on /home/airflow/.local/lib/python3.6/site-packages/airflow/example_dags/example_xcom.py
[2022-06-04 22:50:15,149] {scheduler_job.py:629} INFO - Processing file /home/airflow/.local/lib/python3.6/site-packages/airflow/example_dags/example_xcom.py for tasks to queue
[2022-06-04 22:50:15,152] {logging_mixin.py:104} INFO - [2022-06-04 22:50:15,152] {dagbag.py:448} INFO - Filling up the DagBag from /home/airflow/.local/lib/python3.6/site-packages/airflow/example_dags/example_xcom.py
[2022-06-04 22:50:15,199] {scheduler_job.py:639} INFO - DAG(s) dict_keys(['example_xcom']) retrieved from /home/airflow/.local/lib/python3.6/site-packages/airflow/example_dags/example_xcom.py
[2022-06-04 22:50:15,240] {logging_mixin.py:104} INFO - [2022-06-04 22:50:15,240] {dag.py:1818} INFO - Sync 1 DAGs
[2022-06-04 22:50:15,262] {logging_mixin.py:104} INFO - [2022-06-04 22:50:15,262] {dag.py:2273} INFO - Setting next_dagrun for example_xcom to 2022-06-02 00:00:00+00:00
[2022-06-04 22:50:15,277] {scheduler_job.py:190} INFO - Processing /home/airflow/.local/lib/python3.6/site-packages/airflow/example_dags/example_xcom.py took 0.186 seconds
[2022-06-04 22:50:45,909] {scheduler_job.py:182} INFO - Started process (PID=1150) to work on /home/airflow/.local/lib/python3.6/site-packages/airflow/example_dags/example_xcom.py
[2022-06-04 22:50:45,928] {scheduler_job.py:629} INFO - Processing file /home/airflow/.local/lib/python3.6/site-packages/airflow/example_dags/example_xcom.py for tasks to queue
[2022-06-04 22:50:45,931] {logging_mixin.py:104} INFO - [2022-06-04 22:50:45,930] {dagbag.py:448} INFO - Filling up the DagBag from /home/airflow/.local/lib/python3.6/site-packages/airflow/example_dags/example_xcom.py
[2022-06-04 22:50:45,973] {scheduler_job.py:639} INFO - DAG(s) dict_keys(['example_xcom']) retrieved from /home/airflow/.local/lib/python3.6/site-packages/airflow/example_dags/example_xcom.py
[2022-06-04 22:50:46,044] {logging_mixin.py:104} INFO - [2022-06-04 22:50:46,044] {dag.py:1818} INFO - Sync 1 DAGs
[2022-06-04 22:50:46,076] {logging_mixin.py:104} INFO - [2022-06-04 22:50:46,076] {dag.py:2273} INFO - Setting next_dagrun for example_xcom to 2022-06-02 00:00:00+00:00
[2022-06-04 22:50:46,118] {scheduler_job.py:190} INFO - Processing /home/airflow/.local/lib/python3.6/site-packages/airflow/example_dags/example_xcom.py took 0.222 seconds
[2022-06-04 22:51:16,940] {scheduler_job.py:182} INFO - Started process (PID=1176) to work on /home/airflow/.local/lib/python3.6/site-packages/airflow/example_dags/example_xcom.py
[2022-06-04 22:51:16,955] {scheduler_job.py:629} INFO - Processing file /home/airflow/.local/lib/python3.6/site-packages/airflow/example_dags/example_xcom.py for tasks to queue
[2022-06-04 22:51:16,962] {logging_mixin.py:104} INFO - [2022-06-04 22:51:16,962] {dagbag.py:448} INFO - Filling up the DagBag from /home/airflow/.local/lib/python3.6/site-packages/airflow/example_dags/example_xcom.py
[2022-06-04 22:51:17,001] {scheduler_job.py:639} INFO - DAG(s) dict_keys(['example_xcom']) retrieved from /home/airflow/.local/lib/python3.6/site-packages/airflow/example_dags/example_xcom.py
[2022-06-04 22:51:17,044] {logging_mixin.py:104} INFO - [2022-06-04 22:51:17,044] {dag.py:1818} INFO - Sync 1 DAGs
[2022-06-04 22:51:17,067] {logging_mixin.py:104} INFO - [2022-06-04 22:51:17,066] {dag.py:2273} INFO - Setting next_dagrun for example_xcom to 2022-06-02 00:00:00+00:00
[2022-06-04 22:51:17,080] {scheduler_job.py:190} INFO - Processing /home/airflow/.local/lib/python3.6/site-packages/airflow/example_dags/example_xcom.py took 0.152 seconds
[2022-06-04 22:51:48,007] {scheduler_job.py:182} INFO - Started process (PID=1202) to work on /home/airflow/.local/lib/python3.6/site-packages/airflow/example_dags/example_xcom.py
[2022-06-04 22:51:48,012] {scheduler_job.py:629} INFO - Processing file /home/airflow/.local/lib/python3.6/site-packages/airflow/example_dags/example_xcom.py for tasks to queue
[2022-06-04 22:51:48,014] {logging_mixin.py:104} INFO - [2022-06-04 22:51:48,014] {dagbag.py:448} INFO - Filling up the DagBag from /home/airflow/.local/lib/python3.6/site-packages/airflow/example_dags/example_xcom.py
[2022-06-04 22:51:48,041] {scheduler_job.py:639} INFO - DAG(s) dict_keys(['example_xcom']) retrieved from /home/airflow/.local/lib/python3.6/site-packages/airflow/example_dags/example_xcom.py
[2022-06-04 22:51:48,079] {logging_mixin.py:104} INFO - [2022-06-04 22:51:48,078] {dag.py:1818} INFO - Sync 1 DAGs
[2022-06-04 22:51:48,105] {logging_mixin.py:104} INFO - [2022-06-04 22:51:48,105] {dag.py:2273} INFO - Setting next_dagrun for example_xcom to 2022-06-02 00:00:00+00:00
[2022-06-04 22:51:48,127] {scheduler_job.py:190} INFO - Processing /home/airflow/.local/lib/python3.6/site-packages/airflow/example_dags/example_xcom.py took 0.126 seconds
[2022-06-04 22:52:19,077] {scheduler_job.py:182} INFO - Started process (PID=1228) to work on /home/airflow/.local/lib/python3.6/site-packages/airflow/example_dags/example_xcom.py
[2022-06-04 22:52:19,093] {scheduler_job.py:629} INFO - Processing file /home/airflow/.local/lib/python3.6/site-packages/airflow/example_dags/example_xcom.py for tasks to queue
[2022-06-04 22:52:19,098] {logging_mixin.py:104} INFO - [2022-06-04 22:52:19,097] {dagbag.py:448} INFO - Filling up the DagBag from /home/airflow/.local/lib/python3.6/site-packages/airflow/example_dags/example_xcom.py
[2022-06-04 22:52:19,184] {scheduler_job.py:639} INFO - DAG(s) dict_keys(['example_xcom']) retrieved from /home/airflow/.local/lib/python3.6/site-packages/airflow/example_dags/example_xcom.py
[2022-06-04 22:52:19,232] {logging_mixin.py:104} INFO - [2022-06-04 22:52:19,232] {dag.py:1818} INFO - Sync 1 DAGs
[2022-06-04 22:52:19,257] {logging_mixin.py:104} INFO - [2022-06-04 22:52:19,257] {dag.py:2273} INFO - Setting next_dagrun for example_xcom to 2022-06-02 00:00:00+00:00
[2022-06-04 22:52:19,280] {scheduler_job.py:190} INFO - Processing /home/airflow/.local/lib/python3.6/site-packages/airflow/example_dags/example_xcom.py took 0.214 seconds
[2022-06-04 22:52:49,993] {scheduler_job.py:182} INFO - Started process (PID=1254) to work on /home/airflow/.local/lib/python3.6/site-packages/airflow/example_dags/example_xcom.py
[2022-06-04 22:52:50,007] {scheduler_job.py:629} INFO - Processing file /home/airflow/.local/lib/python3.6/site-packages/airflow/example_dags/example_xcom.py for tasks to queue
[2022-06-04 22:52:50,010] {logging_mixin.py:104} INFO - [2022-06-04 22:52:50,010] {dagbag.py:448} INFO - Filling up the DagBag from /home/airflow/.local/lib/python3.6/site-packages/airflow/example_dags/example_xcom.py
[2022-06-04 22:52:50,041] {scheduler_job.py:639} INFO - DAG(s) dict_keys(['example_xcom']) retrieved from /home/airflow/.local/lib/python3.6/site-packages/airflow/example_dags/example_xcom.py
[2022-06-04 22:52:50,127] {logging_mixin.py:104} INFO - [2022-06-04 22:52:50,126] {dag.py:1818} INFO - Sync 1 DAGs
[2022-06-04 22:52:50,173] {logging_mixin.py:104} INFO - [2022-06-04 22:52:50,173] {dag.py:2273} INFO - Setting next_dagrun for example_xcom to 2022-06-02 00:00:00+00:00
[2022-06-04 22:52:50,194] {scheduler_job.py:190} INFO - Processing /home/airflow/.local/lib/python3.6/site-packages/airflow/example_dags/example_xcom.py took 0.206 seconds
[2022-06-04 22:53:20,453] {scheduler_job.py:182} INFO - Started process (PID=1280) to work on /home/airflow/.local/lib/python3.6/site-packages/airflow/example_dags/example_xcom.py
[2022-06-04 22:53:20,487] {scheduler_job.py:629} INFO - Processing file /home/airflow/.local/lib/python3.6/site-packages/airflow/example_dags/example_xcom.py for tasks to queue
[2022-06-04 22:53:20,498] {logging_mixin.py:104} INFO - [2022-06-04 22:53:20,498] {dagbag.py:448} INFO - Filling up the DagBag from /home/airflow/.local/lib/python3.6/site-packages/airflow/example_dags/example_xcom.py
[2022-06-04 22:53:20,610] {scheduler_job.py:639} INFO - DAG(s) dict_keys(['example_xcom']) retrieved from /home/airflow/.local/lib/python3.6/site-packages/airflow/example_dags/example_xcom.py
[2022-06-04 22:53:20,732] {logging_mixin.py:104} INFO - [2022-06-04 22:53:20,732] {dag.py:1818} INFO - Sync 1 DAGs
[2022-06-04 22:53:20,788] {logging_mixin.py:104} INFO - [2022-06-04 22:53:20,787] {dag.py:2273} INFO - Setting next_dagrun for example_xcom to 2022-06-02 00:00:00+00:00
[2022-06-04 22:53:20,810] {scheduler_job.py:190} INFO - Processing /home/airflow/.local/lib/python3.6/site-packages/airflow/example_dags/example_xcom.py took 0.380 seconds
[2022-06-04 22:53:52,064] {scheduler_job.py:182} INFO - Started process (PID=1306) to work on /home/airflow/.local/lib/python3.6/site-packages/airflow/example_dags/example_xcom.py
[2022-06-04 22:53:52,085] {scheduler_job.py:629} INFO - Processing file /home/airflow/.local/lib/python3.6/site-packages/airflow/example_dags/example_xcom.py for tasks to queue
[2022-06-04 22:53:52,089] {logging_mixin.py:104} INFO - [2022-06-04 22:53:52,089] {dagbag.py:448} INFO - Filling up the DagBag from /home/airflow/.local/lib/python3.6/site-packages/airflow/example_dags/example_xcom.py
[2022-06-04 22:53:52,127] {scheduler_job.py:639} INFO - DAG(s) dict_keys(['example_xcom']) retrieved from /home/airflow/.local/lib/python3.6/site-packages/airflow/example_dags/example_xcom.py
[2022-06-04 22:53:52,199] {logging_mixin.py:104} INFO - [2022-06-04 22:53:52,198] {dag.py:1818} INFO - Sync 1 DAGs
[2022-06-04 22:53:52,266] {logging_mixin.py:104} INFO - [2022-06-04 22:53:52,266] {dag.py:2273} INFO - Setting next_dagrun for example_xcom to 2022-06-02 00:00:00+00:00
[2022-06-04 22:53:52,370] {scheduler_job.py:190} INFO - Processing /home/airflow/.local/lib/python3.6/site-packages/airflow/example_dags/example_xcom.py took 0.316 seconds
[2022-06-04 22:54:22,736] {scheduler_job.py:182} INFO - Started process (PID=1332) to work on /home/airflow/.local/lib/python3.6/site-packages/airflow/example_dags/example_xcom.py
[2022-06-04 22:54:22,742] {scheduler_job.py:629} INFO - Processing file /home/airflow/.local/lib/python3.6/site-packages/airflow/example_dags/example_xcom.py for tasks to queue
[2022-06-04 22:54:22,748] {logging_mixin.py:104} INFO - [2022-06-04 22:54:22,747] {dagbag.py:448} INFO - Filling up the DagBag from /home/airflow/.local/lib/python3.6/site-packages/airflow/example_dags/example_xcom.py
[2022-06-04 22:54:22,786] {scheduler_job.py:639} INFO - DAG(s) dict_keys(['example_xcom']) retrieved from /home/airflow/.local/lib/python3.6/site-packages/airflow/example_dags/example_xcom.py
[2022-06-04 22:54:22,870] {logging_mixin.py:104} INFO - [2022-06-04 22:54:22,869] {dag.py:1818} INFO - Sync 1 DAGs
[2022-06-04 22:54:22,914] {logging_mixin.py:104} INFO - [2022-06-04 22:54:22,914] {dag.py:2273} INFO - Setting next_dagrun for example_xcom to 2022-06-02 00:00:00+00:00
[2022-06-04 22:54:22,943] {scheduler_job.py:190} INFO - Processing /home/airflow/.local/lib/python3.6/site-packages/airflow/example_dags/example_xcom.py took 0.224 seconds
[2022-06-04 22:54:53,646] {scheduler_job.py:182} INFO - Started process (PID=1358) to work on /home/airflow/.local/lib/python3.6/site-packages/airflow/example_dags/example_xcom.py
[2022-06-04 22:54:53,653] {scheduler_job.py:629} INFO - Processing file /home/airflow/.local/lib/python3.6/site-packages/airflow/example_dags/example_xcom.py for tasks to queue
[2022-06-04 22:54:53,661] {logging_mixin.py:104} INFO - [2022-06-04 22:54:53,656] {dagbag.py:448} INFO - Filling up the DagBag from /home/airflow/.local/lib/python3.6/site-packages/airflow/example_dags/example_xcom.py
[2022-06-04 22:54:53,704] {scheduler_job.py:639} INFO - DAG(s) dict_keys(['example_xcom']) retrieved from /home/airflow/.local/lib/python3.6/site-packages/airflow/example_dags/example_xcom.py
[2022-06-04 22:54:53,755] {logging_mixin.py:104} INFO - [2022-06-04 22:54:53,755] {dag.py:1818} INFO - Sync 1 DAGs
[2022-06-04 22:54:53,792] {logging_mixin.py:104} INFO - [2022-06-04 22:54:53,792] {dag.py:2273} INFO - Setting next_dagrun for example_xcom to 2022-06-02 00:00:00+00:00
[2022-06-04 22:54:53,814] {scheduler_job.py:190} INFO - Processing /home/airflow/.local/lib/python3.6/site-packages/airflow/example_dags/example_xcom.py took 0.180 seconds
[2022-06-04 22:55:23,980] {scheduler_job.py:182} INFO - Started process (PID=1384) to work on /home/airflow/.local/lib/python3.6/site-packages/airflow/example_dags/example_xcom.py
[2022-06-04 22:55:23,995] {scheduler_job.py:629} INFO - Processing file /home/airflow/.local/lib/python3.6/site-packages/airflow/example_dags/example_xcom.py for tasks to queue
[2022-06-04 22:55:24,003] {logging_mixin.py:104} INFO - [2022-06-04 22:55:24,002] {dagbag.py:448} INFO - Filling up the DagBag from /home/airflow/.local/lib/python3.6/site-packages/airflow/example_dags/example_xcom.py
[2022-06-04 22:55:24,076] {scheduler_job.py:639} INFO - DAG(s) dict_keys(['example_xcom']) retrieved from /home/airflow/.local/lib/python3.6/site-packages/airflow/example_dags/example_xcom.py
[2022-06-04 22:55:24,356] {logging_mixin.py:104} INFO - [2022-06-04 22:55:24,356] {dag.py:1818} INFO - Sync 1 DAGs
[2022-06-04 22:55:24,435] {logging_mixin.py:104} INFO - [2022-06-04 22:55:24,434] {dag.py:2273} INFO - Setting next_dagrun for example_xcom to 2022-06-02 00:00:00+00:00
[2022-06-04 22:55:24,463] {scheduler_job.py:190} INFO - Processing /home/airflow/.local/lib/python3.6/site-packages/airflow/example_dags/example_xcom.py took 0.496 seconds
[2022-06-04 22:58:22,594] {scheduler_job.py:182} INFO - Started process (PID=26) to work on /home/airflow/.local/lib/python3.6/site-packages/airflow/example_dags/example_xcom.py
[2022-06-04 22:58:22,601] {scheduler_job.py:629} INFO - Processing file /home/airflow/.local/lib/python3.6/site-packages/airflow/example_dags/example_xcom.py for tasks to queue
[2022-06-04 22:58:22,607] {logging_mixin.py:104} INFO - [2022-06-04 22:58:22,607] {dagbag.py:448} INFO - Filling up the DagBag from /home/airflow/.local/lib/python3.6/site-packages/airflow/example_dags/example_xcom.py
[2022-06-04 22:58:22,767] {scheduler_job.py:639} INFO - DAG(s) dict_keys(['example_xcom']) retrieved from /home/airflow/.local/lib/python3.6/site-packages/airflow/example_dags/example_xcom.py
[2022-06-04 22:58:23,015] {logging_mixin.py:104} INFO - [2022-06-04 22:58:23,012] {dag.py:1818} INFO - Sync 1 DAGs
[2022-06-04 22:58:23,970] {logging_mixin.py:104} INFO - [2022-06-04 22:58:23,961] {dag.py:2273} INFO - Setting next_dagrun for example_xcom to 2022-06-02 00:00:00+00:00
[2022-06-04 22:58:24,194] {scheduler_job.py:190} INFO - Processing /home/airflow/.local/lib/python3.6/site-packages/airflow/example_dags/example_xcom.py took 1.634 seconds
[2022-06-04 22:58:54,684] {scheduler_job.py:182} INFO - Started process (PID=52) to work on /home/airflow/.local/lib/python3.6/site-packages/airflow/example_dags/example_xcom.py
[2022-06-04 22:58:54,695] {scheduler_job.py:629} INFO - Processing file /home/airflow/.local/lib/python3.6/site-packages/airflow/example_dags/example_xcom.py for tasks to queue
[2022-06-04 22:58:54,703] {logging_mixin.py:104} INFO - [2022-06-04 22:58:54,703] {dagbag.py:448} INFO - Filling up the DagBag from /home/airflow/.local/lib/python3.6/site-packages/airflow/example_dags/example_xcom.py
[2022-06-04 22:58:54,780] {scheduler_job.py:639} INFO - DAG(s) dict_keys(['example_xcom']) retrieved from /home/airflow/.local/lib/python3.6/site-packages/airflow/example_dags/example_xcom.py
[2022-06-04 22:58:54,882] {logging_mixin.py:104} INFO - [2022-06-04 22:58:54,882] {dag.py:1818} INFO - Sync 1 DAGs
[2022-06-04 22:58:54,921] {logging_mixin.py:104} INFO - [2022-06-04 22:58:54,920] {dag.py:2273} INFO - Setting next_dagrun for example_xcom to 2022-06-02 00:00:00+00:00
[2022-06-04 22:58:54,958] {scheduler_job.py:190} INFO - Processing /home/airflow/.local/lib/python3.6/site-packages/airflow/example_dags/example_xcom.py took 0.350 seconds
[2022-06-04 22:59:25,231] {scheduler_job.py:182} INFO - Started process (PID=78) to work on /home/airflow/.local/lib/python3.6/site-packages/airflow/example_dags/example_xcom.py
[2022-06-04 22:59:25,236] {scheduler_job.py:629} INFO - Processing file /home/airflow/.local/lib/python3.6/site-packages/airflow/example_dags/example_xcom.py for tasks to queue
[2022-06-04 22:59:25,254] {logging_mixin.py:104} INFO - [2022-06-04 22:59:25,254] {dagbag.py:448} INFO - Filling up the DagBag from /home/airflow/.local/lib/python3.6/site-packages/airflow/example_dags/example_xcom.py
[2022-06-04 22:59:25,360] {scheduler_job.py:639} INFO - DAG(s) dict_keys(['example_xcom']) retrieved from /home/airflow/.local/lib/python3.6/site-packages/airflow/example_dags/example_xcom.py
[2022-06-04 22:59:25,501] {logging_mixin.py:104} INFO - [2022-06-04 22:59:25,500] {dag.py:1818} INFO - Sync 1 DAGs
[2022-06-04 22:59:25,643] {logging_mixin.py:104} INFO - [2022-06-04 22:59:25,643] {dag.py:2273} INFO - Setting next_dagrun for example_xcom to 2022-06-02 00:00:00+00:00
[2022-06-04 22:59:25,740] {scheduler_job.py:190} INFO - Processing /home/airflow/.local/lib/python3.6/site-packages/airflow/example_dags/example_xcom.py took 0.532 seconds
[2022-06-04 22:59:55,959] {scheduler_job.py:182} INFO - Started process (PID=104) to work on /home/airflow/.local/lib/python3.6/site-packages/airflow/example_dags/example_xcom.py
[2022-06-04 22:59:55,979] {scheduler_job.py:629} INFO - Processing file /home/airflow/.local/lib/python3.6/site-packages/airflow/example_dags/example_xcom.py for tasks to queue
[2022-06-04 22:59:55,986] {logging_mixin.py:104} INFO - [2022-06-04 22:59:55,985] {dagbag.py:448} INFO - Filling up the DagBag from /home/airflow/.local/lib/python3.6/site-packages/airflow/example_dags/example_xcom.py
[2022-06-04 22:59:56,045] {scheduler_job.py:639} INFO - DAG(s) dict_keys(['example_xcom']) retrieved from /home/airflow/.local/lib/python3.6/site-packages/airflow/example_dags/example_xcom.py
[2022-06-04 22:59:56,164] {logging_mixin.py:104} INFO - [2022-06-04 22:59:56,164] {dag.py:1818} INFO - Sync 1 DAGs
[2022-06-04 22:59:56,219] {logging_mixin.py:104} INFO - [2022-06-04 22:59:56,219] {dag.py:2273} INFO - Setting next_dagrun for example_xcom to 2022-06-02 00:00:00+00:00
[2022-06-04 22:59:56,271] {scheduler_job.py:190} INFO - Processing /home/airflow/.local/lib/python3.6/site-packages/airflow/example_dags/example_xcom.py took 0.324 seconds
[2022-06-04 23:00:31,530] {scheduler_job.py:182} INFO - Started process (PID=130) to work on /home/airflow/.local/lib/python3.6/site-packages/airflow/example_dags/example_xcom.py
[2022-06-04 23:00:31,547] {scheduler_job.py:629} INFO - Processing file /home/airflow/.local/lib/python3.6/site-packages/airflow/example_dags/example_xcom.py for tasks to queue
[2022-06-04 23:00:31,568] {logging_mixin.py:104} INFO - [2022-06-04 23:00:31,562] {dagbag.py:448} INFO - Filling up the DagBag from /home/airflow/.local/lib/python3.6/site-packages/airflow/example_dags/example_xcom.py
[2022-06-04 23:00:32,021] {scheduler_job.py:639} INFO - DAG(s) dict_keys(['example_xcom']) retrieved from /home/airflow/.local/lib/python3.6/site-packages/airflow/example_dags/example_xcom.py
[2022-06-04 23:00:32,423] {logging_mixin.py:104} INFO - [2022-06-04 23:00:32,423] {dag.py:1818} INFO - Sync 1 DAGs
[2022-06-04 23:00:33,104] {logging_mixin.py:104} INFO - [2022-06-04 23:00:33,104] {dag.py:2273} INFO - Setting next_dagrun for example_xcom to 2022-06-02 00:00:00+00:00
[2022-06-04 23:00:33,287] {scheduler_job.py:190} INFO - Processing /home/airflow/.local/lib/python3.6/site-packages/airflow/example_dags/example_xcom.py took 1.864 seconds
[2022-06-04 23:01:03,624] {scheduler_job.py:182} INFO - Started process (PID=155) to work on /home/airflow/.local/lib/python3.6/site-packages/airflow/example_dags/example_xcom.py
[2022-06-04 23:01:03,648] {scheduler_job.py:629} INFO - Processing file /home/airflow/.local/lib/python3.6/site-packages/airflow/example_dags/example_xcom.py for tasks to queue
[2022-06-04 23:01:03,658] {logging_mixin.py:104} INFO - [2022-06-04 23:01:03,658] {dagbag.py:448} INFO - Filling up the DagBag from /home/airflow/.local/lib/python3.6/site-packages/airflow/example_dags/example_xcom.py
[2022-06-04 23:01:03,815] {scheduler_job.py:639} INFO - DAG(s) dict_keys(['example_xcom']) retrieved from /home/airflow/.local/lib/python3.6/site-packages/airflow/example_dags/example_xcom.py
[2022-06-04 23:01:04,090] {logging_mixin.py:104} INFO - [2022-06-04 23:01:04,089] {dag.py:1818} INFO - Sync 1 DAGs
[2022-06-04 23:01:04,344] {logging_mixin.py:104} INFO - [2022-06-04 23:01:04,344] {dag.py:2273} INFO - Setting next_dagrun for example_xcom to 2022-06-02 00:00:00+00:00
[2022-06-04 23:01:04,493] {scheduler_job.py:190} INFO - Processing /home/airflow/.local/lib/python3.6/site-packages/airflow/example_dags/example_xcom.py took 0.881 seconds
[2022-06-04 23:01:34,634] {scheduler_job.py:182} INFO - Started process (PID=181) to work on /home/airflow/.local/lib/python3.6/site-packages/airflow/example_dags/example_xcom.py
[2022-06-04 23:01:34,650] {scheduler_job.py:629} INFO - Processing file /home/airflow/.local/lib/python3.6/site-packages/airflow/example_dags/example_xcom.py for tasks to queue
[2022-06-04 23:01:34,665] {logging_mixin.py:104} INFO - [2022-06-04 23:01:34,665] {dagbag.py:448} INFO - Filling up the DagBag from /home/airflow/.local/lib/python3.6/site-packages/airflow/example_dags/example_xcom.py
[2022-06-04 23:01:34,910] {scheduler_job.py:639} INFO - DAG(s) dict_keys(['example_xcom']) retrieved from /home/airflow/.local/lib/python3.6/site-packages/airflow/example_dags/example_xcom.py
[2022-06-04 23:01:35,325] {logging_mixin.py:104} INFO - [2022-06-04 23:01:35,324] {dag.py:1818} INFO - Sync 1 DAGs
[2022-06-04 23:01:36,011] {logging_mixin.py:104} INFO - [2022-06-04 23:01:36,011] {dag.py:2273} INFO - Setting next_dagrun for example_xcom to 2022-06-02 00:00:00+00:00
[2022-06-04 23:01:36,240] {scheduler_job.py:190} INFO - Processing /home/airflow/.local/lib/python3.6/site-packages/airflow/example_dags/example_xcom.py took 1.627 seconds
[2022-06-04 23:02:06,859] {scheduler_job.py:182} INFO - Started process (PID=207) to work on /home/airflow/.local/lib/python3.6/site-packages/airflow/example_dags/example_xcom.py
[2022-06-04 23:02:06,873] {scheduler_job.py:629} INFO - Processing file /home/airflow/.local/lib/python3.6/site-packages/airflow/example_dags/example_xcom.py for tasks to queue
[2022-06-04 23:02:06,880] {logging_mixin.py:104} INFO - [2022-06-04 23:02:06,880] {dagbag.py:448} INFO - Filling up the DagBag from /home/airflow/.local/lib/python3.6/site-packages/airflow/example_dags/example_xcom.py
[2022-06-04 23:02:06,986] {scheduler_job.py:639} INFO - DAG(s) dict_keys(['example_xcom']) retrieved from /home/airflow/.local/lib/python3.6/site-packages/airflow/example_dags/example_xcom.py
[2022-06-04 23:02:07,404] {logging_mixin.py:104} INFO - [2022-06-04 23:02:07,404] {dag.py:1818} INFO - Sync 1 DAGs
[2022-06-04 23:02:07,524] {logging_mixin.py:104} INFO - [2022-06-04 23:02:07,523] {dag.py:2273} INFO - Setting next_dagrun for example_xcom to 2022-06-02 00:00:00+00:00
[2022-06-04 23:02:07,893] {scheduler_job.py:190} INFO - Processing /home/airflow/.local/lib/python3.6/site-packages/airflow/example_dags/example_xcom.py took 1.054 seconds
[2022-06-04 23:02:38,527] {scheduler_job.py:182} INFO - Started process (PID=233) to work on /home/airflow/.local/lib/python3.6/site-packages/airflow/example_dags/example_xcom.py
[2022-06-04 23:02:38,537] {scheduler_job.py:629} INFO - Processing file /home/airflow/.local/lib/python3.6/site-packages/airflow/example_dags/example_xcom.py for tasks to queue
[2022-06-04 23:02:38,540] {logging_mixin.py:104} INFO - [2022-06-04 23:02:38,539] {dagbag.py:448} INFO - Filling up the DagBag from /home/airflow/.local/lib/python3.6/site-packages/airflow/example_dags/example_xcom.py
[2022-06-04 23:02:38,622] {scheduler_job.py:639} INFO - DAG(s) dict_keys(['example_xcom']) retrieved from /home/airflow/.local/lib/python3.6/site-packages/airflow/example_dags/example_xcom.py
[2022-06-04 23:02:38,772] {logging_mixin.py:104} INFO - [2022-06-04 23:02:38,771] {dag.py:1818} INFO - Sync 1 DAGs
[2022-06-04 23:02:38,906] {logging_mixin.py:104} INFO - [2022-06-04 23:02:38,905] {dag.py:2273} INFO - Setting next_dagrun for example_xcom to 2022-06-02 00:00:00+00:00
[2022-06-04 23:02:38,962] {scheduler_job.py:190} INFO - Processing /home/airflow/.local/lib/python3.6/site-packages/airflow/example_dags/example_xcom.py took 0.474 seconds
[2022-06-04 23:03:11,799] {scheduler_job.py:182} INFO - Started process (PID=259) to work on /home/airflow/.local/lib/python3.6/site-packages/airflow/example_dags/example_xcom.py
[2022-06-04 23:03:11,838] {scheduler_job.py:629} INFO - Processing file /home/airflow/.local/lib/python3.6/site-packages/airflow/example_dags/example_xcom.py for tasks to queue
[2022-06-04 23:03:11,846] {logging_mixin.py:104} INFO - [2022-06-04 23:03:11,845] {dagbag.py:448} INFO - Filling up the DagBag from /home/airflow/.local/lib/python3.6/site-packages/airflow/example_dags/example_xcom.py
[2022-06-04 23:03:12,072] {scheduler_job.py:639} INFO - DAG(s) dict_keys(['example_xcom']) retrieved from /home/airflow/.local/lib/python3.6/site-packages/airflow/example_dags/example_xcom.py
[2022-06-04 23:03:13,964] {logging_mixin.py:104} INFO - [2022-06-04 23:03:13,964] {dag.py:1818} INFO - Sync 1 DAGs
[2022-06-04 23:03:14,646] {logging_mixin.py:104} INFO - [2022-06-04 23:03:14,646] {dag.py:2273} INFO - Setting next_dagrun for example_xcom to 2022-06-02 00:00:00+00:00
[2022-06-04 23:03:14,832] {scheduler_job.py:190} INFO - Processing /home/airflow/.local/lib/python3.6/site-packages/airflow/example_dags/example_xcom.py took 3.132 seconds
[2022-06-04 23:03:45,407] {scheduler_job.py:182} INFO - Started process (PID=285) to work on /home/airflow/.local/lib/python3.6/site-packages/airflow/example_dags/example_xcom.py
[2022-06-04 23:03:45,424] {scheduler_job.py:629} INFO - Processing file /home/airflow/.local/lib/python3.6/site-packages/airflow/example_dags/example_xcom.py for tasks to queue
[2022-06-04 23:03:45,434] {logging_mixin.py:104} INFO - [2022-06-04 23:03:45,433] {dagbag.py:448} INFO - Filling up the DagBag from /home/airflow/.local/lib/python3.6/site-packages/airflow/example_dags/example_xcom.py
[2022-06-04 23:03:45,536] {scheduler_job.py:639} INFO - DAG(s) dict_keys(['example_xcom']) retrieved from /home/airflow/.local/lib/python3.6/site-packages/airflow/example_dags/example_xcom.py
[2022-06-04 23:03:45,627] {logging_mixin.py:104} INFO - [2022-06-04 23:03:45,627] {dag.py:1818} INFO - Sync 1 DAGs
[2022-06-04 23:03:45,720] {logging_mixin.py:104} INFO - [2022-06-04 23:03:45,720] {dag.py:2273} INFO - Setting next_dagrun for example_xcom to 2022-06-02 00:00:00+00:00
[2022-06-04 23:03:45,776] {scheduler_job.py:190} INFO - Processing /home/airflow/.local/lib/python3.6/site-packages/airflow/example_dags/example_xcom.py took 0.399 seconds
[2022-06-04 23:04:16,525] {scheduler_job.py:182} INFO - Started process (PID=311) to work on /home/airflow/.local/lib/python3.6/site-packages/airflow/example_dags/example_xcom.py
[2022-06-04 23:04:16,547] {scheduler_job.py:629} INFO - Processing file /home/airflow/.local/lib/python3.6/site-packages/airflow/example_dags/example_xcom.py for tasks to queue
[2022-06-04 23:04:16,556] {logging_mixin.py:104} INFO - [2022-06-04 23:04:16,554] {dagbag.py:448} INFO - Filling up the DagBag from /home/airflow/.local/lib/python3.6/site-packages/airflow/example_dags/example_xcom.py
[2022-06-04 23:04:16,794] {scheduler_job.py:639} INFO - DAG(s) dict_keys(['example_xcom']) retrieved from /home/airflow/.local/lib/python3.6/site-packages/airflow/example_dags/example_xcom.py
[2022-06-04 23:04:16,897] {logging_mixin.py:104} INFO - [2022-06-04 23:04:16,897] {dag.py:1818} INFO - Sync 1 DAGs
[2022-06-04 23:04:17,038] {logging_mixin.py:104} INFO - [2022-06-04 23:04:17,038] {dag.py:2273} INFO - Setting next_dagrun for example_xcom to 2022-06-02 00:00:00+00:00
[2022-06-04 23:04:17,155] {scheduler_job.py:190} INFO - Processing /home/airflow/.local/lib/python3.6/site-packages/airflow/example_dags/example_xcom.py took 0.646 seconds
[2022-06-04 23:04:47,510] {scheduler_job.py:182} INFO - Started process (PID=337) to work on /home/airflow/.local/lib/python3.6/site-packages/airflow/example_dags/example_xcom.py
[2022-06-04 23:04:47,518] {scheduler_job.py:629} INFO - Processing file /home/airflow/.local/lib/python3.6/site-packages/airflow/example_dags/example_xcom.py for tasks to queue
[2022-06-04 23:04:47,522] {logging_mixin.py:104} INFO - [2022-06-04 23:04:47,522] {dagbag.py:448} INFO - Filling up the DagBag from /home/airflow/.local/lib/python3.6/site-packages/airflow/example_dags/example_xcom.py
[2022-06-04 23:04:47,564] {scheduler_job.py:639} INFO - DAG(s) dict_keys(['example_xcom']) retrieved from /home/airflow/.local/lib/python3.6/site-packages/airflow/example_dags/example_xcom.py
[2022-06-04 23:04:47,627] {logging_mixin.py:104} INFO - [2022-06-04 23:04:47,627] {dag.py:1818} INFO - Sync 1 DAGs
[2022-06-04 23:04:47,709] {logging_mixin.py:104} INFO - [2022-06-04 23:04:47,709] {dag.py:2273} INFO - Setting next_dagrun for example_xcom to 2022-06-02 00:00:00+00:00
[2022-06-04 23:04:47,760] {scheduler_job.py:190} INFO - Processing /home/airflow/.local/lib/python3.6/site-packages/airflow/example_dags/example_xcom.py took 0.255 seconds
[2022-06-04 23:05:18,597] {scheduler_job.py:182} INFO - Started process (PID=363) to work on /home/airflow/.local/lib/python3.6/site-packages/airflow/example_dags/example_xcom.py
[2022-06-04 23:05:18,608] {scheduler_job.py:629} INFO - Processing file /home/airflow/.local/lib/python3.6/site-packages/airflow/example_dags/example_xcom.py for tasks to queue
[2022-06-04 23:05:18,611] {logging_mixin.py:104} INFO - [2022-06-04 23:05:18,611] {dagbag.py:448} INFO - Filling up the DagBag from /home/airflow/.local/lib/python3.6/site-packages/airflow/example_dags/example_xcom.py
[2022-06-04 23:05:18,690] {scheduler_job.py:639} INFO - DAG(s) dict_keys(['example_xcom']) retrieved from /home/airflow/.local/lib/python3.6/site-packages/airflow/example_dags/example_xcom.py
[2022-06-04 23:05:18,804] {logging_mixin.py:104} INFO - [2022-06-04 23:05:18,803] {dag.py:1818} INFO - Sync 1 DAGs
[2022-06-04 23:05:18,941] {logging_mixin.py:104} INFO - [2022-06-04 23:05:18,940] {dag.py:2273} INFO - Setting next_dagrun for example_xcom to 2022-06-02 00:00:00+00:00
[2022-06-04 23:05:19,127] {scheduler_job.py:190} INFO - Processing /home/airflow/.local/lib/python3.6/site-packages/airflow/example_dags/example_xcom.py took 0.609 seconds
[2022-06-04 23:05:49,220] {scheduler_job.py:182} INFO - Started process (PID=389) to work on /home/airflow/.local/lib/python3.6/site-packages/airflow/example_dags/example_xcom.py
[2022-06-04 23:05:49,234] {scheduler_job.py:629} INFO - Processing file /home/airflow/.local/lib/python3.6/site-packages/airflow/example_dags/example_xcom.py for tasks to queue
[2022-06-04 23:05:49,241] {logging_mixin.py:104} INFO - [2022-06-04 23:05:49,240] {dagbag.py:448} INFO - Filling up the DagBag from /home/airflow/.local/lib/python3.6/site-packages/airflow/example_dags/example_xcom.py
[2022-06-04 23:05:49,266] {scheduler_job.py:639} INFO - DAG(s) dict_keys(['example_xcom']) retrieved from /home/airflow/.local/lib/python3.6/site-packages/airflow/example_dags/example_xcom.py
[2022-06-04 23:05:49,322] {logging_mixin.py:104} INFO - [2022-06-04 23:05:49,322] {dag.py:1818} INFO - Sync 1 DAGs
[2022-06-04 23:05:49,357] {logging_mixin.py:104} INFO - [2022-06-04 23:05:49,356] {dag.py:2273} INFO - Setting next_dagrun for example_xcom to 2022-06-02 00:00:00+00:00
[2022-06-04 23:05:49,380] {scheduler_job.py:190} INFO - Processing /home/airflow/.local/lib/python3.6/site-packages/airflow/example_dags/example_xcom.py took 0.169 seconds
[2022-06-04 23:06:19,623] {scheduler_job.py:182} INFO - Started process (PID=415) to work on /home/airflow/.local/lib/python3.6/site-packages/airflow/example_dags/example_xcom.py
[2022-06-04 23:06:19,638] {scheduler_job.py:629} INFO - Processing file /home/airflow/.local/lib/python3.6/site-packages/airflow/example_dags/example_xcom.py for tasks to queue
[2022-06-04 23:06:19,644] {logging_mixin.py:104} INFO - [2022-06-04 23:06:19,644] {dagbag.py:448} INFO - Filling up the DagBag from /home/airflow/.local/lib/python3.6/site-packages/airflow/example_dags/example_xcom.py
[2022-06-04 23:06:19,724] {scheduler_job.py:639} INFO - DAG(s) dict_keys(['example_xcom']) retrieved from /home/airflow/.local/lib/python3.6/site-packages/airflow/example_dags/example_xcom.py
[2022-06-04 23:06:19,851] {logging_mixin.py:104} INFO - [2022-06-04 23:06:19,850] {dag.py:1818} INFO - Sync 1 DAGs
[2022-06-04 23:06:19,950] {logging_mixin.py:104} INFO - [2022-06-04 23:06:19,950] {dag.py:2273} INFO - Setting next_dagrun for example_xcom to 2022-06-02 00:00:00+00:00
[2022-06-04 23:06:19,994] {scheduler_job.py:190} INFO - Processing /home/airflow/.local/lib/python3.6/site-packages/airflow/example_dags/example_xcom.py took 0.397 seconds
[2022-06-04 23:06:50,465] {scheduler_job.py:182} INFO - Started process (PID=441) to work on /home/airflow/.local/lib/python3.6/site-packages/airflow/example_dags/example_xcom.py
[2022-06-04 23:06:50,473] {scheduler_job.py:629} INFO - Processing file /home/airflow/.local/lib/python3.6/site-packages/airflow/example_dags/example_xcom.py for tasks to queue
[2022-06-04 23:06:50,477] {logging_mixin.py:104} INFO - [2022-06-04 23:06:50,477] {dagbag.py:448} INFO - Filling up the DagBag from /home/airflow/.local/lib/python3.6/site-packages/airflow/example_dags/example_xcom.py
[2022-06-04 23:06:50,507] {scheduler_job.py:639} INFO - DAG(s) dict_keys(['example_xcom']) retrieved from /home/airflow/.local/lib/python3.6/site-packages/airflow/example_dags/example_xcom.py
[2022-06-04 23:06:50,549] {logging_mixin.py:104} INFO - [2022-06-04 23:06:50,549] {dag.py:1818} INFO - Sync 1 DAGs
[2022-06-04 23:06:50,583] {logging_mixin.py:104} INFO - [2022-06-04 23:06:50,582] {dag.py:2273} INFO - Setting next_dagrun for example_xcom to 2022-06-02 00:00:00+00:00
[2022-06-04 23:06:50,601] {scheduler_job.py:190} INFO - Processing /home/airflow/.local/lib/python3.6/site-packages/airflow/example_dags/example_xcom.py took 0.149 seconds
[2022-06-04 23:07:20,757] {scheduler_job.py:182} INFO - Started process (PID=467) to work on /home/airflow/.local/lib/python3.6/site-packages/airflow/example_dags/example_xcom.py
[2022-06-04 23:07:20,770] {scheduler_job.py:629} INFO - Processing file /home/airflow/.local/lib/python3.6/site-packages/airflow/example_dags/example_xcom.py for tasks to queue
[2022-06-04 23:07:20,776] {logging_mixin.py:104} INFO - [2022-06-04 23:07:20,776] {dagbag.py:448} INFO - Filling up the DagBag from /home/airflow/.local/lib/python3.6/site-packages/airflow/example_dags/example_xcom.py
[2022-06-04 23:07:20,832] {scheduler_job.py:639} INFO - DAG(s) dict_keys(['example_xcom']) retrieved from /home/airflow/.local/lib/python3.6/site-packages/airflow/example_dags/example_xcom.py
[2022-06-04 23:07:20,889] {logging_mixin.py:104} INFO - [2022-06-04 23:07:20,889] {dag.py:1818} INFO - Sync 1 DAGs
[2022-06-04 23:07:20,946] {logging_mixin.py:104} INFO - [2022-06-04 23:07:20,946] {dag.py:2273} INFO - Setting next_dagrun for example_xcom to 2022-06-02 00:00:00+00:00
[2022-06-04 23:07:20,997] {scheduler_job.py:190} INFO - Processing /home/airflow/.local/lib/python3.6/site-packages/airflow/example_dags/example_xcom.py took 0.252 seconds
[2022-06-04 23:07:52,822] {scheduler_job.py:182} INFO - Started process (PID=491) to work on /home/airflow/.local/lib/python3.6/site-packages/airflow/example_dags/example_xcom.py
[2022-06-04 23:07:52,839] {scheduler_job.py:629} INFO - Processing file /home/airflow/.local/lib/python3.6/site-packages/airflow/example_dags/example_xcom.py for tasks to queue
[2022-06-04 23:07:52,841] {logging_mixin.py:104} INFO - [2022-06-04 23:07:52,841] {dagbag.py:448} INFO - Filling up the DagBag from /home/airflow/.local/lib/python3.6/site-packages/airflow/example_dags/example_xcom.py
[2022-06-04 23:07:52,942] {scheduler_job.py:639} INFO - DAG(s) dict_keys(['example_xcom']) retrieved from /home/airflow/.local/lib/python3.6/site-packages/airflow/example_dags/example_xcom.py
[2022-06-04 23:07:53,212] {logging_mixin.py:104} INFO - [2022-06-04 23:07:53,212] {dag.py:1818} INFO - Sync 1 DAGs
[2022-06-04 23:07:53,359] {logging_mixin.py:104} INFO - [2022-06-04 23:07:53,359] {dag.py:2273} INFO - Setting next_dagrun for example_xcom to 2022-06-02 00:00:00+00:00
[2022-06-04 23:07:53,390] {scheduler_job.py:190} INFO - Processing /home/airflow/.local/lib/python3.6/site-packages/airflow/example_dags/example_xcom.py took 0.594 seconds
[2022-06-04 23:08:23,938] {scheduler_job.py:182} INFO - Started process (PID=517) to work on /home/airflow/.local/lib/python3.6/site-packages/airflow/example_dags/example_xcom.py
[2022-06-04 23:08:23,945] {scheduler_job.py:629} INFO - Processing file /home/airflow/.local/lib/python3.6/site-packages/airflow/example_dags/example_xcom.py for tasks to queue
[2022-06-04 23:08:23,947] {logging_mixin.py:104} INFO - [2022-06-04 23:08:23,947] {dagbag.py:448} INFO - Filling up the DagBag from /home/airflow/.local/lib/python3.6/site-packages/airflow/example_dags/example_xcom.py
[2022-06-04 23:08:23,976] {scheduler_job.py:639} INFO - DAG(s) dict_keys(['example_xcom']) retrieved from /home/airflow/.local/lib/python3.6/site-packages/airflow/example_dags/example_xcom.py
[2022-06-04 23:08:24,019] {logging_mixin.py:104} INFO - [2022-06-04 23:08:24,019] {dag.py:1818} INFO - Sync 1 DAGs
[2022-06-04 23:08:24,090] {logging_mixin.py:104} INFO - [2022-06-04 23:08:24,090] {dag.py:2273} INFO - Setting next_dagrun for example_xcom to 2022-06-02 00:00:00+00:00
[2022-06-04 23:08:24,143] {scheduler_job.py:190} INFO - Processing /home/airflow/.local/lib/python3.6/site-packages/airflow/example_dags/example_xcom.py took 0.210 seconds
[2022-06-04 23:08:55,483] {scheduler_job.py:182} INFO - Started process (PID=542) to work on /home/airflow/.local/lib/python3.6/site-packages/airflow/example_dags/example_xcom.py
[2022-06-04 23:08:55,509] {scheduler_job.py:629} INFO - Processing file /home/airflow/.local/lib/python3.6/site-packages/airflow/example_dags/example_xcom.py for tasks to queue
[2022-06-04 23:08:55,571] {logging_mixin.py:104} INFO - [2022-06-04 23:08:55,570] {dagbag.py:448} INFO - Filling up the DagBag from /home/airflow/.local/lib/python3.6/site-packages/airflow/example_dags/example_xcom.py
[2022-06-04 23:08:55,785] {scheduler_job.py:639} INFO - DAG(s) dict_keys(['example_xcom']) retrieved from /home/airflow/.local/lib/python3.6/site-packages/airflow/example_dags/example_xcom.py
[2022-06-04 23:08:56,566] {logging_mixin.py:104} INFO - [2022-06-04 23:08:56,566] {dag.py:1818} INFO - Sync 1 DAGs
[2022-06-04 23:08:57,189] {logging_mixin.py:104} INFO - [2022-06-04 23:08:57,188] {dag.py:2273} INFO - Setting next_dagrun for example_xcom to 2022-06-02 00:00:00+00:00
[2022-06-04 23:08:57,646] {scheduler_job.py:190} INFO - Processing /home/airflow/.local/lib/python3.6/site-packages/airflow/example_dags/example_xcom.py took 2.210 seconds
[2022-06-04 23:09:28,182] {scheduler_job.py:182} INFO - Started process (PID=568) to work on /home/airflow/.local/lib/python3.6/site-packages/airflow/example_dags/example_xcom.py
[2022-06-04 23:09:28,185] {scheduler_job.py:629} INFO - Processing file /home/airflow/.local/lib/python3.6/site-packages/airflow/example_dags/example_xcom.py for tasks to queue
[2022-06-04 23:09:28,190] {logging_mixin.py:104} INFO - [2022-06-04 23:09:28,189] {dagbag.py:448} INFO - Filling up the DagBag from /home/airflow/.local/lib/python3.6/site-packages/airflow/example_dags/example_xcom.py
[2022-06-04 23:09:28,215] {scheduler_job.py:639} INFO - DAG(s) dict_keys(['example_xcom']) retrieved from /home/airflow/.local/lib/python3.6/site-packages/airflow/example_dags/example_xcom.py
[2022-06-04 23:09:28,274] {logging_mixin.py:104} INFO - [2022-06-04 23:09:28,274] {dag.py:1818} INFO - Sync 1 DAGs
[2022-06-04 23:09:28,325] {logging_mixin.py:104} INFO - [2022-06-04 23:09:28,325] {dag.py:2273} INFO - Setting next_dagrun for example_xcom to 2022-06-02 00:00:00+00:00
[2022-06-04 23:09:28,354] {scheduler_job.py:190} INFO - Processing /home/airflow/.local/lib/python3.6/site-packages/airflow/example_dags/example_xcom.py took 0.177 seconds
[2022-06-04 23:09:58,498] {scheduler_job.py:182} INFO - Started process (PID=594) to work on /home/airflow/.local/lib/python3.6/site-packages/airflow/example_dags/example_xcom.py
[2022-06-04 23:09:58,515] {scheduler_job.py:629} INFO - Processing file /home/airflow/.local/lib/python3.6/site-packages/airflow/example_dags/example_xcom.py for tasks to queue
[2022-06-04 23:09:58,521] {logging_mixin.py:104} INFO - [2022-06-04 23:09:58,521] {dagbag.py:448} INFO - Filling up the DagBag from /home/airflow/.local/lib/python3.6/site-packages/airflow/example_dags/example_xcom.py
[2022-06-04 23:09:58,569] {scheduler_job.py:639} INFO - DAG(s) dict_keys(['example_xcom']) retrieved from /home/airflow/.local/lib/python3.6/site-packages/airflow/example_dags/example_xcom.py
[2022-06-04 23:09:58,647] {logging_mixin.py:104} INFO - [2022-06-04 23:09:58,646] {dag.py:1818} INFO - Sync 1 DAGs
[2022-06-04 23:09:58,671] {logging_mixin.py:104} INFO - [2022-06-04 23:09:58,670] {dag.py:2273} INFO - Setting next_dagrun for example_xcom to 2022-06-02 00:00:00+00:00
[2022-06-04 23:09:58,689] {scheduler_job.py:190} INFO - Processing /home/airflow/.local/lib/python3.6/site-packages/airflow/example_dags/example_xcom.py took 0.202 seconds
[2022-06-04 23:10:29,391] {scheduler_job.py:182} INFO - Started process (PID=620) to work on /home/airflow/.local/lib/python3.6/site-packages/airflow/example_dags/example_xcom.py
[2022-06-04 23:10:29,394] {scheduler_job.py:629} INFO - Processing file /home/airflow/.local/lib/python3.6/site-packages/airflow/example_dags/example_xcom.py for tasks to queue
[2022-06-04 23:10:29,396] {logging_mixin.py:104} INFO - [2022-06-04 23:10:29,396] {dagbag.py:448} INFO - Filling up the DagBag from /home/airflow/.local/lib/python3.6/site-packages/airflow/example_dags/example_xcom.py
[2022-06-04 23:10:29,418] {scheduler_job.py:639} INFO - DAG(s) dict_keys(['example_xcom']) retrieved from /home/airflow/.local/lib/python3.6/site-packages/airflow/example_dags/example_xcom.py
[2022-06-04 23:10:29,455] {logging_mixin.py:104} INFO - [2022-06-04 23:10:29,455] {dag.py:1818} INFO - Sync 1 DAGs
[2022-06-04 23:10:29,484] {logging_mixin.py:104} INFO - [2022-06-04 23:10:29,484] {dag.py:2273} INFO - Setting next_dagrun for example_xcom to 2022-06-02 00:00:00+00:00
[2022-06-04 23:10:29,510] {scheduler_job.py:190} INFO - Processing /home/airflow/.local/lib/python3.6/site-packages/airflow/example_dags/example_xcom.py took 0.124 seconds
[2022-06-04 23:11:00,283] {scheduler_job.py:182} INFO - Started process (PID=646) to work on /home/airflow/.local/lib/python3.6/site-packages/airflow/example_dags/example_xcom.py
[2022-06-04 23:11:00,294] {scheduler_job.py:629} INFO - Processing file /home/airflow/.local/lib/python3.6/site-packages/airflow/example_dags/example_xcom.py for tasks to queue
[2022-06-04 23:11:00,297] {logging_mixin.py:104} INFO - [2022-06-04 23:11:00,297] {dagbag.py:448} INFO - Filling up the DagBag from /home/airflow/.local/lib/python3.6/site-packages/airflow/example_dags/example_xcom.py
[2022-06-04 23:11:00,330] {scheduler_job.py:639} INFO - DAG(s) dict_keys(['example_xcom']) retrieved from /home/airflow/.local/lib/python3.6/site-packages/airflow/example_dags/example_xcom.py
[2022-06-04 23:11:00,383] {logging_mixin.py:104} INFO - [2022-06-04 23:11:00,382] {dag.py:1818} INFO - Sync 1 DAGs
[2022-06-04 23:11:00,406] {logging_mixin.py:104} INFO - [2022-06-04 23:11:00,406] {dag.py:2273} INFO - Setting next_dagrun for example_xcom to 2022-06-02 00:00:00+00:00
[2022-06-04 23:11:00,432] {scheduler_job.py:190} INFO - Processing /home/airflow/.local/lib/python3.6/site-packages/airflow/example_dags/example_xcom.py took 0.157 seconds
[2022-06-04 23:11:31,282] {scheduler_job.py:182} INFO - Started process (PID=672) to work on /home/airflow/.local/lib/python3.6/site-packages/airflow/example_dags/example_xcom.py
[2022-06-04 23:11:31,299] {scheduler_job.py:629} INFO - Processing file /home/airflow/.local/lib/python3.6/site-packages/airflow/example_dags/example_xcom.py for tasks to queue
[2022-06-04 23:11:31,311] {logging_mixin.py:104} INFO - [2022-06-04 23:11:31,310] {dagbag.py:448} INFO - Filling up the DagBag from /home/airflow/.local/lib/python3.6/site-packages/airflow/example_dags/example_xcom.py
[2022-06-04 23:11:31,356] {scheduler_job.py:639} INFO - DAG(s) dict_keys(['example_xcom']) retrieved from /home/airflow/.local/lib/python3.6/site-packages/airflow/example_dags/example_xcom.py
[2022-06-04 23:11:31,474] {logging_mixin.py:104} INFO - [2022-06-04 23:11:31,473] {dag.py:1818} INFO - Sync 1 DAGs
[2022-06-04 23:11:31,521] {logging_mixin.py:104} INFO - [2022-06-04 23:11:31,521] {dag.py:2273} INFO - Setting next_dagrun for example_xcom to 2022-06-02 00:00:00+00:00
[2022-06-04 23:11:31,547] {scheduler_job.py:190} INFO - Processing /home/airflow/.local/lib/python3.6/site-packages/airflow/example_dags/example_xcom.py took 0.278 seconds
[2022-06-04 23:12:02,153] {scheduler_job.py:182} INFO - Started process (PID=698) to work on /home/airflow/.local/lib/python3.6/site-packages/airflow/example_dags/example_xcom.py
[2022-06-04 23:12:02,165] {scheduler_job.py:629} INFO - Processing file /home/airflow/.local/lib/python3.6/site-packages/airflow/example_dags/example_xcom.py for tasks to queue
[2022-06-04 23:12:02,168] {logging_mixin.py:104} INFO - [2022-06-04 23:12:02,168] {dagbag.py:448} INFO - Filling up the DagBag from /home/airflow/.local/lib/python3.6/site-packages/airflow/example_dags/example_xcom.py
[2022-06-04 23:12:02,197] {scheduler_job.py:639} INFO - DAG(s) dict_keys(['example_xcom']) retrieved from /home/airflow/.local/lib/python3.6/site-packages/airflow/example_dags/example_xcom.py
[2022-06-04 23:12:02,238] {logging_mixin.py:104} INFO - [2022-06-04 23:12:02,238] {dag.py:1818} INFO - Sync 1 DAGs
[2022-06-04 23:12:02,271] {logging_mixin.py:104} INFO - [2022-06-04 23:12:02,270] {dag.py:2273} INFO - Setting next_dagrun for example_xcom to 2022-06-02 00:00:00+00:00
[2022-06-04 23:12:02,291] {scheduler_job.py:190} INFO - Processing /home/airflow/.local/lib/python3.6/site-packages/airflow/example_dags/example_xcom.py took 0.149 seconds
[2022-06-04 23:12:33,229] {scheduler_job.py:182} INFO - Started process (PID=724) to work on /home/airflow/.local/lib/python3.6/site-packages/airflow/example_dags/example_xcom.py
[2022-06-04 23:12:33,238] {scheduler_job.py:629} INFO - Processing file /home/airflow/.local/lib/python3.6/site-packages/airflow/example_dags/example_xcom.py for tasks to queue
[2022-06-04 23:12:33,241] {logging_mixin.py:104} INFO - [2022-06-04 23:12:33,241] {dagbag.py:448} INFO - Filling up the DagBag from /home/airflow/.local/lib/python3.6/site-packages/airflow/example_dags/example_xcom.py
[2022-06-04 23:12:33,273] {scheduler_job.py:639} INFO - DAG(s) dict_keys(['example_xcom']) retrieved from /home/airflow/.local/lib/python3.6/site-packages/airflow/example_dags/example_xcom.py
[2022-06-04 23:12:33,317] {logging_mixin.py:104} INFO - [2022-06-04 23:12:33,317] {dag.py:1818} INFO - Sync 1 DAGs
[2022-06-04 23:12:33,350] {logging_mixin.py:104} INFO - [2022-06-04 23:12:33,349] {dag.py:2273} INFO - Setting next_dagrun for example_xcom to 2022-06-02 00:00:00+00:00
[2022-06-04 23:12:33,376] {scheduler_job.py:190} INFO - Processing /home/airflow/.local/lib/python3.6/site-packages/airflow/example_dags/example_xcom.py took 0.153 seconds
