[2022-06-04 22:28:24,849] {scheduler_job.py:182} INFO - Started process (PID=38) to work on /home/airflow/.local/lib/python3.6/site-packages/airflow/example_dags/tutorial_etl_dag.py
[2022-06-04 22:28:24,861] {scheduler_job.py:629} INFO - Processing file /home/airflow/.local/lib/python3.6/site-packages/airflow/example_dags/tutorial_etl_dag.py for tasks to queue
[2022-06-04 22:28:24,867] {logging_mixin.py:104} INFO - [2022-06-04 22:28:24,867] {dagbag.py:448} INFO - Filling up the DagBag from /home/airflow/.local/lib/python3.6/site-packages/airflow/example_dags/tutorial_etl_dag.py
[2022-06-04 22:28:25,180] {scheduler_job.py:639} INFO - DAG(s) dict_keys(['tutorial_etl_dag']) retrieved from /home/airflow/.local/lib/python3.6/site-packages/airflow/example_dags/tutorial_etl_dag.py
[2022-06-04 22:28:25,498] {logging_mixin.py:104} INFO - [2022-06-04 22:28:25,497] {dag.py:1818} INFO - Sync 1 DAGs
[2022-06-04 22:28:25,671] {logging_mixin.py:104} INFO - [2022-06-04 22:28:25,670] {dag.py:1837} INFO - Creating ORM DAG for tutorial_etl_dag
[2022-06-04 22:28:25,763] {logging_mixin.py:104} INFO - [2022-06-04 22:28:25,763] {dag.py:2273} INFO - Setting next_dagrun for tutorial_etl_dag to None
[2022-06-04 22:28:25,893] {scheduler_job.py:190} INFO - Processing /home/airflow/.local/lib/python3.6/site-packages/airflow/example_dags/tutorial_etl_dag.py took 1.058 seconds
[2022-06-04 22:28:56,350] {scheduler_job.py:182} INFO - Started process (PID=64) to work on /home/airflow/.local/lib/python3.6/site-packages/airflow/example_dags/tutorial_etl_dag.py
[2022-06-04 22:28:56,359] {scheduler_job.py:629} INFO - Processing file /home/airflow/.local/lib/python3.6/site-packages/airflow/example_dags/tutorial_etl_dag.py for tasks to queue
[2022-06-04 22:28:56,366] {logging_mixin.py:104} INFO - [2022-06-04 22:28:56,366] {dagbag.py:448} INFO - Filling up the DagBag from /home/airflow/.local/lib/python3.6/site-packages/airflow/example_dags/tutorial_etl_dag.py
[2022-06-04 22:28:56,548] {scheduler_job.py:639} INFO - DAG(s) dict_keys(['tutorial_etl_dag']) retrieved from /home/airflow/.local/lib/python3.6/site-packages/airflow/example_dags/tutorial_etl_dag.py
[2022-06-04 22:28:56,714] {logging_mixin.py:104} INFO - [2022-06-04 22:28:56,714] {dag.py:1818} INFO - Sync 1 DAGs
[2022-06-04 22:28:56,810] {logging_mixin.py:104} INFO - [2022-06-04 22:28:56,809] {dag.py:2273} INFO - Setting next_dagrun for tutorial_etl_dag to None
[2022-06-04 22:28:56,917] {scheduler_job.py:190} INFO - Processing /home/airflow/.local/lib/python3.6/site-packages/airflow/example_dags/tutorial_etl_dag.py took 0.625 seconds
[2022-06-04 22:29:27,820] {scheduler_job.py:182} INFO - Started process (PID=90) to work on /home/airflow/.local/lib/python3.6/site-packages/airflow/example_dags/tutorial_etl_dag.py
[2022-06-04 22:29:27,834] {scheduler_job.py:629} INFO - Processing file /home/airflow/.local/lib/python3.6/site-packages/airflow/example_dags/tutorial_etl_dag.py for tasks to queue
[2022-06-04 22:29:27,861] {logging_mixin.py:104} INFO - [2022-06-04 22:29:27,848] {dagbag.py:448} INFO - Filling up the DagBag from /home/airflow/.local/lib/python3.6/site-packages/airflow/example_dags/tutorial_etl_dag.py
[2022-06-04 22:29:28,268] {scheduler_job.py:639} INFO - DAG(s) dict_keys(['tutorial_etl_dag']) retrieved from /home/airflow/.local/lib/python3.6/site-packages/airflow/example_dags/tutorial_etl_dag.py
[2022-06-04 22:29:28,487] {logging_mixin.py:104} INFO - [2022-06-04 22:29:28,486] {dag.py:1818} INFO - Sync 1 DAGs
[2022-06-04 22:29:28,675] {logging_mixin.py:104} INFO - [2022-06-04 22:29:28,675] {dag.py:2273} INFO - Setting next_dagrun for tutorial_etl_dag to None
[2022-06-04 22:29:28,799] {scheduler_job.py:190} INFO - Processing /home/airflow/.local/lib/python3.6/site-packages/airflow/example_dags/tutorial_etl_dag.py took 1.071 seconds
[2022-06-04 22:29:59,374] {scheduler_job.py:182} INFO - Started process (PID=116) to work on /home/airflow/.local/lib/python3.6/site-packages/airflow/example_dags/tutorial_etl_dag.py
[2022-06-04 22:29:59,395] {scheduler_job.py:629} INFO - Processing file /home/airflow/.local/lib/python3.6/site-packages/airflow/example_dags/tutorial_etl_dag.py for tasks to queue
[2022-06-04 22:29:59,415] {logging_mixin.py:104} INFO - [2022-06-04 22:29:59,415] {dagbag.py:448} INFO - Filling up the DagBag from /home/airflow/.local/lib/python3.6/site-packages/airflow/example_dags/tutorial_etl_dag.py
[2022-06-04 22:29:59,608] {scheduler_job.py:639} INFO - DAG(s) dict_keys(['tutorial_etl_dag']) retrieved from /home/airflow/.local/lib/python3.6/site-packages/airflow/example_dags/tutorial_etl_dag.py
[2022-06-04 22:29:59,826] {logging_mixin.py:104} INFO - [2022-06-04 22:29:59,825] {dag.py:1818} INFO - Sync 1 DAGs
[2022-06-04 22:30:00,001] {logging_mixin.py:104} INFO - [2022-06-04 22:30:00,001] {dag.py:2273} INFO - Setting next_dagrun for tutorial_etl_dag to None
[2022-06-04 22:30:00,077] {scheduler_job.py:190} INFO - Processing /home/airflow/.local/lib/python3.6/site-packages/airflow/example_dags/tutorial_etl_dag.py took 0.852 seconds
[2022-06-04 22:30:30,544] {scheduler_job.py:182} INFO - Started process (PID=142) to work on /home/airflow/.local/lib/python3.6/site-packages/airflow/example_dags/tutorial_etl_dag.py
[2022-06-04 22:30:30,599] {scheduler_job.py:629} INFO - Processing file /home/airflow/.local/lib/python3.6/site-packages/airflow/example_dags/tutorial_etl_dag.py for tasks to queue
[2022-06-04 22:30:30,623] {logging_mixin.py:104} INFO - [2022-06-04 22:30:30,613] {dagbag.py:448} INFO - Filling up the DagBag from /home/airflow/.local/lib/python3.6/site-packages/airflow/example_dags/tutorial_etl_dag.py
[2022-06-04 22:30:30,899] {scheduler_job.py:639} INFO - DAG(s) dict_keys(['tutorial_etl_dag']) retrieved from /home/airflow/.local/lib/python3.6/site-packages/airflow/example_dags/tutorial_etl_dag.py
[2022-06-04 22:30:31,136] {logging_mixin.py:104} INFO - [2022-06-04 22:30:31,135] {dag.py:1818} INFO - Sync 1 DAGs
[2022-06-04 22:30:31,329] {logging_mixin.py:104} INFO - [2022-06-04 22:30:31,328] {dag.py:2273} INFO - Setting next_dagrun for tutorial_etl_dag to None
[2022-06-04 22:30:31,472] {scheduler_job.py:190} INFO - Processing /home/airflow/.local/lib/python3.6/site-packages/airflow/example_dags/tutorial_etl_dag.py took 0.942 seconds
[2022-06-04 22:31:01,883] {scheduler_job.py:182} INFO - Started process (PID=168) to work on /home/airflow/.local/lib/python3.6/site-packages/airflow/example_dags/tutorial_etl_dag.py
[2022-06-04 22:31:01,889] {scheduler_job.py:629} INFO - Processing file /home/airflow/.local/lib/python3.6/site-packages/airflow/example_dags/tutorial_etl_dag.py for tasks to queue
[2022-06-04 22:31:01,904] {logging_mixin.py:104} INFO - [2022-06-04 22:31:01,904] {dagbag.py:448} INFO - Filling up the DagBag from /home/airflow/.local/lib/python3.6/site-packages/airflow/example_dags/tutorial_etl_dag.py
[2022-06-04 22:31:02,008] {scheduler_job.py:639} INFO - DAG(s) dict_keys(['tutorial_etl_dag']) retrieved from /home/airflow/.local/lib/python3.6/site-packages/airflow/example_dags/tutorial_etl_dag.py
[2022-06-04 22:31:02,132] {logging_mixin.py:104} INFO - [2022-06-04 22:31:02,132] {dag.py:1818} INFO - Sync 1 DAGs
[2022-06-04 22:31:02,189] {logging_mixin.py:104} INFO - [2022-06-04 22:31:02,189] {dag.py:2273} INFO - Setting next_dagrun for tutorial_etl_dag to None
[2022-06-04 22:31:02,229] {scheduler_job.py:190} INFO - Processing /home/airflow/.local/lib/python3.6/site-packages/airflow/example_dags/tutorial_etl_dag.py took 0.386 seconds
[2022-06-04 22:31:33,193] {scheduler_job.py:182} INFO - Started process (PID=194) to work on /home/airflow/.local/lib/python3.6/site-packages/airflow/example_dags/tutorial_etl_dag.py
[2022-06-04 22:31:33,201] {scheduler_job.py:629} INFO - Processing file /home/airflow/.local/lib/python3.6/site-packages/airflow/example_dags/tutorial_etl_dag.py for tasks to queue
[2022-06-04 22:31:33,211] {logging_mixin.py:104} INFO - [2022-06-04 22:31:33,211] {dagbag.py:448} INFO - Filling up the DagBag from /home/airflow/.local/lib/python3.6/site-packages/airflow/example_dags/tutorial_etl_dag.py
[2022-06-04 22:31:33,245] {scheduler_job.py:639} INFO - DAG(s) dict_keys(['tutorial_etl_dag']) retrieved from /home/airflow/.local/lib/python3.6/site-packages/airflow/example_dags/tutorial_etl_dag.py
[2022-06-04 22:31:33,306] {logging_mixin.py:104} INFO - [2022-06-04 22:31:33,306] {dag.py:1818} INFO - Sync 1 DAGs
[2022-06-04 22:31:33,350] {logging_mixin.py:104} INFO - [2022-06-04 22:31:33,350] {dag.py:2273} INFO - Setting next_dagrun for tutorial_etl_dag to None
[2022-06-04 22:31:33,380] {scheduler_job.py:190} INFO - Processing /home/airflow/.local/lib/python3.6/site-packages/airflow/example_dags/tutorial_etl_dag.py took 0.191 seconds
[2022-06-04 22:32:04,399] {scheduler_job.py:182} INFO - Started process (PID=220) to work on /home/airflow/.local/lib/python3.6/site-packages/airflow/example_dags/tutorial_etl_dag.py
[2022-06-04 22:32:04,404] {scheduler_job.py:629} INFO - Processing file /home/airflow/.local/lib/python3.6/site-packages/airflow/example_dags/tutorial_etl_dag.py for tasks to queue
[2022-06-04 22:32:04,408] {logging_mixin.py:104} INFO - [2022-06-04 22:32:04,408] {dagbag.py:448} INFO - Filling up the DagBag from /home/airflow/.local/lib/python3.6/site-packages/airflow/example_dags/tutorial_etl_dag.py
[2022-06-04 22:32:04,438] {scheduler_job.py:639} INFO - DAG(s) dict_keys(['tutorial_etl_dag']) retrieved from /home/airflow/.local/lib/python3.6/site-packages/airflow/example_dags/tutorial_etl_dag.py
[2022-06-04 22:32:04,475] {logging_mixin.py:104} INFO - [2022-06-04 22:32:04,475] {dag.py:1818} INFO - Sync 1 DAGs
[2022-06-04 22:32:04,509] {logging_mixin.py:104} INFO - [2022-06-04 22:32:04,509] {dag.py:2273} INFO - Setting next_dagrun for tutorial_etl_dag to None
[2022-06-04 22:32:04,535] {scheduler_job.py:190} INFO - Processing /home/airflow/.local/lib/python3.6/site-packages/airflow/example_dags/tutorial_etl_dag.py took 0.144 seconds
[2022-06-04 22:32:35,186] {scheduler_job.py:182} INFO - Started process (PID=246) to work on /home/airflow/.local/lib/python3.6/site-packages/airflow/example_dags/tutorial_etl_dag.py
[2022-06-04 22:32:35,227] {scheduler_job.py:629} INFO - Processing file /home/airflow/.local/lib/python3.6/site-packages/airflow/example_dags/tutorial_etl_dag.py for tasks to queue
[2022-06-04 22:32:35,242] {logging_mixin.py:104} INFO - [2022-06-04 22:32:35,242] {dagbag.py:448} INFO - Filling up the DagBag from /home/airflow/.local/lib/python3.6/site-packages/airflow/example_dags/tutorial_etl_dag.py
[2022-06-04 22:32:35,712] {scheduler_job.py:639} INFO - DAG(s) dict_keys(['tutorial_etl_dag']) retrieved from /home/airflow/.local/lib/python3.6/site-packages/airflow/example_dags/tutorial_etl_dag.py
[2022-06-04 22:32:36,418] {logging_mixin.py:104} INFO - [2022-06-04 22:32:36,418] {dag.py:1818} INFO - Sync 1 DAGs
[2022-06-04 22:32:36,815] {logging_mixin.py:104} INFO - [2022-06-04 22:32:36,815] {dag.py:2273} INFO - Setting next_dagrun for tutorial_etl_dag to None
[2022-06-04 22:32:37,106] {scheduler_job.py:190} INFO - Processing /home/airflow/.local/lib/python3.6/site-packages/airflow/example_dags/tutorial_etl_dag.py took 1.965 seconds
[2022-06-04 22:33:07,884] {scheduler_job.py:182} INFO - Started process (PID=272) to work on /home/airflow/.local/lib/python3.6/site-packages/airflow/example_dags/tutorial_etl_dag.py
[2022-06-04 22:33:07,891] {scheduler_job.py:629} INFO - Processing file /home/airflow/.local/lib/python3.6/site-packages/airflow/example_dags/tutorial_etl_dag.py for tasks to queue
[2022-06-04 22:33:07,897] {logging_mixin.py:104} INFO - [2022-06-04 22:33:07,895] {dagbag.py:448} INFO - Filling up the DagBag from /home/airflow/.local/lib/python3.6/site-packages/airflow/example_dags/tutorial_etl_dag.py
[2022-06-04 22:33:07,934] {scheduler_job.py:639} INFO - DAG(s) dict_keys(['tutorial_etl_dag']) retrieved from /home/airflow/.local/lib/python3.6/site-packages/airflow/example_dags/tutorial_etl_dag.py
[2022-06-04 22:33:08,026] {logging_mixin.py:104} INFO - [2022-06-04 22:33:08,025] {dag.py:1818} INFO - Sync 1 DAGs
[2022-06-04 22:33:08,073] {logging_mixin.py:104} INFO - [2022-06-04 22:33:08,073] {dag.py:2273} INFO - Setting next_dagrun for tutorial_etl_dag to None
[2022-06-04 22:33:08,088] {scheduler_job.py:190} INFO - Processing /home/airflow/.local/lib/python3.6/site-packages/airflow/example_dags/tutorial_etl_dag.py took 0.225 seconds
[2022-06-04 22:33:38,288] {scheduler_job.py:182} INFO - Started process (PID=298) to work on /home/airflow/.local/lib/python3.6/site-packages/airflow/example_dags/tutorial_etl_dag.py
[2022-06-04 22:33:38,293] {scheduler_job.py:629} INFO - Processing file /home/airflow/.local/lib/python3.6/site-packages/airflow/example_dags/tutorial_etl_dag.py for tasks to queue
[2022-06-04 22:33:38,295] {logging_mixin.py:104} INFO - [2022-06-04 22:33:38,295] {dagbag.py:448} INFO - Filling up the DagBag from /home/airflow/.local/lib/python3.6/site-packages/airflow/example_dags/tutorial_etl_dag.py
[2022-06-04 22:33:38,333] {scheduler_job.py:639} INFO - DAG(s) dict_keys(['tutorial_etl_dag']) retrieved from /home/airflow/.local/lib/python3.6/site-packages/airflow/example_dags/tutorial_etl_dag.py
[2022-06-04 22:33:38,453] {logging_mixin.py:104} INFO - [2022-06-04 22:33:38,453] {dag.py:1818} INFO - Sync 1 DAGs
[2022-06-04 22:33:38,529] {logging_mixin.py:104} INFO - [2022-06-04 22:33:38,528] {dag.py:2273} INFO - Setting next_dagrun for tutorial_etl_dag to None
[2022-06-04 22:33:38,556] {scheduler_job.py:190} INFO - Processing /home/airflow/.local/lib/python3.6/site-packages/airflow/example_dags/tutorial_etl_dag.py took 0.273 seconds
[2022-06-04 22:34:08,811] {scheduler_job.py:182} INFO - Started process (PID=324) to work on /home/airflow/.local/lib/python3.6/site-packages/airflow/example_dags/tutorial_etl_dag.py
[2022-06-04 22:34:08,837] {scheduler_job.py:629} INFO - Processing file /home/airflow/.local/lib/python3.6/site-packages/airflow/example_dags/tutorial_etl_dag.py for tasks to queue
[2022-06-04 22:34:08,839] {logging_mixin.py:104} INFO - [2022-06-04 22:34:08,839] {dagbag.py:448} INFO - Filling up the DagBag from /home/airflow/.local/lib/python3.6/site-packages/airflow/example_dags/tutorial_etl_dag.py
[2022-06-04 22:34:08,898] {scheduler_job.py:639} INFO - DAG(s) dict_keys(['tutorial_etl_dag']) retrieved from /home/airflow/.local/lib/python3.6/site-packages/airflow/example_dags/tutorial_etl_dag.py
[2022-06-04 22:34:09,043] {logging_mixin.py:104} INFO - [2022-06-04 22:34:09,043] {dag.py:1818} INFO - Sync 1 DAGs
[2022-06-04 22:34:09,082] {logging_mixin.py:104} INFO - [2022-06-04 22:34:09,082] {dag.py:2273} INFO - Setting next_dagrun for tutorial_etl_dag to None
[2022-06-04 22:34:09,114] {scheduler_job.py:190} INFO - Processing /home/airflow/.local/lib/python3.6/site-packages/airflow/example_dags/tutorial_etl_dag.py took 0.351 seconds
[2022-06-04 22:34:40,042] {scheduler_job.py:182} INFO - Started process (PID=350) to work on /home/airflow/.local/lib/python3.6/site-packages/airflow/example_dags/tutorial_etl_dag.py
[2022-06-04 22:34:40,045] {scheduler_job.py:629} INFO - Processing file /home/airflow/.local/lib/python3.6/site-packages/airflow/example_dags/tutorial_etl_dag.py for tasks to queue
[2022-06-04 22:34:40,047] {logging_mixin.py:104} INFO - [2022-06-04 22:34:40,047] {dagbag.py:448} INFO - Filling up the DagBag from /home/airflow/.local/lib/python3.6/site-packages/airflow/example_dags/tutorial_etl_dag.py
[2022-06-04 22:34:40,143] {scheduler_job.py:639} INFO - DAG(s) dict_keys(['tutorial_etl_dag']) retrieved from /home/airflow/.local/lib/python3.6/site-packages/airflow/example_dags/tutorial_etl_dag.py
[2022-06-04 22:34:40,252] {logging_mixin.py:104} INFO - [2022-06-04 22:34:40,252] {dag.py:1818} INFO - Sync 1 DAGs
[2022-06-04 22:34:40,347] {logging_mixin.py:104} INFO - [2022-06-04 22:34:40,347] {dag.py:2273} INFO - Setting next_dagrun for tutorial_etl_dag to None
[2022-06-04 22:34:40,392] {scheduler_job.py:190} INFO - Processing /home/airflow/.local/lib/python3.6/site-packages/airflow/example_dags/tutorial_etl_dag.py took 0.356 seconds
[2022-06-04 22:35:11,286] {scheduler_job.py:182} INFO - Started process (PID=376) to work on /home/airflow/.local/lib/python3.6/site-packages/airflow/example_dags/tutorial_etl_dag.py
[2022-06-04 22:35:11,304] {scheduler_job.py:629} INFO - Processing file /home/airflow/.local/lib/python3.6/site-packages/airflow/example_dags/tutorial_etl_dag.py for tasks to queue
[2022-06-04 22:35:11,328] {logging_mixin.py:104} INFO - [2022-06-04 22:35:11,327] {dagbag.py:448} INFO - Filling up the DagBag from /home/airflow/.local/lib/python3.6/site-packages/airflow/example_dags/tutorial_etl_dag.py
[2022-06-04 22:35:11,450] {scheduler_job.py:639} INFO - DAG(s) dict_keys(['tutorial_etl_dag']) retrieved from /home/airflow/.local/lib/python3.6/site-packages/airflow/example_dags/tutorial_etl_dag.py
[2022-06-04 22:35:11,606] {logging_mixin.py:104} INFO - [2022-06-04 22:35:11,605] {dag.py:1818} INFO - Sync 1 DAGs
[2022-06-04 22:35:11,758] {logging_mixin.py:104} INFO - [2022-06-04 22:35:11,755] {dag.py:2273} INFO - Setting next_dagrun for tutorial_etl_dag to None
[2022-06-04 22:35:11,880] {scheduler_job.py:190} INFO - Processing /home/airflow/.local/lib/python3.6/site-packages/airflow/example_dags/tutorial_etl_dag.py took 0.608 seconds
[2022-06-04 22:35:42,147] {scheduler_job.py:182} INFO - Started process (PID=402) to work on /home/airflow/.local/lib/python3.6/site-packages/airflow/example_dags/tutorial_etl_dag.py
[2022-06-04 22:35:42,151] {scheduler_job.py:629} INFO - Processing file /home/airflow/.local/lib/python3.6/site-packages/airflow/example_dags/tutorial_etl_dag.py for tasks to queue
[2022-06-04 22:35:42,154] {logging_mixin.py:104} INFO - [2022-06-04 22:35:42,154] {dagbag.py:448} INFO - Filling up the DagBag from /home/airflow/.local/lib/python3.6/site-packages/airflow/example_dags/tutorial_etl_dag.py
[2022-06-04 22:35:42,186] {scheduler_job.py:639} INFO - DAG(s) dict_keys(['tutorial_etl_dag']) retrieved from /home/airflow/.local/lib/python3.6/site-packages/airflow/example_dags/tutorial_etl_dag.py
[2022-06-04 22:35:42,220] {logging_mixin.py:104} INFO - [2022-06-04 22:35:42,219] {dag.py:1818} INFO - Sync 1 DAGs
[2022-06-04 22:35:42,248] {logging_mixin.py:104} INFO - [2022-06-04 22:35:42,248] {dag.py:2273} INFO - Setting next_dagrun for tutorial_etl_dag to None
[2022-06-04 22:35:42,274] {scheduler_job.py:190} INFO - Processing /home/airflow/.local/lib/python3.6/site-packages/airflow/example_dags/tutorial_etl_dag.py took 0.140 seconds
[2022-06-04 22:36:12,504] {scheduler_job.py:182} INFO - Started process (PID=428) to work on /home/airflow/.local/lib/python3.6/site-packages/airflow/example_dags/tutorial_etl_dag.py
[2022-06-04 22:36:12,527] {scheduler_job.py:629} INFO - Processing file /home/airflow/.local/lib/python3.6/site-packages/airflow/example_dags/tutorial_etl_dag.py for tasks to queue
[2022-06-04 22:36:12,545] {logging_mixin.py:104} INFO - [2022-06-04 22:36:12,543] {dagbag.py:448} INFO - Filling up the DagBag from /home/airflow/.local/lib/python3.6/site-packages/airflow/example_dags/tutorial_etl_dag.py
[2022-06-04 22:36:12,687] {scheduler_job.py:639} INFO - DAG(s) dict_keys(['tutorial_etl_dag']) retrieved from /home/airflow/.local/lib/python3.6/site-packages/airflow/example_dags/tutorial_etl_dag.py
[2022-06-04 22:36:12,850] {logging_mixin.py:104} INFO - [2022-06-04 22:36:12,850] {dag.py:1818} INFO - Sync 1 DAGs
[2022-06-04 22:36:13,004] {logging_mixin.py:104} INFO - [2022-06-04 22:36:13,004] {dag.py:2273} INFO - Setting next_dagrun for tutorial_etl_dag to None
[2022-06-04 22:36:13,105] {scheduler_job.py:190} INFO - Processing /home/airflow/.local/lib/python3.6/site-packages/airflow/example_dags/tutorial_etl_dag.py took 0.622 seconds
[2022-06-04 22:36:46,957] {scheduler_job.py:182} INFO - Started process (PID=453) to work on /home/airflow/.local/lib/python3.6/site-packages/airflow/example_dags/tutorial_etl_dag.py
[2022-06-04 22:36:46,994] {scheduler_job.py:629} INFO - Processing file /home/airflow/.local/lib/python3.6/site-packages/airflow/example_dags/tutorial_etl_dag.py for tasks to queue
[2022-06-04 22:36:46,997] {logging_mixin.py:104} INFO - [2022-06-04 22:36:46,997] {dagbag.py:448} INFO - Filling up the DagBag from /home/airflow/.local/lib/python3.6/site-packages/airflow/example_dags/tutorial_etl_dag.py
[2022-06-04 22:36:47,033] {scheduler_job.py:639} INFO - DAG(s) dict_keys(['tutorial_etl_dag']) retrieved from /home/airflow/.local/lib/python3.6/site-packages/airflow/example_dags/tutorial_etl_dag.py
[2022-06-04 22:36:47,120] {logging_mixin.py:104} INFO - [2022-06-04 22:36:47,120] {dag.py:1818} INFO - Sync 1 DAGs
[2022-06-04 22:36:47,220] {logging_mixin.py:104} INFO - [2022-06-04 22:36:47,220] {dag.py:2273} INFO - Setting next_dagrun for tutorial_etl_dag to None
[2022-06-04 22:36:47,362] {scheduler_job.py:190} INFO - Processing /home/airflow/.local/lib/python3.6/site-packages/airflow/example_dags/tutorial_etl_dag.py took 0.566 seconds
[2022-06-04 22:37:18,335] {scheduler_job.py:182} INFO - Started process (PID=479) to work on /home/airflow/.local/lib/python3.6/site-packages/airflow/example_dags/tutorial_etl_dag.py
[2022-06-04 22:37:18,365] {scheduler_job.py:629} INFO - Processing file /home/airflow/.local/lib/python3.6/site-packages/airflow/example_dags/tutorial_etl_dag.py for tasks to queue
[2022-06-04 22:37:18,420] {logging_mixin.py:104} INFO - [2022-06-04 22:37:18,419] {dagbag.py:448} INFO - Filling up the DagBag from /home/airflow/.local/lib/python3.6/site-packages/airflow/example_dags/tutorial_etl_dag.py
[2022-06-04 22:37:18,579] {scheduler_job.py:639} INFO - DAG(s) dict_keys(['tutorial_etl_dag']) retrieved from /home/airflow/.local/lib/python3.6/site-packages/airflow/example_dags/tutorial_etl_dag.py
[2022-06-04 22:37:18,718] {logging_mixin.py:104} INFO - [2022-06-04 22:37:18,717] {dag.py:1818} INFO - Sync 1 DAGs
[2022-06-04 22:37:18,836] {logging_mixin.py:104} INFO - [2022-06-04 22:37:18,836] {dag.py:2273} INFO - Setting next_dagrun for tutorial_etl_dag to None
[2022-06-04 22:37:18,938] {scheduler_job.py:190} INFO - Processing /home/airflow/.local/lib/python3.6/site-packages/airflow/example_dags/tutorial_etl_dag.py took 0.691 seconds
[2022-06-04 22:37:50,494] {scheduler_job.py:182} INFO - Started process (PID=504) to work on /home/airflow/.local/lib/python3.6/site-packages/airflow/example_dags/tutorial_etl_dag.py
[2022-06-04 22:37:50,518] {scheduler_job.py:629} INFO - Processing file /home/airflow/.local/lib/python3.6/site-packages/airflow/example_dags/tutorial_etl_dag.py for tasks to queue
[2022-06-04 22:37:50,532] {logging_mixin.py:104} INFO - [2022-06-04 22:37:50,527] {dagbag.py:448} INFO - Filling up the DagBag from /home/airflow/.local/lib/python3.6/site-packages/airflow/example_dags/tutorial_etl_dag.py
[2022-06-04 22:37:50,619] {scheduler_job.py:639} INFO - DAG(s) dict_keys(['tutorial_etl_dag']) retrieved from /home/airflow/.local/lib/python3.6/site-packages/airflow/example_dags/tutorial_etl_dag.py
[2022-06-04 22:37:50,864] {logging_mixin.py:104} INFO - [2022-06-04 22:37:50,864] {dag.py:1818} INFO - Sync 1 DAGs
[2022-06-04 22:37:50,918] {logging_mixin.py:104} INFO - [2022-06-04 22:37:50,917] {dag.py:2273} INFO - Setting next_dagrun for tutorial_etl_dag to None
[2022-06-04 22:37:51,185] {scheduler_job.py:190} INFO - Processing /home/airflow/.local/lib/python3.6/site-packages/airflow/example_dags/tutorial_etl_dag.py took 0.717 seconds
[2022-06-04 22:38:21,483] {scheduler_job.py:182} INFO - Started process (PID=529) to work on /home/airflow/.local/lib/python3.6/site-packages/airflow/example_dags/tutorial_etl_dag.py
[2022-06-04 22:38:21,488] {scheduler_job.py:629} INFO - Processing file /home/airflow/.local/lib/python3.6/site-packages/airflow/example_dags/tutorial_etl_dag.py for tasks to queue
[2022-06-04 22:38:21,490] {logging_mixin.py:104} INFO - [2022-06-04 22:38:21,490] {dagbag.py:448} INFO - Filling up the DagBag from /home/airflow/.local/lib/python3.6/site-packages/airflow/example_dags/tutorial_etl_dag.py
[2022-06-04 22:38:21,522] {scheduler_job.py:639} INFO - DAG(s) dict_keys(['tutorial_etl_dag']) retrieved from /home/airflow/.local/lib/python3.6/site-packages/airflow/example_dags/tutorial_etl_dag.py
[2022-06-04 22:38:21,558] {logging_mixin.py:104} INFO - [2022-06-04 22:38:21,558] {dag.py:1818} INFO - Sync 1 DAGs
[2022-06-04 22:38:21,579] {logging_mixin.py:104} INFO - [2022-06-04 22:38:21,578] {dag.py:2273} INFO - Setting next_dagrun for tutorial_etl_dag to None
[2022-06-04 22:38:21,593] {scheduler_job.py:190} INFO - Processing /home/airflow/.local/lib/python3.6/site-packages/airflow/example_dags/tutorial_etl_dag.py took 0.128 seconds
[2022-06-04 22:38:52,376] {scheduler_job.py:182} INFO - Started process (PID=555) to work on /home/airflow/.local/lib/python3.6/site-packages/airflow/example_dags/tutorial_etl_dag.py
[2022-06-04 22:38:52,379] {scheduler_job.py:629} INFO - Processing file /home/airflow/.local/lib/python3.6/site-packages/airflow/example_dags/tutorial_etl_dag.py for tasks to queue
[2022-06-04 22:38:52,382] {logging_mixin.py:104} INFO - [2022-06-04 22:38:52,382] {dagbag.py:448} INFO - Filling up the DagBag from /home/airflow/.local/lib/python3.6/site-packages/airflow/example_dags/tutorial_etl_dag.py
[2022-06-04 22:38:52,463] {scheduler_job.py:639} INFO - DAG(s) dict_keys(['tutorial_etl_dag']) retrieved from /home/airflow/.local/lib/python3.6/site-packages/airflow/example_dags/tutorial_etl_dag.py
[2022-06-04 22:38:52,562] {logging_mixin.py:104} INFO - [2022-06-04 22:38:52,562] {dag.py:1818} INFO - Sync 1 DAGs
[2022-06-04 22:38:52,608] {logging_mixin.py:104} INFO - [2022-06-04 22:38:52,608] {dag.py:2273} INFO - Setting next_dagrun for tutorial_etl_dag to None
[2022-06-04 22:38:52,621] {scheduler_job.py:190} INFO - Processing /home/airflow/.local/lib/python3.6/site-packages/airflow/example_dags/tutorial_etl_dag.py took 0.259 seconds
[2022-06-04 22:39:23,172] {scheduler_job.py:182} INFO - Started process (PID=581) to work on /home/airflow/.local/lib/python3.6/site-packages/airflow/example_dags/tutorial_etl_dag.py
[2022-06-04 22:39:23,177] {scheduler_job.py:629} INFO - Processing file /home/airflow/.local/lib/python3.6/site-packages/airflow/example_dags/tutorial_etl_dag.py for tasks to queue
[2022-06-04 22:39:23,187] {logging_mixin.py:104} INFO - [2022-06-04 22:39:23,186] {dagbag.py:448} INFO - Filling up the DagBag from /home/airflow/.local/lib/python3.6/site-packages/airflow/example_dags/tutorial_etl_dag.py
[2022-06-04 22:39:23,236] {scheduler_job.py:639} INFO - DAG(s) dict_keys(['tutorial_etl_dag']) retrieved from /home/airflow/.local/lib/python3.6/site-packages/airflow/example_dags/tutorial_etl_dag.py
[2022-06-04 22:39:23,305] {logging_mixin.py:104} INFO - [2022-06-04 22:39:23,305] {dag.py:1818} INFO - Sync 1 DAGs
[2022-06-04 22:39:23,385] {logging_mixin.py:104} INFO - [2022-06-04 22:39:23,383] {dag.py:2273} INFO - Setting next_dagrun for tutorial_etl_dag to None
[2022-06-04 22:39:23,426] {scheduler_job.py:190} INFO - Processing /home/airflow/.local/lib/python3.6/site-packages/airflow/example_dags/tutorial_etl_dag.py took 0.270 seconds
[2022-06-04 22:39:54,157] {scheduler_job.py:182} INFO - Started process (PID=607) to work on /home/airflow/.local/lib/python3.6/site-packages/airflow/example_dags/tutorial_etl_dag.py
[2022-06-04 22:39:54,161] {scheduler_job.py:629} INFO - Processing file /home/airflow/.local/lib/python3.6/site-packages/airflow/example_dags/tutorial_etl_dag.py for tasks to queue
[2022-06-04 22:39:54,166] {logging_mixin.py:104} INFO - [2022-06-04 22:39:54,166] {dagbag.py:448} INFO - Filling up the DagBag from /home/airflow/.local/lib/python3.6/site-packages/airflow/example_dags/tutorial_etl_dag.py
[2022-06-04 22:39:54,253] {scheduler_job.py:639} INFO - DAG(s) dict_keys(['tutorial_etl_dag']) retrieved from /home/airflow/.local/lib/python3.6/site-packages/airflow/example_dags/tutorial_etl_dag.py
[2022-06-04 22:39:54,366] {logging_mixin.py:104} INFO - [2022-06-04 22:39:54,365] {dag.py:1818} INFO - Sync 1 DAGs
[2022-06-04 22:39:54,424] {logging_mixin.py:104} INFO - [2022-06-04 22:39:54,423] {dag.py:2273} INFO - Setting next_dagrun for tutorial_etl_dag to None
[2022-06-04 22:39:54,448] {scheduler_job.py:190} INFO - Processing /home/airflow/.local/lib/python3.6/site-packages/airflow/example_dags/tutorial_etl_dag.py took 0.305 seconds
[2022-06-04 22:40:24,568] {scheduler_job.py:182} INFO - Started process (PID=633) to work on /home/airflow/.local/lib/python3.6/site-packages/airflow/example_dags/tutorial_etl_dag.py
[2022-06-04 22:40:24,571] {scheduler_job.py:629} INFO - Processing file /home/airflow/.local/lib/python3.6/site-packages/airflow/example_dags/tutorial_etl_dag.py for tasks to queue
[2022-06-04 22:40:24,575] {logging_mixin.py:104} INFO - [2022-06-04 22:40:24,575] {dagbag.py:448} INFO - Filling up the DagBag from /home/airflow/.local/lib/python3.6/site-packages/airflow/example_dags/tutorial_etl_dag.py
[2022-06-04 22:40:24,597] {scheduler_job.py:639} INFO - DAG(s) dict_keys(['tutorial_etl_dag']) retrieved from /home/airflow/.local/lib/python3.6/site-packages/airflow/example_dags/tutorial_etl_dag.py
[2022-06-04 22:40:24,629] {logging_mixin.py:104} INFO - [2022-06-04 22:40:24,629] {dag.py:1818} INFO - Sync 1 DAGs
[2022-06-04 22:40:24,661] {logging_mixin.py:104} INFO - [2022-06-04 22:40:24,661] {dag.py:2273} INFO - Setting next_dagrun for tutorial_etl_dag to None
[2022-06-04 22:40:24,683] {scheduler_job.py:190} INFO - Processing /home/airflow/.local/lib/python3.6/site-packages/airflow/example_dags/tutorial_etl_dag.py took 0.121 seconds
[2022-06-04 22:40:54,962] {scheduler_job.py:182} INFO - Started process (PID=659) to work on /home/airflow/.local/lib/python3.6/site-packages/airflow/example_dags/tutorial_etl_dag.py
[2022-06-04 22:40:54,976] {scheduler_job.py:629} INFO - Processing file /home/airflow/.local/lib/python3.6/site-packages/airflow/example_dags/tutorial_etl_dag.py for tasks to queue
[2022-06-04 22:40:54,979] {logging_mixin.py:104} INFO - [2022-06-04 22:40:54,979] {dagbag.py:448} INFO - Filling up the DagBag from /home/airflow/.local/lib/python3.6/site-packages/airflow/example_dags/tutorial_etl_dag.py
[2022-06-04 22:40:55,003] {scheduler_job.py:639} INFO - DAG(s) dict_keys(['tutorial_etl_dag']) retrieved from /home/airflow/.local/lib/python3.6/site-packages/airflow/example_dags/tutorial_etl_dag.py
[2022-06-04 22:40:55,038] {logging_mixin.py:104} INFO - [2022-06-04 22:40:55,037] {dag.py:1818} INFO - Sync 1 DAGs
[2022-06-04 22:40:55,064] {logging_mixin.py:104} INFO - [2022-06-04 22:40:55,063] {dag.py:2273} INFO - Setting next_dagrun for tutorial_etl_dag to None
[2022-06-04 22:40:55,090] {scheduler_job.py:190} INFO - Processing /home/airflow/.local/lib/python3.6/site-packages/airflow/example_dags/tutorial_etl_dag.py took 0.140 seconds
[2022-06-04 22:41:25,231] {scheduler_job.py:182} INFO - Started process (PID=685) to work on /home/airflow/.local/lib/python3.6/site-packages/airflow/example_dags/tutorial_etl_dag.py
[2022-06-04 22:41:25,235] {scheduler_job.py:629} INFO - Processing file /home/airflow/.local/lib/python3.6/site-packages/airflow/example_dags/tutorial_etl_dag.py for tasks to queue
[2022-06-04 22:41:25,237] {logging_mixin.py:104} INFO - [2022-06-04 22:41:25,237] {dagbag.py:448} INFO - Filling up the DagBag from /home/airflow/.local/lib/python3.6/site-packages/airflow/example_dags/tutorial_etl_dag.py
[2022-06-04 22:41:25,263] {scheduler_job.py:639} INFO - DAG(s) dict_keys(['tutorial_etl_dag']) retrieved from /home/airflow/.local/lib/python3.6/site-packages/airflow/example_dags/tutorial_etl_dag.py
[2022-06-04 22:41:25,298] {logging_mixin.py:104} INFO - [2022-06-04 22:41:25,296] {dag.py:1818} INFO - Sync 1 DAGs
[2022-06-04 22:41:25,319] {logging_mixin.py:104} INFO - [2022-06-04 22:41:25,319] {dag.py:2273} INFO - Setting next_dagrun for tutorial_etl_dag to None
[2022-06-04 22:41:25,333] {scheduler_job.py:190} INFO - Processing /home/airflow/.local/lib/python3.6/site-packages/airflow/example_dags/tutorial_etl_dag.py took 0.107 seconds
[2022-06-04 22:41:55,851] {scheduler_job.py:182} INFO - Started process (PID=711) to work on /home/airflow/.local/lib/python3.6/site-packages/airflow/example_dags/tutorial_etl_dag.py
[2022-06-04 22:41:55,864] {scheduler_job.py:629} INFO - Processing file /home/airflow/.local/lib/python3.6/site-packages/airflow/example_dags/tutorial_etl_dag.py for tasks to queue
[2022-06-04 22:41:55,872] {logging_mixin.py:104} INFO - [2022-06-04 22:41:55,871] {dagbag.py:448} INFO - Filling up the DagBag from /home/airflow/.local/lib/python3.6/site-packages/airflow/example_dags/tutorial_etl_dag.py
[2022-06-04 22:41:55,913] {scheduler_job.py:639} INFO - DAG(s) dict_keys(['tutorial_etl_dag']) retrieved from /home/airflow/.local/lib/python3.6/site-packages/airflow/example_dags/tutorial_etl_dag.py
[2022-06-04 22:41:55,959] {logging_mixin.py:104} INFO - [2022-06-04 22:41:55,959] {dag.py:1818} INFO - Sync 1 DAGs
[2022-06-04 22:41:56,017] {logging_mixin.py:104} INFO - [2022-06-04 22:41:56,017] {dag.py:2273} INFO - Setting next_dagrun for tutorial_etl_dag to None
[2022-06-04 22:41:56,039] {scheduler_job.py:190} INFO - Processing /home/airflow/.local/lib/python3.6/site-packages/airflow/example_dags/tutorial_etl_dag.py took 0.194 seconds
[2022-06-04 22:42:26,475] {scheduler_job.py:182} INFO - Started process (PID=737) to work on /home/airflow/.local/lib/python3.6/site-packages/airflow/example_dags/tutorial_etl_dag.py
[2022-06-04 22:42:26,487] {scheduler_job.py:629} INFO - Processing file /home/airflow/.local/lib/python3.6/site-packages/airflow/example_dags/tutorial_etl_dag.py for tasks to queue
[2022-06-04 22:42:26,498] {logging_mixin.py:104} INFO - [2022-06-04 22:42:26,497] {dagbag.py:448} INFO - Filling up the DagBag from /home/airflow/.local/lib/python3.6/site-packages/airflow/example_dags/tutorial_etl_dag.py
[2022-06-04 22:42:26,666] {scheduler_job.py:639} INFO - DAG(s) dict_keys(['tutorial_etl_dag']) retrieved from /home/airflow/.local/lib/python3.6/site-packages/airflow/example_dags/tutorial_etl_dag.py
[2022-06-04 22:42:26,743] {logging_mixin.py:104} INFO - [2022-06-04 22:42:26,742] {dag.py:1818} INFO - Sync 1 DAGs
[2022-06-04 22:42:26,784] {logging_mixin.py:104} INFO - [2022-06-04 22:42:26,784] {dag.py:2273} INFO - Setting next_dagrun for tutorial_etl_dag to None
[2022-06-04 22:42:26,829] {scheduler_job.py:190} INFO - Processing /home/airflow/.local/lib/python3.6/site-packages/airflow/example_dags/tutorial_etl_dag.py took 0.367 seconds
[2022-06-04 22:42:57,545] {scheduler_job.py:182} INFO - Started process (PID=763) to work on /home/airflow/.local/lib/python3.6/site-packages/airflow/example_dags/tutorial_etl_dag.py
[2022-06-04 22:42:57,581] {scheduler_job.py:629} INFO - Processing file /home/airflow/.local/lib/python3.6/site-packages/airflow/example_dags/tutorial_etl_dag.py for tasks to queue
[2022-06-04 22:42:57,599] {logging_mixin.py:104} INFO - [2022-06-04 22:42:57,599] {dagbag.py:448} INFO - Filling up the DagBag from /home/airflow/.local/lib/python3.6/site-packages/airflow/example_dags/tutorial_etl_dag.py
[2022-06-04 22:42:57,832] {scheduler_job.py:639} INFO - DAG(s) dict_keys(['tutorial_etl_dag']) retrieved from /home/airflow/.local/lib/python3.6/site-packages/airflow/example_dags/tutorial_etl_dag.py
[2022-06-04 22:42:57,939] {logging_mixin.py:104} INFO - [2022-06-04 22:42:57,939] {dag.py:1818} INFO - Sync 1 DAGs
[2022-06-04 22:42:58,002] {logging_mixin.py:104} INFO - [2022-06-04 22:42:58,002] {dag.py:2273} INFO - Setting next_dagrun for tutorial_etl_dag to None
[2022-06-04 22:42:58,083] {scheduler_job.py:190} INFO - Processing /home/airflow/.local/lib/python3.6/site-packages/airflow/example_dags/tutorial_etl_dag.py took 0.577 seconds
[2022-06-04 22:43:28,273] {scheduler_job.py:182} INFO - Started process (PID=789) to work on /home/airflow/.local/lib/python3.6/site-packages/airflow/example_dags/tutorial_etl_dag.py
[2022-06-04 22:43:28,280] {scheduler_job.py:629} INFO - Processing file /home/airflow/.local/lib/python3.6/site-packages/airflow/example_dags/tutorial_etl_dag.py for tasks to queue
[2022-06-04 22:43:28,285] {logging_mixin.py:104} INFO - [2022-06-04 22:43:28,283] {dagbag.py:448} INFO - Filling up the DagBag from /home/airflow/.local/lib/python3.6/site-packages/airflow/example_dags/tutorial_etl_dag.py
[2022-06-04 22:43:28,343] {scheduler_job.py:639} INFO - DAG(s) dict_keys(['tutorial_etl_dag']) retrieved from /home/airflow/.local/lib/python3.6/site-packages/airflow/example_dags/tutorial_etl_dag.py
[2022-06-04 22:43:28,441] {logging_mixin.py:104} INFO - [2022-06-04 22:43:28,439] {dag.py:1818} INFO - Sync 1 DAGs
[2022-06-04 22:43:28,527] {logging_mixin.py:104} INFO - [2022-06-04 22:43:28,526] {dag.py:2273} INFO - Setting next_dagrun for tutorial_etl_dag to None
[2022-06-04 22:43:28,579] {scheduler_job.py:190} INFO - Processing /home/airflow/.local/lib/python3.6/site-packages/airflow/example_dags/tutorial_etl_dag.py took 0.318 seconds
[2022-06-04 22:43:59,902] {scheduler_job.py:182} INFO - Started process (PID=814) to work on /home/airflow/.local/lib/python3.6/site-packages/airflow/example_dags/tutorial_etl_dag.py
[2022-06-04 22:43:59,952] {scheduler_job.py:629} INFO - Processing file /home/airflow/.local/lib/python3.6/site-packages/airflow/example_dags/tutorial_etl_dag.py for tasks to queue
[2022-06-04 22:43:59,998] {logging_mixin.py:104} INFO - [2022-06-04 22:43:59,996] {dagbag.py:448} INFO - Filling up the DagBag from /home/airflow/.local/lib/python3.6/site-packages/airflow/example_dags/tutorial_etl_dag.py
[2022-06-04 22:44:00,182] {scheduler_job.py:639} INFO - DAG(s) dict_keys(['tutorial_etl_dag']) retrieved from /home/airflow/.local/lib/python3.6/site-packages/airflow/example_dags/tutorial_etl_dag.py
[2022-06-04 22:44:00,540] {logging_mixin.py:104} INFO - [2022-06-04 22:44:00,539] {dag.py:1818} INFO - Sync 1 DAGs
[2022-06-04 22:44:00,720] {logging_mixin.py:104} INFO - [2022-06-04 22:44:00,720] {dag.py:2273} INFO - Setting next_dagrun for tutorial_etl_dag to None
[2022-06-04 22:44:00,830] {scheduler_job.py:190} INFO - Processing /home/airflow/.local/lib/python3.6/site-packages/airflow/example_dags/tutorial_etl_dag.py took 0.958 seconds
[2022-06-04 22:44:33,270] {scheduler_job.py:182} INFO - Started process (PID=842) to work on /home/airflow/.local/lib/python3.6/site-packages/airflow/example_dags/tutorial_etl_dag.py
[2022-06-04 22:44:33,274] {scheduler_job.py:629} INFO - Processing file /home/airflow/.local/lib/python3.6/site-packages/airflow/example_dags/tutorial_etl_dag.py for tasks to queue
[2022-06-04 22:44:33,277] {logging_mixin.py:104} INFO - [2022-06-04 22:44:33,277] {dagbag.py:448} INFO - Filling up the DagBag from /home/airflow/.local/lib/python3.6/site-packages/airflow/example_dags/tutorial_etl_dag.py
[2022-06-04 22:44:33,304] {scheduler_job.py:639} INFO - DAG(s) dict_keys(['tutorial_etl_dag']) retrieved from /home/airflow/.local/lib/python3.6/site-packages/airflow/example_dags/tutorial_etl_dag.py
[2022-06-04 22:44:33,356] {logging_mixin.py:104} INFO - [2022-06-04 22:44:33,356] {dag.py:1818} INFO - Sync 1 DAGs
[2022-06-04 22:44:33,393] {logging_mixin.py:104} INFO - [2022-06-04 22:44:33,393] {dag.py:2273} INFO - Setting next_dagrun for tutorial_etl_dag to None
[2022-06-04 22:44:33,421] {scheduler_job.py:190} INFO - Processing /home/airflow/.local/lib/python3.6/site-packages/airflow/example_dags/tutorial_etl_dag.py took 0.162 seconds
[2022-06-04 22:45:03,693] {scheduler_job.py:182} INFO - Started process (PID=868) to work on /home/airflow/.local/lib/python3.6/site-packages/airflow/example_dags/tutorial_etl_dag.py
[2022-06-04 22:45:03,696] {scheduler_job.py:629} INFO - Processing file /home/airflow/.local/lib/python3.6/site-packages/airflow/example_dags/tutorial_etl_dag.py for tasks to queue
[2022-06-04 22:45:03,698] {logging_mixin.py:104} INFO - [2022-06-04 22:45:03,698] {dagbag.py:448} INFO - Filling up the DagBag from /home/airflow/.local/lib/python3.6/site-packages/airflow/example_dags/tutorial_etl_dag.py
[2022-06-04 22:45:03,717] {scheduler_job.py:639} INFO - DAG(s) dict_keys(['tutorial_etl_dag']) retrieved from /home/airflow/.local/lib/python3.6/site-packages/airflow/example_dags/tutorial_etl_dag.py
[2022-06-04 22:45:03,762] {logging_mixin.py:104} INFO - [2022-06-04 22:45:03,761] {dag.py:1818} INFO - Sync 1 DAGs
[2022-06-04 22:45:03,788] {logging_mixin.py:104} INFO - [2022-06-04 22:45:03,788] {dag.py:2273} INFO - Setting next_dagrun for tutorial_etl_dag to None
[2022-06-04 22:45:03,808] {scheduler_job.py:190} INFO - Processing /home/airflow/.local/lib/python3.6/site-packages/airflow/example_dags/tutorial_etl_dag.py took 0.120 seconds
[2022-06-04 22:45:34,693] {scheduler_job.py:182} INFO - Started process (PID=893) to work on /home/airflow/.local/lib/python3.6/site-packages/airflow/example_dags/tutorial_etl_dag.py
[2022-06-04 22:45:34,698] {scheduler_job.py:629} INFO - Processing file /home/airflow/.local/lib/python3.6/site-packages/airflow/example_dags/tutorial_etl_dag.py for tasks to queue
[2022-06-04 22:45:34,702] {logging_mixin.py:104} INFO - [2022-06-04 22:45:34,702] {dagbag.py:448} INFO - Filling up the DagBag from /home/airflow/.local/lib/python3.6/site-packages/airflow/example_dags/tutorial_etl_dag.py
[2022-06-04 22:45:34,731] {scheduler_job.py:639} INFO - DAG(s) dict_keys(['tutorial_etl_dag']) retrieved from /home/airflow/.local/lib/python3.6/site-packages/airflow/example_dags/tutorial_etl_dag.py
[2022-06-04 22:45:34,813] {logging_mixin.py:104} INFO - [2022-06-04 22:45:34,811] {dag.py:1818} INFO - Sync 1 DAGs
[2022-06-04 22:45:34,874] {logging_mixin.py:104} INFO - [2022-06-04 22:45:34,874] {dag.py:2273} INFO - Setting next_dagrun for tutorial_etl_dag to None
[2022-06-04 22:45:34,899] {scheduler_job.py:190} INFO - Processing /home/airflow/.local/lib/python3.6/site-packages/airflow/example_dags/tutorial_etl_dag.py took 0.211 seconds
[2022-06-04 22:46:06,499] {scheduler_job.py:182} INFO - Started process (PID=919) to work on /home/airflow/.local/lib/python3.6/site-packages/airflow/example_dags/tutorial_etl_dag.py
[2022-06-04 22:46:06,502] {scheduler_job.py:629} INFO - Processing file /home/airflow/.local/lib/python3.6/site-packages/airflow/example_dags/tutorial_etl_dag.py for tasks to queue
[2022-06-04 22:46:06,507] {logging_mixin.py:104} INFO - [2022-06-04 22:46:06,507] {dagbag.py:448} INFO - Filling up the DagBag from /home/airflow/.local/lib/python3.6/site-packages/airflow/example_dags/tutorial_etl_dag.py
[2022-06-04 22:46:06,543] {scheduler_job.py:639} INFO - DAG(s) dict_keys(['tutorial_etl_dag']) retrieved from /home/airflow/.local/lib/python3.6/site-packages/airflow/example_dags/tutorial_etl_dag.py
[2022-06-04 22:46:06,588] {logging_mixin.py:104} INFO - [2022-06-04 22:46:06,588] {dag.py:1818} INFO - Sync 1 DAGs
[2022-06-04 22:46:06,625] {logging_mixin.py:104} INFO - [2022-06-04 22:46:06,624] {dag.py:2273} INFO - Setting next_dagrun for tutorial_etl_dag to None
[2022-06-04 22:46:06,653] {scheduler_job.py:190} INFO - Processing /home/airflow/.local/lib/python3.6/site-packages/airflow/example_dags/tutorial_etl_dag.py took 0.171 seconds
[2022-06-04 22:46:39,522] {scheduler_job.py:182} INFO - Started process (PID=945) to work on /home/airflow/.local/lib/python3.6/site-packages/airflow/example_dags/tutorial_etl_dag.py
[2022-06-04 22:46:39,532] {scheduler_job.py:629} INFO - Processing file /home/airflow/.local/lib/python3.6/site-packages/airflow/example_dags/tutorial_etl_dag.py for tasks to queue
[2022-06-04 22:46:39,542] {logging_mixin.py:104} INFO - [2022-06-04 22:46:39,541] {dagbag.py:448} INFO - Filling up the DagBag from /home/airflow/.local/lib/python3.6/site-packages/airflow/example_dags/tutorial_etl_dag.py
[2022-06-04 22:46:39,646] {scheduler_job.py:639} INFO - DAG(s) dict_keys(['tutorial_etl_dag']) retrieved from /home/airflow/.local/lib/python3.6/site-packages/airflow/example_dags/tutorial_etl_dag.py
[2022-06-04 22:46:39,733] {logging_mixin.py:104} INFO - [2022-06-04 22:46:39,732] {dag.py:1818} INFO - Sync 1 DAGs
[2022-06-04 22:46:39,892] {logging_mixin.py:104} INFO - [2022-06-04 22:46:39,892] {dag.py:2273} INFO - Setting next_dagrun for tutorial_etl_dag to None
[2022-06-04 22:46:39,987] {scheduler_job.py:190} INFO - Processing /home/airflow/.local/lib/python3.6/site-packages/airflow/example_dags/tutorial_etl_dag.py took 0.515 seconds
[2022-06-04 22:47:10,520] {scheduler_job.py:182} INFO - Started process (PID=971) to work on /home/airflow/.local/lib/python3.6/site-packages/airflow/example_dags/tutorial_etl_dag.py
[2022-06-04 22:47:10,527] {scheduler_job.py:629} INFO - Processing file /home/airflow/.local/lib/python3.6/site-packages/airflow/example_dags/tutorial_etl_dag.py for tasks to queue
[2022-06-04 22:47:10,533] {logging_mixin.py:104} INFO - [2022-06-04 22:47:10,533] {dagbag.py:448} INFO - Filling up the DagBag from /home/airflow/.local/lib/python3.6/site-packages/airflow/example_dags/tutorial_etl_dag.py
[2022-06-04 22:47:10,598] {scheduler_job.py:639} INFO - DAG(s) dict_keys(['tutorial_etl_dag']) retrieved from /home/airflow/.local/lib/python3.6/site-packages/airflow/example_dags/tutorial_etl_dag.py
[2022-06-04 22:47:10,698] {logging_mixin.py:104} INFO - [2022-06-04 22:47:10,698] {dag.py:1818} INFO - Sync 1 DAGs
[2022-06-04 22:47:10,773] {logging_mixin.py:104} INFO - [2022-06-04 22:47:10,773] {dag.py:2273} INFO - Setting next_dagrun for tutorial_etl_dag to None
[2022-06-04 22:47:10,839] {scheduler_job.py:190} INFO - Processing /home/airflow/.local/lib/python3.6/site-packages/airflow/example_dags/tutorial_etl_dag.py took 0.335 seconds
[2022-06-04 22:47:41,302] {scheduler_job.py:182} INFO - Started process (PID=997) to work on /home/airflow/.local/lib/python3.6/site-packages/airflow/example_dags/tutorial_etl_dag.py
[2022-06-04 22:47:41,307] {scheduler_job.py:629} INFO - Processing file /home/airflow/.local/lib/python3.6/site-packages/airflow/example_dags/tutorial_etl_dag.py for tasks to queue
[2022-06-04 22:47:41,315] {logging_mixin.py:104} INFO - [2022-06-04 22:47:41,315] {dagbag.py:448} INFO - Filling up the DagBag from /home/airflow/.local/lib/python3.6/site-packages/airflow/example_dags/tutorial_etl_dag.py
[2022-06-04 22:47:41,399] {scheduler_job.py:639} INFO - DAG(s) dict_keys(['tutorial_etl_dag']) retrieved from /home/airflow/.local/lib/python3.6/site-packages/airflow/example_dags/tutorial_etl_dag.py
[2022-06-04 22:47:41,548] {logging_mixin.py:104} INFO - [2022-06-04 22:47:41,547] {dag.py:1818} INFO - Sync 1 DAGs
[2022-06-04 22:47:41,693] {logging_mixin.py:104} INFO - [2022-06-04 22:47:41,693] {dag.py:2273} INFO - Setting next_dagrun for tutorial_etl_dag to None
[2022-06-04 22:47:41,741] {scheduler_job.py:190} INFO - Processing /home/airflow/.local/lib/python3.6/site-packages/airflow/example_dags/tutorial_etl_dag.py took 0.466 seconds
[2022-06-04 22:48:12,900] {scheduler_job.py:182} INFO - Started process (PID=1023) to work on /home/airflow/.local/lib/python3.6/site-packages/airflow/example_dags/tutorial_etl_dag.py
[2022-06-04 22:48:12,922] {scheduler_job.py:629} INFO - Processing file /home/airflow/.local/lib/python3.6/site-packages/airflow/example_dags/tutorial_etl_dag.py for tasks to queue
[2022-06-04 22:48:12,935] {logging_mixin.py:104} INFO - [2022-06-04 22:48:12,935] {dagbag.py:448} INFO - Filling up the DagBag from /home/airflow/.local/lib/python3.6/site-packages/airflow/example_dags/tutorial_etl_dag.py
[2022-06-04 22:48:13,149] {scheduler_job.py:639} INFO - DAG(s) dict_keys(['tutorial_etl_dag']) retrieved from /home/airflow/.local/lib/python3.6/site-packages/airflow/example_dags/tutorial_etl_dag.py
[2022-06-04 22:48:13,200] {logging_mixin.py:104} INFO - [2022-06-04 22:48:13,199] {dag.py:1818} INFO - Sync 1 DAGs
[2022-06-04 22:48:13,238] {logging_mixin.py:104} INFO - [2022-06-04 22:48:13,238] {dag.py:2273} INFO - Setting next_dagrun for tutorial_etl_dag to None
[2022-06-04 22:48:13,270] {scheduler_job.py:190} INFO - Processing /home/airflow/.local/lib/python3.6/site-packages/airflow/example_dags/tutorial_etl_dag.py took 0.406 seconds
[2022-06-04 22:48:43,874] {scheduler_job.py:182} INFO - Started process (PID=1049) to work on /home/airflow/.local/lib/python3.6/site-packages/airflow/example_dags/tutorial_etl_dag.py
[2022-06-04 22:48:43,877] {scheduler_job.py:629} INFO - Processing file /home/airflow/.local/lib/python3.6/site-packages/airflow/example_dags/tutorial_etl_dag.py for tasks to queue
[2022-06-04 22:48:43,881] {logging_mixin.py:104} INFO - [2022-06-04 22:48:43,880] {dagbag.py:448} INFO - Filling up the DagBag from /home/airflow/.local/lib/python3.6/site-packages/airflow/example_dags/tutorial_etl_dag.py
[2022-06-04 22:48:43,903] {scheduler_job.py:639} INFO - DAG(s) dict_keys(['tutorial_etl_dag']) retrieved from /home/airflow/.local/lib/python3.6/site-packages/airflow/example_dags/tutorial_etl_dag.py
[2022-06-04 22:48:43,941] {logging_mixin.py:104} INFO - [2022-06-04 22:48:43,941] {dag.py:1818} INFO - Sync 1 DAGs
[2022-06-04 22:48:43,978] {logging_mixin.py:104} INFO - [2022-06-04 22:48:43,978] {dag.py:2273} INFO - Setting next_dagrun for tutorial_etl_dag to None
[2022-06-04 22:48:43,998] {scheduler_job.py:190} INFO - Processing /home/airflow/.local/lib/python3.6/site-packages/airflow/example_dags/tutorial_etl_dag.py took 0.128 seconds
[2022-06-04 22:49:16,660] {scheduler_job.py:182} INFO - Started process (PID=1075) to work on /home/airflow/.local/lib/python3.6/site-packages/airflow/example_dags/tutorial_etl_dag.py
[2022-06-04 22:49:16,697] {scheduler_job.py:629} INFO - Processing file /home/airflow/.local/lib/python3.6/site-packages/airflow/example_dags/tutorial_etl_dag.py for tasks to queue
[2022-06-04 22:49:16,704] {logging_mixin.py:104} INFO - [2022-06-04 22:49:16,704] {dagbag.py:448} INFO - Filling up the DagBag from /home/airflow/.local/lib/python3.6/site-packages/airflow/example_dags/tutorial_etl_dag.py
[2022-06-04 22:49:16,922] {scheduler_job.py:639} INFO - DAG(s) dict_keys(['tutorial_etl_dag']) retrieved from /home/airflow/.local/lib/python3.6/site-packages/airflow/example_dags/tutorial_etl_dag.py
[2022-06-04 22:49:17,046] {logging_mixin.py:104} INFO - [2022-06-04 22:49:17,046] {dag.py:1818} INFO - Sync 1 DAGs
[2022-06-04 22:49:17,094] {logging_mixin.py:104} INFO - [2022-06-04 22:49:17,093] {dag.py:2273} INFO - Setting next_dagrun for tutorial_etl_dag to None
[2022-06-04 22:49:17,128] {scheduler_job.py:190} INFO - Processing /home/airflow/.local/lib/python3.6/site-packages/airflow/example_dags/tutorial_etl_dag.py took 0.520 seconds
[2022-06-04 22:49:48,417] {scheduler_job.py:182} INFO - Started process (PID=1102) to work on /home/airflow/.local/lib/python3.6/site-packages/airflow/example_dags/tutorial_etl_dag.py
[2022-06-04 22:49:48,443] {scheduler_job.py:629} INFO - Processing file /home/airflow/.local/lib/python3.6/site-packages/airflow/example_dags/tutorial_etl_dag.py for tasks to queue
[2022-06-04 22:49:48,449] {logging_mixin.py:104} INFO - [2022-06-04 22:49:48,448] {dagbag.py:448} INFO - Filling up the DagBag from /home/airflow/.local/lib/python3.6/site-packages/airflow/example_dags/tutorial_etl_dag.py
[2022-06-04 22:49:48,476] {scheduler_job.py:639} INFO - DAG(s) dict_keys(['tutorial_etl_dag']) retrieved from /home/airflow/.local/lib/python3.6/site-packages/airflow/example_dags/tutorial_etl_dag.py
[2022-06-04 22:49:48,530] {logging_mixin.py:104} INFO - [2022-06-04 22:49:48,530] {dag.py:1818} INFO - Sync 1 DAGs
[2022-06-04 22:49:48,675] {logging_mixin.py:104} INFO - [2022-06-04 22:49:48,675] {dag.py:2273} INFO - Setting next_dagrun for tutorial_etl_dag to None
[2022-06-04 22:49:48,752] {scheduler_job.py:190} INFO - Processing /home/airflow/.local/lib/python3.6/site-packages/airflow/example_dags/tutorial_etl_dag.py took 0.343 seconds
[2022-06-04 22:50:19,556] {scheduler_job.py:182} INFO - Started process (PID=1128) to work on /home/airflow/.local/lib/python3.6/site-packages/airflow/example_dags/tutorial_etl_dag.py
[2022-06-04 22:50:19,560] {scheduler_job.py:629} INFO - Processing file /home/airflow/.local/lib/python3.6/site-packages/airflow/example_dags/tutorial_etl_dag.py for tasks to queue
[2022-06-04 22:50:19,563] {logging_mixin.py:104} INFO - [2022-06-04 22:50:19,562] {dagbag.py:448} INFO - Filling up the DagBag from /home/airflow/.local/lib/python3.6/site-packages/airflow/example_dags/tutorial_etl_dag.py
[2022-06-04 22:50:19,587] {scheduler_job.py:639} INFO - DAG(s) dict_keys(['tutorial_etl_dag']) retrieved from /home/airflow/.local/lib/python3.6/site-packages/airflow/example_dags/tutorial_etl_dag.py
[2022-06-04 22:50:19,628] {logging_mixin.py:104} INFO - [2022-06-04 22:50:19,628] {dag.py:1818} INFO - Sync 1 DAGs
[2022-06-04 22:50:19,654] {logging_mixin.py:104} INFO - [2022-06-04 22:50:19,654] {dag.py:2273} INFO - Setting next_dagrun for tutorial_etl_dag to None
[2022-06-04 22:50:19,676] {scheduler_job.py:190} INFO - Processing /home/airflow/.local/lib/python3.6/site-packages/airflow/example_dags/tutorial_etl_dag.py took 0.125 seconds
[2022-06-04 22:50:50,436] {scheduler_job.py:182} INFO - Started process (PID=1154) to work on /home/airflow/.local/lib/python3.6/site-packages/airflow/example_dags/tutorial_etl_dag.py
[2022-06-04 22:50:50,447] {scheduler_job.py:629} INFO - Processing file /home/airflow/.local/lib/python3.6/site-packages/airflow/example_dags/tutorial_etl_dag.py for tasks to queue
[2022-06-04 22:50:50,453] {logging_mixin.py:104} INFO - [2022-06-04 22:50:50,453] {dagbag.py:448} INFO - Filling up the DagBag from /home/airflow/.local/lib/python3.6/site-packages/airflow/example_dags/tutorial_etl_dag.py
[2022-06-04 22:50:50,556] {scheduler_job.py:639} INFO - DAG(s) dict_keys(['tutorial_etl_dag']) retrieved from /home/airflow/.local/lib/python3.6/site-packages/airflow/example_dags/tutorial_etl_dag.py
[2022-06-04 22:50:50,605] {logging_mixin.py:104} INFO - [2022-06-04 22:50:50,605] {dag.py:1818} INFO - Sync 1 DAGs
[2022-06-04 22:50:50,640] {logging_mixin.py:104} INFO - [2022-06-04 22:50:50,640] {dag.py:2273} INFO - Setting next_dagrun for tutorial_etl_dag to None
[2022-06-04 22:50:50,677] {scheduler_job.py:190} INFO - Processing /home/airflow/.local/lib/python3.6/site-packages/airflow/example_dags/tutorial_etl_dag.py took 0.263 seconds
[2022-06-04 22:51:21,485] {scheduler_job.py:182} INFO - Started process (PID=1180) to work on /home/airflow/.local/lib/python3.6/site-packages/airflow/example_dags/tutorial_etl_dag.py
[2022-06-04 22:51:21,491] {scheduler_job.py:629} INFO - Processing file /home/airflow/.local/lib/python3.6/site-packages/airflow/example_dags/tutorial_etl_dag.py for tasks to queue
[2022-06-04 22:51:21,496] {logging_mixin.py:104} INFO - [2022-06-04 22:51:21,495] {dagbag.py:448} INFO - Filling up the DagBag from /home/airflow/.local/lib/python3.6/site-packages/airflow/example_dags/tutorial_etl_dag.py
[2022-06-04 22:51:21,519] {scheduler_job.py:639} INFO - DAG(s) dict_keys(['tutorial_etl_dag']) retrieved from /home/airflow/.local/lib/python3.6/site-packages/airflow/example_dags/tutorial_etl_dag.py
[2022-06-04 22:51:21,563] {logging_mixin.py:104} INFO - [2022-06-04 22:51:21,562] {dag.py:1818} INFO - Sync 1 DAGs
[2022-06-04 22:51:21,590] {logging_mixin.py:104} INFO - [2022-06-04 22:51:21,590] {dag.py:2273} INFO - Setting next_dagrun for tutorial_etl_dag to None
[2022-06-04 22:51:21,621] {scheduler_job.py:190} INFO - Processing /home/airflow/.local/lib/python3.6/site-packages/airflow/example_dags/tutorial_etl_dag.py took 0.141 seconds
[2022-06-04 22:51:52,576] {scheduler_job.py:182} INFO - Started process (PID=1206) to work on /home/airflow/.local/lib/python3.6/site-packages/airflow/example_dags/tutorial_etl_dag.py
[2022-06-04 22:51:52,585] {scheduler_job.py:629} INFO - Processing file /home/airflow/.local/lib/python3.6/site-packages/airflow/example_dags/tutorial_etl_dag.py for tasks to queue
[2022-06-04 22:51:52,589] {logging_mixin.py:104} INFO - [2022-06-04 22:51:52,588] {dagbag.py:448} INFO - Filling up the DagBag from /home/airflow/.local/lib/python3.6/site-packages/airflow/example_dags/tutorial_etl_dag.py
[2022-06-04 22:51:52,617] {scheduler_job.py:639} INFO - DAG(s) dict_keys(['tutorial_etl_dag']) retrieved from /home/airflow/.local/lib/python3.6/site-packages/airflow/example_dags/tutorial_etl_dag.py
[2022-06-04 22:51:52,661] {logging_mixin.py:104} INFO - [2022-06-04 22:51:52,661] {dag.py:1818} INFO - Sync 1 DAGs
[2022-06-04 22:51:52,699] {logging_mixin.py:104} INFO - [2022-06-04 22:51:52,698] {dag.py:2273} INFO - Setting next_dagrun for tutorial_etl_dag to None
[2022-06-04 22:51:52,749] {scheduler_job.py:190} INFO - Processing /home/airflow/.local/lib/python3.6/site-packages/airflow/example_dags/tutorial_etl_dag.py took 0.187 seconds
[2022-06-04 22:52:23,608] {scheduler_job.py:182} INFO - Started process (PID=1232) to work on /home/airflow/.local/lib/python3.6/site-packages/airflow/example_dags/tutorial_etl_dag.py
[2022-06-04 22:52:23,612] {scheduler_job.py:629} INFO - Processing file /home/airflow/.local/lib/python3.6/site-packages/airflow/example_dags/tutorial_etl_dag.py for tasks to queue
[2022-06-04 22:52:23,616] {logging_mixin.py:104} INFO - [2022-06-04 22:52:23,616] {dagbag.py:448} INFO - Filling up the DagBag from /home/airflow/.local/lib/python3.6/site-packages/airflow/example_dags/tutorial_etl_dag.py
[2022-06-04 22:52:23,642] {scheduler_job.py:639} INFO - DAG(s) dict_keys(['tutorial_etl_dag']) retrieved from /home/airflow/.local/lib/python3.6/site-packages/airflow/example_dags/tutorial_etl_dag.py
[2022-06-04 22:52:23,707] {logging_mixin.py:104} INFO - [2022-06-04 22:52:23,706] {dag.py:1818} INFO - Sync 1 DAGs
[2022-06-04 22:52:23,735] {logging_mixin.py:104} INFO - [2022-06-04 22:52:23,735] {dag.py:2273} INFO - Setting next_dagrun for tutorial_etl_dag to None
[2022-06-04 22:52:23,762] {scheduler_job.py:190} INFO - Processing /home/airflow/.local/lib/python3.6/site-packages/airflow/example_dags/tutorial_etl_dag.py took 0.167 seconds
[2022-06-04 22:52:54,736] {scheduler_job.py:182} INFO - Started process (PID=1258) to work on /home/airflow/.local/lib/python3.6/site-packages/airflow/example_dags/tutorial_etl_dag.py
[2022-06-04 22:52:54,739] {scheduler_job.py:629} INFO - Processing file /home/airflow/.local/lib/python3.6/site-packages/airflow/example_dags/tutorial_etl_dag.py for tasks to queue
[2022-06-04 22:52:54,742] {logging_mixin.py:104} INFO - [2022-06-04 22:52:54,742] {dagbag.py:448} INFO - Filling up the DagBag from /home/airflow/.local/lib/python3.6/site-packages/airflow/example_dags/tutorial_etl_dag.py
[2022-06-04 22:52:54,769] {scheduler_job.py:639} INFO - DAG(s) dict_keys(['tutorial_etl_dag']) retrieved from /home/airflow/.local/lib/python3.6/site-packages/airflow/example_dags/tutorial_etl_dag.py
[2022-06-04 22:52:54,820] {logging_mixin.py:104} INFO - [2022-06-04 22:52:54,820] {dag.py:1818} INFO - Sync 1 DAGs
[2022-06-04 22:52:54,855] {logging_mixin.py:104} INFO - [2022-06-04 22:52:54,855] {dag.py:2273} INFO - Setting next_dagrun for tutorial_etl_dag to None
[2022-06-04 22:52:54,873] {scheduler_job.py:190} INFO - Processing /home/airflow/.local/lib/python3.6/site-packages/airflow/example_dags/tutorial_etl_dag.py took 0.148 seconds
[2022-06-04 22:53:25,199] {scheduler_job.py:182} INFO - Started process (PID=1284) to work on /home/airflow/.local/lib/python3.6/site-packages/airflow/example_dags/tutorial_etl_dag.py
[2022-06-04 22:53:25,202] {scheduler_job.py:629} INFO - Processing file /home/airflow/.local/lib/python3.6/site-packages/airflow/example_dags/tutorial_etl_dag.py for tasks to queue
[2022-06-04 22:53:25,204] {logging_mixin.py:104} INFO - [2022-06-04 22:53:25,204] {dagbag.py:448} INFO - Filling up the DagBag from /home/airflow/.local/lib/python3.6/site-packages/airflow/example_dags/tutorial_etl_dag.py
[2022-06-04 22:53:25,232] {scheduler_job.py:639} INFO - DAG(s) dict_keys(['tutorial_etl_dag']) retrieved from /home/airflow/.local/lib/python3.6/site-packages/airflow/example_dags/tutorial_etl_dag.py
[2022-06-04 22:53:25,270] {logging_mixin.py:104} INFO - [2022-06-04 22:53:25,270] {dag.py:1818} INFO - Sync 1 DAGs
[2022-06-04 22:53:25,324] {logging_mixin.py:104} INFO - [2022-06-04 22:53:25,324] {dag.py:2273} INFO - Setting next_dagrun for tutorial_etl_dag to None
[2022-06-04 22:53:25,356] {scheduler_job.py:190} INFO - Processing /home/airflow/.local/lib/python3.6/site-packages/airflow/example_dags/tutorial_etl_dag.py took 0.162 seconds
[2022-06-04 22:53:55,585] {scheduler_job.py:182} INFO - Started process (PID=1310) to work on /home/airflow/.local/lib/python3.6/site-packages/airflow/example_dags/tutorial_etl_dag.py
[2022-06-04 22:53:55,590] {scheduler_job.py:629} INFO - Processing file /home/airflow/.local/lib/python3.6/site-packages/airflow/example_dags/tutorial_etl_dag.py for tasks to queue
[2022-06-04 22:53:55,596] {logging_mixin.py:104} INFO - [2022-06-04 22:53:55,595] {dagbag.py:448} INFO - Filling up the DagBag from /home/airflow/.local/lib/python3.6/site-packages/airflow/example_dags/tutorial_etl_dag.py
[2022-06-04 22:53:55,631] {scheduler_job.py:639} INFO - DAG(s) dict_keys(['tutorial_etl_dag']) retrieved from /home/airflow/.local/lib/python3.6/site-packages/airflow/example_dags/tutorial_etl_dag.py
[2022-06-04 22:53:55,682] {logging_mixin.py:104} INFO - [2022-06-04 22:53:55,682] {dag.py:1818} INFO - Sync 1 DAGs
[2022-06-04 22:53:55,727] {logging_mixin.py:104} INFO - [2022-06-04 22:53:55,727] {dag.py:2273} INFO - Setting next_dagrun for tutorial_etl_dag to None
[2022-06-04 22:53:55,761] {scheduler_job.py:190} INFO - Processing /home/airflow/.local/lib/python3.6/site-packages/airflow/example_dags/tutorial_etl_dag.py took 0.187 seconds
[2022-06-04 22:54:26,827] {scheduler_job.py:182} INFO - Started process (PID=1336) to work on /home/airflow/.local/lib/python3.6/site-packages/airflow/example_dags/tutorial_etl_dag.py
[2022-06-04 22:54:26,831] {scheduler_job.py:629} INFO - Processing file /home/airflow/.local/lib/python3.6/site-packages/airflow/example_dags/tutorial_etl_dag.py for tasks to queue
[2022-06-04 22:54:26,834] {logging_mixin.py:104} INFO - [2022-06-04 22:54:26,834] {dagbag.py:448} INFO - Filling up the DagBag from /home/airflow/.local/lib/python3.6/site-packages/airflow/example_dags/tutorial_etl_dag.py
[2022-06-04 22:54:26,862] {scheduler_job.py:639} INFO - DAG(s) dict_keys(['tutorial_etl_dag']) retrieved from /home/airflow/.local/lib/python3.6/site-packages/airflow/example_dags/tutorial_etl_dag.py
[2022-06-04 22:54:26,928] {logging_mixin.py:104} INFO - [2022-06-04 22:54:26,928] {dag.py:1818} INFO - Sync 1 DAGs
[2022-06-04 22:54:26,963] {logging_mixin.py:104} INFO - [2022-06-04 22:54:26,963] {dag.py:2273} INFO - Setting next_dagrun for tutorial_etl_dag to None
[2022-06-04 22:54:26,986] {scheduler_job.py:190} INFO - Processing /home/airflow/.local/lib/python3.6/site-packages/airflow/example_dags/tutorial_etl_dag.py took 0.167 seconds
[2022-06-04 22:54:57,138] {scheduler_job.py:182} INFO - Started process (PID=1362) to work on /home/airflow/.local/lib/python3.6/site-packages/airflow/example_dags/tutorial_etl_dag.py
[2022-06-04 22:54:57,147] {scheduler_job.py:629} INFO - Processing file /home/airflow/.local/lib/python3.6/site-packages/airflow/example_dags/tutorial_etl_dag.py for tasks to queue
[2022-06-04 22:54:57,150] {logging_mixin.py:104} INFO - [2022-06-04 22:54:57,150] {dagbag.py:448} INFO - Filling up the DagBag from /home/airflow/.local/lib/python3.6/site-packages/airflow/example_dags/tutorial_etl_dag.py
[2022-06-04 22:54:57,169] {scheduler_job.py:639} INFO - DAG(s) dict_keys(['tutorial_etl_dag']) retrieved from /home/airflow/.local/lib/python3.6/site-packages/airflow/example_dags/tutorial_etl_dag.py
[2022-06-04 22:54:57,415] {logging_mixin.py:104} INFO - [2022-06-04 22:54:57,415] {dag.py:1818} INFO - Sync 1 DAGs
[2022-06-04 22:54:57,472] {logging_mixin.py:104} INFO - [2022-06-04 22:54:57,472] {dag.py:2273} INFO - Setting next_dagrun for tutorial_etl_dag to None
[2022-06-04 22:54:57,502] {scheduler_job.py:190} INFO - Processing /home/airflow/.local/lib/python3.6/site-packages/airflow/example_dags/tutorial_etl_dag.py took 0.368 seconds
[2022-06-04 22:55:28,724] {scheduler_job.py:182} INFO - Started process (PID=1388) to work on /home/airflow/.local/lib/python3.6/site-packages/airflow/example_dags/tutorial_etl_dag.py
[2022-06-04 22:55:28,737] {scheduler_job.py:629} INFO - Processing file /home/airflow/.local/lib/python3.6/site-packages/airflow/example_dags/tutorial_etl_dag.py for tasks to queue
[2022-06-04 22:55:28,741] {logging_mixin.py:104} INFO - [2022-06-04 22:55:28,741] {dagbag.py:448} INFO - Filling up the DagBag from /home/airflow/.local/lib/python3.6/site-packages/airflow/example_dags/tutorial_etl_dag.py
[2022-06-04 22:55:28,779] {scheduler_job.py:639} INFO - DAG(s) dict_keys(['tutorial_etl_dag']) retrieved from /home/airflow/.local/lib/python3.6/site-packages/airflow/example_dags/tutorial_etl_dag.py
[2022-06-04 22:55:28,856] {logging_mixin.py:104} INFO - [2022-06-04 22:55:28,856] {dag.py:1818} INFO - Sync 1 DAGs
[2022-06-04 22:55:28,887] {logging_mixin.py:104} INFO - [2022-06-04 22:55:28,887] {dag.py:2273} INFO - Setting next_dagrun for tutorial_etl_dag to None
[2022-06-04 22:55:28,950] {scheduler_job.py:190} INFO - Processing /home/airflow/.local/lib/python3.6/site-packages/airflow/example_dags/tutorial_etl_dag.py took 0.238 seconds
[2022-06-04 22:58:25,064] {scheduler_job.py:182} INFO - Started process (PID=29) to work on /home/airflow/.local/lib/python3.6/site-packages/airflow/example_dags/tutorial_etl_dag.py
[2022-06-04 22:58:25,084] {scheduler_job.py:629} INFO - Processing file /home/airflow/.local/lib/python3.6/site-packages/airflow/example_dags/tutorial_etl_dag.py for tasks to queue
[2022-06-04 22:58:25,111] {logging_mixin.py:104} INFO - [2022-06-04 22:58:25,110] {dagbag.py:448} INFO - Filling up the DagBag from /home/airflow/.local/lib/python3.6/site-packages/airflow/example_dags/tutorial_etl_dag.py
[2022-06-04 22:58:25,401] {scheduler_job.py:639} INFO - DAG(s) dict_keys(['tutorial_etl_dag']) retrieved from /home/airflow/.local/lib/python3.6/site-packages/airflow/example_dags/tutorial_etl_dag.py
[2022-06-04 22:58:25,583] {logging_mixin.py:104} INFO - [2022-06-04 22:58:25,570] {dag.py:1818} INFO - Sync 1 DAGs
[2022-06-04 22:58:25,975] {logging_mixin.py:104} INFO - [2022-06-04 22:58:25,974] {dag.py:2273} INFO - Setting next_dagrun for tutorial_etl_dag to None
[2022-06-04 22:58:26,057] {scheduler_job.py:190} INFO - Processing /home/airflow/.local/lib/python3.6/site-packages/airflow/example_dags/tutorial_etl_dag.py took 1.018 seconds
[2022-06-04 22:58:56,886] {scheduler_job.py:182} INFO - Started process (PID=55) to work on /home/airflow/.local/lib/python3.6/site-packages/airflow/example_dags/tutorial_etl_dag.py
[2022-06-04 22:58:56,916] {scheduler_job.py:629} INFO - Processing file /home/airflow/.local/lib/python3.6/site-packages/airflow/example_dags/tutorial_etl_dag.py for tasks to queue
[2022-06-04 22:58:56,935] {logging_mixin.py:104} INFO - [2022-06-04 22:58:56,935] {dagbag.py:448} INFO - Filling up the DagBag from /home/airflow/.local/lib/python3.6/site-packages/airflow/example_dags/tutorial_etl_dag.py
[2022-06-04 22:58:57,300] {scheduler_job.py:639} INFO - DAG(s) dict_keys(['tutorial_etl_dag']) retrieved from /home/airflow/.local/lib/python3.6/site-packages/airflow/example_dags/tutorial_etl_dag.py
[2022-06-04 22:58:57,566] {logging_mixin.py:104} INFO - [2022-06-04 22:58:57,566] {dag.py:1818} INFO - Sync 1 DAGs
[2022-06-04 22:58:57,715] {logging_mixin.py:104} INFO - [2022-06-04 22:58:57,715] {dag.py:2273} INFO - Setting next_dagrun for tutorial_etl_dag to None
[2022-06-04 22:58:57,808] {scheduler_job.py:190} INFO - Processing /home/airflow/.local/lib/python3.6/site-packages/airflow/example_dags/tutorial_etl_dag.py took 0.929 seconds
[2022-06-04 22:59:28,289] {scheduler_job.py:182} INFO - Started process (PID=81) to work on /home/airflow/.local/lib/python3.6/site-packages/airflow/example_dags/tutorial_etl_dag.py
[2022-06-04 22:59:28,299] {scheduler_job.py:629} INFO - Processing file /home/airflow/.local/lib/python3.6/site-packages/airflow/example_dags/tutorial_etl_dag.py for tasks to queue
[2022-06-04 22:59:28,308] {logging_mixin.py:104} INFO - [2022-06-04 22:59:28,308] {dagbag.py:448} INFO - Filling up the DagBag from /home/airflow/.local/lib/python3.6/site-packages/airflow/example_dags/tutorial_etl_dag.py
[2022-06-04 22:59:28,501] {scheduler_job.py:639} INFO - DAG(s) dict_keys(['tutorial_etl_dag']) retrieved from /home/airflow/.local/lib/python3.6/site-packages/airflow/example_dags/tutorial_etl_dag.py
[2022-06-04 22:59:28,909] {logging_mixin.py:104} INFO - [2022-06-04 22:59:28,902] {dag.py:1818} INFO - Sync 1 DAGs
[2022-06-04 22:59:29,119] {logging_mixin.py:104} INFO - [2022-06-04 22:59:29,119] {dag.py:2273} INFO - Setting next_dagrun for tutorial_etl_dag to None
[2022-06-04 22:59:29,235] {scheduler_job.py:190} INFO - Processing /home/airflow/.local/lib/python3.6/site-packages/airflow/example_dags/tutorial_etl_dag.py took 0.980 seconds
[2022-06-04 23:00:00,114] {scheduler_job.py:182} INFO - Started process (PID=107) to work on /home/airflow/.local/lib/python3.6/site-packages/airflow/example_dags/tutorial_etl_dag.py
[2022-06-04 23:00:00,133] {scheduler_job.py:629} INFO - Processing file /home/airflow/.local/lib/python3.6/site-packages/airflow/example_dags/tutorial_etl_dag.py for tasks to queue
[2022-06-04 23:00:00,155] {logging_mixin.py:104} INFO - [2022-06-04 23:00:00,151] {dagbag.py:448} INFO - Filling up the DagBag from /home/airflow/.local/lib/python3.6/site-packages/airflow/example_dags/tutorial_etl_dag.py
[2022-06-04 23:00:00,423] {scheduler_job.py:639} INFO - DAG(s) dict_keys(['tutorial_etl_dag']) retrieved from /home/airflow/.local/lib/python3.6/site-packages/airflow/example_dags/tutorial_etl_dag.py
[2022-06-04 23:00:00,869] {logging_mixin.py:104} INFO - [2022-06-04 23:00:00,869] {dag.py:1818} INFO - Sync 1 DAGs
[2022-06-04 23:00:00,937] {logging_mixin.py:104} INFO - [2022-06-04 23:00:00,937] {dag.py:2273} INFO - Setting next_dagrun for tutorial_etl_dag to None
[2022-06-04 23:00:00,996] {scheduler_job.py:190} INFO - Processing /home/airflow/.local/lib/python3.6/site-packages/airflow/example_dags/tutorial_etl_dag.py took 0.938 seconds
[2022-06-04 23:00:35,882] {scheduler_job.py:182} INFO - Started process (PID=134) to work on /home/airflow/.local/lib/python3.6/site-packages/airflow/example_dags/tutorial_etl_dag.py
[2022-06-04 23:00:36,054] {scheduler_job.py:629} INFO - Processing file /home/airflow/.local/lib/python3.6/site-packages/airflow/example_dags/tutorial_etl_dag.py for tasks to queue
[2022-06-04 23:00:36,061] {logging_mixin.py:104} INFO - [2022-06-04 23:00:36,060] {dagbag.py:448} INFO - Filling up the DagBag from /home/airflow/.local/lib/python3.6/site-packages/airflow/example_dags/tutorial_etl_dag.py
[2022-06-04 23:00:36,252] {scheduler_job.py:639} INFO - DAG(s) dict_keys(['tutorial_etl_dag']) retrieved from /home/airflow/.local/lib/python3.6/site-packages/airflow/example_dags/tutorial_etl_dag.py
[2022-06-04 23:00:36,375] {logging_mixin.py:104} INFO - [2022-06-04 23:00:36,375] {dag.py:1818} INFO - Sync 1 DAGs
[2022-06-04 23:00:36,438] {logging_mixin.py:104} INFO - [2022-06-04 23:00:36,437] {dag.py:2273} INFO - Setting next_dagrun for tutorial_etl_dag to None
[2022-06-04 23:00:36,478] {scheduler_job.py:190} INFO - Processing /home/airflow/.local/lib/python3.6/site-packages/airflow/example_dags/tutorial_etl_dag.py took 0.655 seconds
[2022-06-04 23:01:08,698] {scheduler_job.py:182} INFO - Started process (PID=160) to work on /home/airflow/.local/lib/python3.6/site-packages/airflow/example_dags/tutorial_etl_dag.py
[2022-06-04 23:01:08,714] {scheduler_job.py:629} INFO - Processing file /home/airflow/.local/lib/python3.6/site-packages/airflow/example_dags/tutorial_etl_dag.py for tasks to queue
[2022-06-04 23:01:08,722] {logging_mixin.py:104} INFO - [2022-06-04 23:01:08,721] {dagbag.py:448} INFO - Filling up the DagBag from /home/airflow/.local/lib/python3.6/site-packages/airflow/example_dags/tutorial_etl_dag.py
[2022-06-04 23:01:09,066] {scheduler_job.py:639} INFO - DAG(s) dict_keys(['tutorial_etl_dag']) retrieved from /home/airflow/.local/lib/python3.6/site-packages/airflow/example_dags/tutorial_etl_dag.py
[2022-06-04 23:01:09,207] {logging_mixin.py:104} INFO - [2022-06-04 23:01:09,207] {dag.py:1818} INFO - Sync 1 DAGs
[2022-06-04 23:01:09,413] {logging_mixin.py:104} INFO - [2022-06-04 23:01:09,412] {dag.py:2273} INFO - Setting next_dagrun for tutorial_etl_dag to None
[2022-06-04 23:01:09,460] {scheduler_job.py:190} INFO - Processing /home/airflow/.local/lib/python3.6/site-packages/airflow/example_dags/tutorial_etl_dag.py took 0.790 seconds
[2022-06-04 23:01:41,104] {scheduler_job.py:182} INFO - Started process (PID=186) to work on /home/airflow/.local/lib/python3.6/site-packages/airflow/example_dags/tutorial_etl_dag.py
[2022-06-04 23:01:41,119] {scheduler_job.py:629} INFO - Processing file /home/airflow/.local/lib/python3.6/site-packages/airflow/example_dags/tutorial_etl_dag.py for tasks to queue
[2022-06-04 23:01:41,130] {logging_mixin.py:104} INFO - [2022-06-04 23:01:41,127] {dagbag.py:448} INFO - Filling up the DagBag from /home/airflow/.local/lib/python3.6/site-packages/airflow/example_dags/tutorial_etl_dag.py
[2022-06-04 23:01:41,206] {scheduler_job.py:639} INFO - DAG(s) dict_keys(['tutorial_etl_dag']) retrieved from /home/airflow/.local/lib/python3.6/site-packages/airflow/example_dags/tutorial_etl_dag.py
[2022-06-04 23:01:41,418] {logging_mixin.py:104} INFO - [2022-06-04 23:01:41,418] {dag.py:1818} INFO - Sync 1 DAGs
[2022-06-04 23:01:41,493] {logging_mixin.py:104} INFO - [2022-06-04 23:01:41,492] {dag.py:2273} INFO - Setting next_dagrun for tutorial_etl_dag to None
[2022-06-04 23:01:41,563] {scheduler_job.py:190} INFO - Processing /home/airflow/.local/lib/python3.6/site-packages/airflow/example_dags/tutorial_etl_dag.py took 0.471 seconds
[2022-06-04 23:02:14,041] {scheduler_job.py:182} INFO - Started process (PID=212) to work on /home/airflow/.local/lib/python3.6/site-packages/airflow/example_dags/tutorial_etl_dag.py
[2022-06-04 23:02:14,049] {scheduler_job.py:629} INFO - Processing file /home/airflow/.local/lib/python3.6/site-packages/airflow/example_dags/tutorial_etl_dag.py for tasks to queue
[2022-06-04 23:02:14,058] {logging_mixin.py:104} INFO - [2022-06-04 23:02:14,058] {dagbag.py:448} INFO - Filling up the DagBag from /home/airflow/.local/lib/python3.6/site-packages/airflow/example_dags/tutorial_etl_dag.py
[2022-06-04 23:02:14,142] {scheduler_job.py:639} INFO - DAG(s) dict_keys(['tutorial_etl_dag']) retrieved from /home/airflow/.local/lib/python3.6/site-packages/airflow/example_dags/tutorial_etl_dag.py
[2022-06-04 23:02:14,645] {logging_mixin.py:104} INFO - [2022-06-04 23:02:14,644] {dag.py:1818} INFO - Sync 1 DAGs
[2022-06-04 23:02:14,779] {logging_mixin.py:104} INFO - [2022-06-04 23:02:14,779] {dag.py:2273} INFO - Setting next_dagrun for tutorial_etl_dag to None
[2022-06-04 23:02:14,839] {scheduler_job.py:190} INFO - Processing /home/airflow/.local/lib/python3.6/site-packages/airflow/example_dags/tutorial_etl_dag.py took 0.815 seconds
[2022-06-04 23:02:45,351] {scheduler_job.py:182} INFO - Started process (PID=238) to work on /home/airflow/.local/lib/python3.6/site-packages/airflow/example_dags/tutorial_etl_dag.py
[2022-06-04 23:02:45,356] {scheduler_job.py:629} INFO - Processing file /home/airflow/.local/lib/python3.6/site-packages/airflow/example_dags/tutorial_etl_dag.py for tasks to queue
[2022-06-04 23:02:45,364] {logging_mixin.py:104} INFO - [2022-06-04 23:02:45,363] {dagbag.py:448} INFO - Filling up the DagBag from /home/airflow/.local/lib/python3.6/site-packages/airflow/example_dags/tutorial_etl_dag.py
[2022-06-04 23:02:45,451] {scheduler_job.py:639} INFO - DAG(s) dict_keys(['tutorial_etl_dag']) retrieved from /home/airflow/.local/lib/python3.6/site-packages/airflow/example_dags/tutorial_etl_dag.py
[2022-06-04 23:02:45,680] {logging_mixin.py:104} INFO - [2022-06-04 23:02:45,680] {dag.py:1818} INFO - Sync 1 DAGs
[2022-06-04 23:02:45,846] {logging_mixin.py:104} INFO - [2022-06-04 23:02:45,846] {dag.py:2273} INFO - Setting next_dagrun for tutorial_etl_dag to None
[2022-06-04 23:02:45,902] {scheduler_job.py:190} INFO - Processing /home/airflow/.local/lib/python3.6/site-packages/airflow/example_dags/tutorial_etl_dag.py took 0.586 seconds
[2022-06-04 23:03:19,072] {scheduler_job.py:182} INFO - Started process (PID=265) to work on /home/airflow/.local/lib/python3.6/site-packages/airflow/example_dags/tutorial_etl_dag.py
[2022-06-04 23:03:19,158] {scheduler_job.py:629} INFO - Processing file /home/airflow/.local/lib/python3.6/site-packages/airflow/example_dags/tutorial_etl_dag.py for tasks to queue
[2022-06-04 23:03:19,182] {logging_mixin.py:104} INFO - [2022-06-04 23:03:19,172] {dagbag.py:448} INFO - Filling up the DagBag from /home/airflow/.local/lib/python3.6/site-packages/airflow/example_dags/tutorial_etl_dag.py
[2022-06-04 23:03:19,315] {scheduler_job.py:639} INFO - DAG(s) dict_keys(['tutorial_etl_dag']) retrieved from /home/airflow/.local/lib/python3.6/site-packages/airflow/example_dags/tutorial_etl_dag.py
[2022-06-04 23:03:19,597] {logging_mixin.py:104} INFO - [2022-06-04 23:03:19,597] {dag.py:1818} INFO - Sync 1 DAGs
[2022-06-04 23:03:19,784] {logging_mixin.py:104} INFO - [2022-06-04 23:03:19,784] {dag.py:2273} INFO - Setting next_dagrun for tutorial_etl_dag to None
[2022-06-04 23:03:19,934] {scheduler_job.py:190} INFO - Processing /home/airflow/.local/lib/python3.6/site-packages/airflow/example_dags/tutorial_etl_dag.py took 0.979 seconds
[2022-06-04 23:03:52,748] {scheduler_job.py:182} INFO - Started process (PID=293) to work on /home/airflow/.local/lib/python3.6/site-packages/airflow/example_dags/tutorial_etl_dag.py
[2022-06-04 23:03:52,756] {scheduler_job.py:629} INFO - Processing file /home/airflow/.local/lib/python3.6/site-packages/airflow/example_dags/tutorial_etl_dag.py for tasks to queue
[2022-06-04 23:03:52,764] {logging_mixin.py:104} INFO - [2022-06-04 23:03:52,763] {dagbag.py:448} INFO - Filling up the DagBag from /home/airflow/.local/lib/python3.6/site-packages/airflow/example_dags/tutorial_etl_dag.py
[2022-06-04 23:03:52,823] {scheduler_job.py:639} INFO - DAG(s) dict_keys(['tutorial_etl_dag']) retrieved from /home/airflow/.local/lib/python3.6/site-packages/airflow/example_dags/tutorial_etl_dag.py
[2022-06-04 23:03:52,989] {logging_mixin.py:104} INFO - [2022-06-04 23:03:52,989] {dag.py:1818} INFO - Sync 1 DAGs
[2022-06-04 23:03:53,152] {logging_mixin.py:104} INFO - [2022-06-04 23:03:53,152] {dag.py:2273} INFO - Setting next_dagrun for tutorial_etl_dag to None
[2022-06-04 23:03:53,371] {scheduler_job.py:190} INFO - Processing /home/airflow/.local/lib/python3.6/site-packages/airflow/example_dags/tutorial_etl_dag.py took 0.633 seconds
[2022-06-04 23:04:23,629] {scheduler_job.py:182} INFO - Started process (PID=319) to work on /home/airflow/.local/lib/python3.6/site-packages/airflow/example_dags/tutorial_etl_dag.py
[2022-06-04 23:04:23,634] {scheduler_job.py:629} INFO - Processing file /home/airflow/.local/lib/python3.6/site-packages/airflow/example_dags/tutorial_etl_dag.py for tasks to queue
[2022-06-04 23:04:23,646] {logging_mixin.py:104} INFO - [2022-06-04 23:04:23,646] {dagbag.py:448} INFO - Filling up the DagBag from /home/airflow/.local/lib/python3.6/site-packages/airflow/example_dags/tutorial_etl_dag.py
[2022-06-04 23:04:23,749] {scheduler_job.py:639} INFO - DAG(s) dict_keys(['tutorial_etl_dag']) retrieved from /home/airflow/.local/lib/python3.6/site-packages/airflow/example_dags/tutorial_etl_dag.py
[2022-06-04 23:04:23,859] {logging_mixin.py:104} INFO - [2022-06-04 23:04:23,859] {dag.py:1818} INFO - Sync 1 DAGs
[2022-06-04 23:04:23,901] {logging_mixin.py:104} INFO - [2022-06-04 23:04:23,901] {dag.py:2273} INFO - Setting next_dagrun for tutorial_etl_dag to None
[2022-06-04 23:04:23,943] {scheduler_job.py:190} INFO - Processing /home/airflow/.local/lib/python3.6/site-packages/airflow/example_dags/tutorial_etl_dag.py took 0.331 seconds
[2022-06-04 23:04:55,542] {scheduler_job.py:182} INFO - Started process (PID=345) to work on /home/airflow/.local/lib/python3.6/site-packages/airflow/example_dags/tutorial_etl_dag.py
[2022-06-04 23:04:55,554] {scheduler_job.py:629} INFO - Processing file /home/airflow/.local/lib/python3.6/site-packages/airflow/example_dags/tutorial_etl_dag.py for tasks to queue
[2022-06-04 23:04:55,577] {logging_mixin.py:104} INFO - [2022-06-04 23:04:55,577] {dagbag.py:448} INFO - Filling up the DagBag from /home/airflow/.local/lib/python3.6/site-packages/airflow/example_dags/tutorial_etl_dag.py
[2022-06-04 23:04:55,708] {scheduler_job.py:639} INFO - DAG(s) dict_keys(['tutorial_etl_dag']) retrieved from /home/airflow/.local/lib/python3.6/site-packages/airflow/example_dags/tutorial_etl_dag.py
[2022-06-04 23:04:55,771] {logging_mixin.py:104} INFO - [2022-06-04 23:04:55,770] {dag.py:1818} INFO - Sync 1 DAGs
[2022-06-04 23:04:55,826] {logging_mixin.py:104} INFO - [2022-06-04 23:04:55,826] {dag.py:2273} INFO - Setting next_dagrun for tutorial_etl_dag to None
[2022-06-04 23:04:55,859] {scheduler_job.py:190} INFO - Processing /home/airflow/.local/lib/python3.6/site-packages/airflow/example_dags/tutorial_etl_dag.py took 0.330 seconds
[2022-06-04 23:05:25,973] {scheduler_job.py:182} INFO - Started process (PID=371) to work on /home/airflow/.local/lib/python3.6/site-packages/airflow/example_dags/tutorial_etl_dag.py
[2022-06-04 23:05:25,978] {scheduler_job.py:629} INFO - Processing file /home/airflow/.local/lib/python3.6/site-packages/airflow/example_dags/tutorial_etl_dag.py for tasks to queue
[2022-06-04 23:05:25,985] {logging_mixin.py:104} INFO - [2022-06-04 23:05:25,985] {dagbag.py:448} INFO - Filling up the DagBag from /home/airflow/.local/lib/python3.6/site-packages/airflow/example_dags/tutorial_etl_dag.py
[2022-06-04 23:05:26,024] {scheduler_job.py:639} INFO - DAG(s) dict_keys(['tutorial_etl_dag']) retrieved from /home/airflow/.local/lib/python3.6/site-packages/airflow/example_dags/tutorial_etl_dag.py
[2022-06-04 23:05:26,201] {logging_mixin.py:104} INFO - [2022-06-04 23:05:26,201] {dag.py:1818} INFO - Sync 1 DAGs
[2022-06-04 23:05:26,377] {logging_mixin.py:104} INFO - [2022-06-04 23:05:26,376] {dag.py:2273} INFO - Setting next_dagrun for tutorial_etl_dag to None
[2022-06-04 23:05:26,391] {scheduler_job.py:190} INFO - Processing /home/airflow/.local/lib/python3.6/site-packages/airflow/example_dags/tutorial_etl_dag.py took 0.431 seconds
[2022-06-04 23:05:56,565] {scheduler_job.py:182} INFO - Started process (PID=397) to work on /home/airflow/.local/lib/python3.6/site-packages/airflow/example_dags/tutorial_etl_dag.py
[2022-06-04 23:05:56,569] {scheduler_job.py:629} INFO - Processing file /home/airflow/.local/lib/python3.6/site-packages/airflow/example_dags/tutorial_etl_dag.py for tasks to queue
[2022-06-04 23:05:56,573] {logging_mixin.py:104} INFO - [2022-06-04 23:05:56,572] {dagbag.py:448} INFO - Filling up the DagBag from /home/airflow/.local/lib/python3.6/site-packages/airflow/example_dags/tutorial_etl_dag.py
[2022-06-04 23:05:56,597] {scheduler_job.py:639} INFO - DAG(s) dict_keys(['tutorial_etl_dag']) retrieved from /home/airflow/.local/lib/python3.6/site-packages/airflow/example_dags/tutorial_etl_dag.py
[2022-06-04 23:05:56,642] {logging_mixin.py:104} INFO - [2022-06-04 23:05:56,642] {dag.py:1818} INFO - Sync 1 DAGs
[2022-06-04 23:05:56,710] {logging_mixin.py:104} INFO - [2022-06-04 23:05:56,710] {dag.py:2273} INFO - Setting next_dagrun for tutorial_etl_dag to None
[2022-06-04 23:05:56,749] {scheduler_job.py:190} INFO - Processing /home/airflow/.local/lib/python3.6/site-packages/airflow/example_dags/tutorial_etl_dag.py took 0.190 seconds
[2022-06-04 23:06:28,543] {scheduler_job.py:182} INFO - Started process (PID=423) to work on /home/airflow/.local/lib/python3.6/site-packages/airflow/example_dags/tutorial_etl_dag.py
[2022-06-04 23:06:28,566] {scheduler_job.py:629} INFO - Processing file /home/airflow/.local/lib/python3.6/site-packages/airflow/example_dags/tutorial_etl_dag.py for tasks to queue
[2022-06-04 23:06:28,579] {logging_mixin.py:104} INFO - [2022-06-04 23:06:28,578] {dagbag.py:448} INFO - Filling up the DagBag from /home/airflow/.local/lib/python3.6/site-packages/airflow/example_dags/tutorial_etl_dag.py
[2022-06-04 23:06:28,675] {scheduler_job.py:639} INFO - DAG(s) dict_keys(['tutorial_etl_dag']) retrieved from /home/airflow/.local/lib/python3.6/site-packages/airflow/example_dags/tutorial_etl_dag.py
[2022-06-04 23:06:28,936] {logging_mixin.py:104} INFO - [2022-06-04 23:06:28,936] {dag.py:1818} INFO - Sync 1 DAGs
[2022-06-04 23:06:29,050] {logging_mixin.py:104} INFO - [2022-06-04 23:06:29,049] {dag.py:2273} INFO - Setting next_dagrun for tutorial_etl_dag to None
[2022-06-04 23:06:29,271] {scheduler_job.py:190} INFO - Processing /home/airflow/.local/lib/python3.6/site-packages/airflow/example_dags/tutorial_etl_dag.py took 0.750 seconds
[2022-06-04 23:06:59,713] {scheduler_job.py:182} INFO - Started process (PID=449) to work on /home/airflow/.local/lib/python3.6/site-packages/airflow/example_dags/tutorial_etl_dag.py
[2022-06-04 23:06:59,744] {scheduler_job.py:629} INFO - Processing file /home/airflow/.local/lib/python3.6/site-packages/airflow/example_dags/tutorial_etl_dag.py for tasks to queue
[2022-06-04 23:06:59,771] {logging_mixin.py:104} INFO - [2022-06-04 23:06:59,770] {dagbag.py:448} INFO - Filling up the DagBag from /home/airflow/.local/lib/python3.6/site-packages/airflow/example_dags/tutorial_etl_dag.py
[2022-06-04 23:06:59,979] {scheduler_job.py:639} INFO - DAG(s) dict_keys(['tutorial_etl_dag']) retrieved from /home/airflow/.local/lib/python3.6/site-packages/airflow/example_dags/tutorial_etl_dag.py
[2022-06-04 23:07:00,234] {logging_mixin.py:104} INFO - [2022-06-04 23:07:00,233] {dag.py:1818} INFO - Sync 1 DAGs
[2022-06-04 23:07:00,412] {logging_mixin.py:104} INFO - [2022-06-04 23:07:00,412] {dag.py:2273} INFO - Setting next_dagrun for tutorial_etl_dag to None
[2022-06-04 23:07:00,438] {scheduler_job.py:190} INFO - Processing /home/airflow/.local/lib/python3.6/site-packages/airflow/example_dags/tutorial_etl_dag.py took 0.759 seconds
[2022-06-04 23:07:30,817] {scheduler_job.py:182} INFO - Started process (PID=475) to work on /home/airflow/.local/lib/python3.6/site-packages/airflow/example_dags/tutorial_etl_dag.py
[2022-06-04 23:07:30,835] {scheduler_job.py:629} INFO - Processing file /home/airflow/.local/lib/python3.6/site-packages/airflow/example_dags/tutorial_etl_dag.py for tasks to queue
[2022-06-04 23:07:30,861] {logging_mixin.py:104} INFO - [2022-06-04 23:07:30,861] {dagbag.py:448} INFO - Filling up the DagBag from /home/airflow/.local/lib/python3.6/site-packages/airflow/example_dags/tutorial_etl_dag.py
[2022-06-04 23:07:31,005] {scheduler_job.py:639} INFO - DAG(s) dict_keys(['tutorial_etl_dag']) retrieved from /home/airflow/.local/lib/python3.6/site-packages/airflow/example_dags/tutorial_etl_dag.py
[2022-06-04 23:07:31,093] {logging_mixin.py:104} INFO - [2022-06-04 23:07:31,093] {dag.py:1818} INFO - Sync 1 DAGs
[2022-06-04 23:07:31,178] {logging_mixin.py:104} INFO - [2022-06-04 23:07:31,177] {dag.py:2273} INFO - Setting next_dagrun for tutorial_etl_dag to None
[2022-06-04 23:07:31,225] {scheduler_job.py:190} INFO - Processing /home/airflow/.local/lib/python3.6/site-packages/airflow/example_dags/tutorial_etl_dag.py took 0.424 seconds
[2022-06-04 23:08:02,115] {scheduler_job.py:182} INFO - Started process (PID=501) to work on /home/airflow/.local/lib/python3.6/site-packages/airflow/example_dags/tutorial_etl_dag.py
[2022-06-04 23:08:02,128] {scheduler_job.py:629} INFO - Processing file /home/airflow/.local/lib/python3.6/site-packages/airflow/example_dags/tutorial_etl_dag.py for tasks to queue
[2022-06-04 23:08:02,135] {logging_mixin.py:104} INFO - [2022-06-04 23:08:02,131] {dagbag.py:448} INFO - Filling up the DagBag from /home/airflow/.local/lib/python3.6/site-packages/airflow/example_dags/tutorial_etl_dag.py
[2022-06-04 23:08:02,212] {scheduler_job.py:639} INFO - DAG(s) dict_keys(['tutorial_etl_dag']) retrieved from /home/airflow/.local/lib/python3.6/site-packages/airflow/example_dags/tutorial_etl_dag.py
[2022-06-04 23:08:02,300] {logging_mixin.py:104} INFO - [2022-06-04 23:08:02,299] {dag.py:1818} INFO - Sync 1 DAGs
[2022-06-04 23:08:02,349] {logging_mixin.py:104} INFO - [2022-06-04 23:08:02,348] {dag.py:2273} INFO - Setting next_dagrun for tutorial_etl_dag to None
[2022-06-04 23:08:02,362] {scheduler_job.py:190} INFO - Processing /home/airflow/.local/lib/python3.6/site-packages/airflow/example_dags/tutorial_etl_dag.py took 0.273 seconds
[2022-06-04 23:08:35,056] {scheduler_job.py:182} INFO - Started process (PID=527) to work on /home/airflow/.local/lib/python3.6/site-packages/airflow/example_dags/tutorial_etl_dag.py
[2022-06-04 23:08:35,071] {scheduler_job.py:629} INFO - Processing file /home/airflow/.local/lib/python3.6/site-packages/airflow/example_dags/tutorial_etl_dag.py for tasks to queue
[2022-06-04 23:08:35,074] {logging_mixin.py:104} INFO - [2022-06-04 23:08:35,073] {dagbag.py:448} INFO - Filling up the DagBag from /home/airflow/.local/lib/python3.6/site-packages/airflow/example_dags/tutorial_etl_dag.py
[2022-06-04 23:08:35,149] {scheduler_job.py:639} INFO - DAG(s) dict_keys(['tutorial_etl_dag']) retrieved from /home/airflow/.local/lib/python3.6/site-packages/airflow/example_dags/tutorial_etl_dag.py
[2022-06-04 23:08:35,227] {logging_mixin.py:104} INFO - [2022-06-04 23:08:35,227] {dag.py:1818} INFO - Sync 1 DAGs
[2022-06-04 23:08:35,282] {logging_mixin.py:104} INFO - [2022-06-04 23:08:35,282] {dag.py:2273} INFO - Setting next_dagrun for tutorial_etl_dag to None
[2022-06-04 23:08:35,304] {scheduler_job.py:190} INFO - Processing /home/airflow/.local/lib/python3.6/site-packages/airflow/example_dags/tutorial_etl_dag.py took 0.380 seconds
[2022-06-04 23:09:12,944] {scheduler_job.py:182} INFO - Started process (PID=551) to work on /home/airflow/.local/lib/python3.6/site-packages/airflow/example_dags/tutorial_etl_dag.py
[2022-06-04 23:09:13,261] {scheduler_job.py:629} INFO - Processing file /home/airflow/.local/lib/python3.6/site-packages/airflow/example_dags/tutorial_etl_dag.py for tasks to queue
[2022-06-04 23:09:13,319] {logging_mixin.py:104} INFO - [2022-06-04 23:09:13,319] {dagbag.py:448} INFO - Filling up the DagBag from /home/airflow/.local/lib/python3.6/site-packages/airflow/example_dags/tutorial_etl_dag.py
[2022-06-04 23:09:13,823] {scheduler_job.py:639} INFO - DAG(s) dict_keys(['tutorial_etl_dag']) retrieved from /home/airflow/.local/lib/python3.6/site-packages/airflow/example_dags/tutorial_etl_dag.py
[2022-06-04 23:09:14,137] {logging_mixin.py:104} INFO - [2022-06-04 23:09:14,136] {dag.py:1818} INFO - Sync 1 DAGs
[2022-06-04 23:09:14,535] {logging_mixin.py:104} INFO - [2022-06-04 23:09:14,535] {dag.py:2273} INFO - Setting next_dagrun for tutorial_etl_dag to None
[2022-06-04 23:09:14,688] {scheduler_job.py:190} INFO - Processing /home/airflow/.local/lib/python3.6/site-packages/airflow/example_dags/tutorial_etl_dag.py took 1.935 seconds
[2022-06-04 23:09:45,001] {scheduler_job.py:182} INFO - Started process (PID=578) to work on /home/airflow/.local/lib/python3.6/site-packages/airflow/example_dags/tutorial_etl_dag.py
[2022-06-04 23:09:45,012] {scheduler_job.py:629} INFO - Processing file /home/airflow/.local/lib/python3.6/site-packages/airflow/example_dags/tutorial_etl_dag.py for tasks to queue
[2022-06-04 23:09:45,017] {logging_mixin.py:104} INFO - [2022-06-04 23:09:45,017] {dagbag.py:448} INFO - Filling up the DagBag from /home/airflow/.local/lib/python3.6/site-packages/airflow/example_dags/tutorial_etl_dag.py
[2022-06-04 23:09:45,046] {scheduler_job.py:639} INFO - DAG(s) dict_keys(['tutorial_etl_dag']) retrieved from /home/airflow/.local/lib/python3.6/site-packages/airflow/example_dags/tutorial_etl_dag.py
[2022-06-04 23:09:45,128] {logging_mixin.py:104} INFO - [2022-06-04 23:09:45,128] {dag.py:1818} INFO - Sync 1 DAGs
[2022-06-04 23:09:45,160] {logging_mixin.py:104} INFO - [2022-06-04 23:09:45,160] {dag.py:2273} INFO - Setting next_dagrun for tutorial_etl_dag to None
[2022-06-04 23:09:45,188] {scheduler_job.py:190} INFO - Processing /home/airflow/.local/lib/python3.6/site-packages/airflow/example_dags/tutorial_etl_dag.py took 0.192 seconds
[2022-06-04 23:10:15,427] {scheduler_job.py:182} INFO - Started process (PID=604) to work on /home/airflow/.local/lib/python3.6/site-packages/airflow/example_dags/tutorial_etl_dag.py
[2022-06-04 23:10:15,459] {scheduler_job.py:629} INFO - Processing file /home/airflow/.local/lib/python3.6/site-packages/airflow/example_dags/tutorial_etl_dag.py for tasks to queue
[2022-06-04 23:10:15,472] {logging_mixin.py:104} INFO - [2022-06-04 23:10:15,472] {dagbag.py:448} INFO - Filling up the DagBag from /home/airflow/.local/lib/python3.6/site-packages/airflow/example_dags/tutorial_etl_dag.py
[2022-06-04 23:10:15,658] {scheduler_job.py:639} INFO - DAG(s) dict_keys(['tutorial_etl_dag']) retrieved from /home/airflow/.local/lib/python3.6/site-packages/airflow/example_dags/tutorial_etl_dag.py
[2022-06-04 23:10:15,788] {logging_mixin.py:104} INFO - [2022-06-04 23:10:15,787] {dag.py:1818} INFO - Sync 1 DAGs
[2022-06-04 23:10:15,893] {logging_mixin.py:104} INFO - [2022-06-04 23:10:15,893] {dag.py:2273} INFO - Setting next_dagrun for tutorial_etl_dag to None
[2022-06-04 23:10:15,958] {scheduler_job.py:190} INFO - Processing /home/airflow/.local/lib/python3.6/site-packages/airflow/example_dags/tutorial_etl_dag.py took 0.582 seconds
[2022-06-04 23:10:46,154] {scheduler_job.py:182} INFO - Started process (PID=630) to work on /home/airflow/.local/lib/python3.6/site-packages/airflow/example_dags/tutorial_etl_dag.py
[2022-06-04 23:10:46,172] {scheduler_job.py:629} INFO - Processing file /home/airflow/.local/lib/python3.6/site-packages/airflow/example_dags/tutorial_etl_dag.py for tasks to queue
[2022-06-04 23:10:46,176] {logging_mixin.py:104} INFO - [2022-06-04 23:10:46,176] {dagbag.py:448} INFO - Filling up the DagBag from /home/airflow/.local/lib/python3.6/site-packages/airflow/example_dags/tutorial_etl_dag.py
[2022-06-04 23:10:46,207] {scheduler_job.py:639} INFO - DAG(s) dict_keys(['tutorial_etl_dag']) retrieved from /home/airflow/.local/lib/python3.6/site-packages/airflow/example_dags/tutorial_etl_dag.py
[2022-06-04 23:10:46,248] {logging_mixin.py:104} INFO - [2022-06-04 23:10:46,248] {dag.py:1818} INFO - Sync 1 DAGs
[2022-06-04 23:10:46,272] {logging_mixin.py:104} INFO - [2022-06-04 23:10:46,271] {dag.py:2273} INFO - Setting next_dagrun for tutorial_etl_dag to None
[2022-06-04 23:10:46,287] {scheduler_job.py:190} INFO - Processing /home/airflow/.local/lib/python3.6/site-packages/airflow/example_dags/tutorial_etl_dag.py took 0.145 seconds
[2022-06-04 23:11:16,595] {scheduler_job.py:182} INFO - Started process (PID=656) to work on /home/airflow/.local/lib/python3.6/site-packages/airflow/example_dags/tutorial_etl_dag.py
[2022-06-04 23:11:16,600] {scheduler_job.py:629} INFO - Processing file /home/airflow/.local/lib/python3.6/site-packages/airflow/example_dags/tutorial_etl_dag.py for tasks to queue
[2022-06-04 23:11:16,604] {logging_mixin.py:104} INFO - [2022-06-04 23:11:16,603] {dagbag.py:448} INFO - Filling up the DagBag from /home/airflow/.local/lib/python3.6/site-packages/airflow/example_dags/tutorial_etl_dag.py
[2022-06-04 23:11:16,672] {scheduler_job.py:639} INFO - DAG(s) dict_keys(['tutorial_etl_dag']) retrieved from /home/airflow/.local/lib/python3.6/site-packages/airflow/example_dags/tutorial_etl_dag.py
[2022-06-04 23:11:16,718] {logging_mixin.py:104} INFO - [2022-06-04 23:11:16,718] {dag.py:1818} INFO - Sync 1 DAGs
[2022-06-04 23:11:16,766] {logging_mixin.py:104} INFO - [2022-06-04 23:11:16,766] {dag.py:2273} INFO - Setting next_dagrun for tutorial_etl_dag to None
[2022-06-04 23:11:16,812] {scheduler_job.py:190} INFO - Processing /home/airflow/.local/lib/python3.6/site-packages/airflow/example_dags/tutorial_etl_dag.py took 0.270 seconds
[2022-06-04 23:11:46,932] {scheduler_job.py:182} INFO - Started process (PID=681) to work on /home/airflow/.local/lib/python3.6/site-packages/airflow/example_dags/tutorial_etl_dag.py
[2022-06-04 23:11:46,950] {scheduler_job.py:629} INFO - Processing file /home/airflow/.local/lib/python3.6/site-packages/airflow/example_dags/tutorial_etl_dag.py for tasks to queue
[2022-06-04 23:11:46,953] {logging_mixin.py:104} INFO - [2022-06-04 23:11:46,953] {dagbag.py:448} INFO - Filling up the DagBag from /home/airflow/.local/lib/python3.6/site-packages/airflow/example_dags/tutorial_etl_dag.py
[2022-06-04 23:11:47,029] {scheduler_job.py:639} INFO - DAG(s) dict_keys(['tutorial_etl_dag']) retrieved from /home/airflow/.local/lib/python3.6/site-packages/airflow/example_dags/tutorial_etl_dag.py
[2022-06-04 23:11:47,070] {logging_mixin.py:104} INFO - [2022-06-04 23:11:47,070] {dag.py:1818} INFO - Sync 1 DAGs
[2022-06-04 23:11:47,248] {logging_mixin.py:104} INFO - [2022-06-04 23:11:47,248] {dag.py:2273} INFO - Setting next_dagrun for tutorial_etl_dag to None
[2022-06-04 23:11:47,385] {scheduler_job.py:190} INFO - Processing /home/airflow/.local/lib/python3.6/site-packages/airflow/example_dags/tutorial_etl_dag.py took 0.462 seconds
[2022-06-04 23:12:17,485] {scheduler_job.py:182} INFO - Started process (PID=707) to work on /home/airflow/.local/lib/python3.6/site-packages/airflow/example_dags/tutorial_etl_dag.py
[2022-06-04 23:12:17,497] {scheduler_job.py:629} INFO - Processing file /home/airflow/.local/lib/python3.6/site-packages/airflow/example_dags/tutorial_etl_dag.py for tasks to queue
[2022-06-04 23:12:17,503] {logging_mixin.py:104} INFO - [2022-06-04 23:12:17,503] {dagbag.py:448} INFO - Filling up the DagBag from /home/airflow/.local/lib/python3.6/site-packages/airflow/example_dags/tutorial_etl_dag.py
[2022-06-04 23:12:17,560] {scheduler_job.py:639} INFO - DAG(s) dict_keys(['tutorial_etl_dag']) retrieved from /home/airflow/.local/lib/python3.6/site-packages/airflow/example_dags/tutorial_etl_dag.py
[2022-06-04 23:12:17,632] {logging_mixin.py:104} INFO - [2022-06-04 23:12:17,632] {dag.py:1818} INFO - Sync 1 DAGs
[2022-06-04 23:12:17,685] {logging_mixin.py:104} INFO - [2022-06-04 23:12:17,684] {dag.py:2273} INFO - Setting next_dagrun for tutorial_etl_dag to None
[2022-06-04 23:12:17,716] {scheduler_job.py:190} INFO - Processing /home/airflow/.local/lib/python3.6/site-packages/airflow/example_dags/tutorial_etl_dag.py took 0.238 seconds
[2022-06-04 23:12:47,963] {scheduler_job.py:182} INFO - Started process (PID=733) to work on /home/airflow/.local/lib/python3.6/site-packages/airflow/example_dags/tutorial_etl_dag.py
[2022-06-04 23:12:47,972] {scheduler_job.py:629} INFO - Processing file /home/airflow/.local/lib/python3.6/site-packages/airflow/example_dags/tutorial_etl_dag.py for tasks to queue
[2022-06-04 23:12:47,976] {logging_mixin.py:104} INFO - [2022-06-04 23:12:47,976] {dagbag.py:448} INFO - Filling up the DagBag from /home/airflow/.local/lib/python3.6/site-packages/airflow/example_dags/tutorial_etl_dag.py
[2022-06-04 23:12:48,056] {scheduler_job.py:639} INFO - DAG(s) dict_keys(['tutorial_etl_dag']) retrieved from /home/airflow/.local/lib/python3.6/site-packages/airflow/example_dags/tutorial_etl_dag.py
[2022-06-04 23:12:48,123] {logging_mixin.py:104} INFO - [2022-06-04 23:12:48,122] {dag.py:1818} INFO - Sync 1 DAGs
[2022-06-04 23:12:48,508] {logging_mixin.py:104} INFO - [2022-06-04 23:12:48,508] {dag.py:2273} INFO - Setting next_dagrun for tutorial_etl_dag to None
[2022-06-04 23:12:48,805] {scheduler_job.py:190} INFO - Processing /home/airflow/.local/lib/python3.6/site-packages/airflow/example_dags/tutorial_etl_dag.py took 0.866 seconds
