[2022-06-04 22:28:28,151] {scheduler_job.py:182} INFO - Started process (PID=42) to work on /home/airflow/.local/lib/python3.6/site-packages/airflow/example_dags/tutorial.py
[2022-06-04 22:28:28,165] {scheduler_job.py:629} INFO - Processing file /home/airflow/.local/lib/python3.6/site-packages/airflow/example_dags/tutorial.py for tasks to queue
[2022-06-04 22:28:28,175] {logging_mixin.py:104} INFO - [2022-06-04 22:28:28,175] {dagbag.py:448} INFO - Filling up the DagBag from /home/airflow/.local/lib/python3.6/site-packages/airflow/example_dags/tutorial.py
[2022-06-04 22:28:28,405] {scheduler_job.py:639} INFO - DAG(s) dict_keys(['tutorial']) retrieved from /home/airflow/.local/lib/python3.6/site-packages/airflow/example_dags/tutorial.py
[2022-06-04 22:28:28,898] {logging_mixin.py:104} INFO - [2022-06-04 22:28:28,898] {dag.py:1818} INFO - Sync 1 DAGs
[2022-06-04 22:28:29,075] {logging_mixin.py:104} INFO - [2022-06-04 22:28:29,075] {dag.py:1837} INFO - Creating ORM DAG for tutorial
[2022-06-04 22:28:29,180] {logging_mixin.py:104} INFO - [2022-06-04 22:28:29,180] {dag.py:2273} INFO - Setting next_dagrun for tutorial to 2022-06-02 00:00:00+00:00
[2022-06-04 22:28:29,515] {scheduler_job.py:190} INFO - Processing /home/airflow/.local/lib/python3.6/site-packages/airflow/example_dags/tutorial.py took 1.411 seconds
[2022-06-04 22:28:59,932] {scheduler_job.py:182} INFO - Started process (PID=68) to work on /home/airflow/.local/lib/python3.6/site-packages/airflow/example_dags/tutorial.py
[2022-06-04 22:28:59,947] {scheduler_job.py:629} INFO - Processing file /home/airflow/.local/lib/python3.6/site-packages/airflow/example_dags/tutorial.py for tasks to queue
[2022-06-04 22:28:59,956] {logging_mixin.py:104} INFO - [2022-06-04 22:28:59,955] {dagbag.py:448} INFO - Filling up the DagBag from /home/airflow/.local/lib/python3.6/site-packages/airflow/example_dags/tutorial.py
[2022-06-04 22:29:00,023] {scheduler_job.py:639} INFO - DAG(s) dict_keys(['tutorial']) retrieved from /home/airflow/.local/lib/python3.6/site-packages/airflow/example_dags/tutorial.py
[2022-06-04 22:29:00,215] {logging_mixin.py:104} INFO - [2022-06-04 22:29:00,214] {dag.py:1818} INFO - Sync 1 DAGs
[2022-06-04 22:29:00,362] {logging_mixin.py:104} INFO - [2022-06-04 22:29:00,359] {dag.py:2273} INFO - Setting next_dagrun for tutorial to 2022-06-02 00:00:00+00:00
[2022-06-04 22:29:00,455] {scheduler_job.py:190} INFO - Processing /home/airflow/.local/lib/python3.6/site-packages/airflow/example_dags/tutorial.py took 0.560 seconds
[2022-06-04 22:29:31,095] {scheduler_job.py:182} INFO - Started process (PID=94) to work on /home/airflow/.local/lib/python3.6/site-packages/airflow/example_dags/tutorial.py
[2022-06-04 22:29:31,100] {scheduler_job.py:629} INFO - Processing file /home/airflow/.local/lib/python3.6/site-packages/airflow/example_dags/tutorial.py for tasks to queue
[2022-06-04 22:29:31,115] {logging_mixin.py:104} INFO - [2022-06-04 22:29:31,115] {dagbag.py:448} INFO - Filling up the DagBag from /home/airflow/.local/lib/python3.6/site-packages/airflow/example_dags/tutorial.py
[2022-06-04 22:29:31,295] {scheduler_job.py:639} INFO - DAG(s) dict_keys(['tutorial']) retrieved from /home/airflow/.local/lib/python3.6/site-packages/airflow/example_dags/tutorial.py
[2022-06-04 22:29:32,699] {logging_mixin.py:104} INFO - [2022-06-04 22:29:32,699] {dag.py:1818} INFO - Sync 1 DAGs
[2022-06-04 22:29:33,193] {logging_mixin.py:104} INFO - [2022-06-04 22:29:33,193] {dag.py:2273} INFO - Setting next_dagrun for tutorial to 2022-06-02 00:00:00+00:00
[2022-06-04 22:29:33,367] {scheduler_job.py:190} INFO - Processing /home/airflow/.local/lib/python3.6/site-packages/airflow/example_dags/tutorial.py took 2.361 seconds
[2022-06-04 22:30:03,639] {scheduler_job.py:182} INFO - Started process (PID=120) to work on /home/airflow/.local/lib/python3.6/site-packages/airflow/example_dags/tutorial.py
[2022-06-04 22:30:03,652] {scheduler_job.py:629} INFO - Processing file /home/airflow/.local/lib/python3.6/site-packages/airflow/example_dags/tutorial.py for tasks to queue
[2022-06-04 22:30:03,666] {logging_mixin.py:104} INFO - [2022-06-04 22:30:03,661] {dagbag.py:448} INFO - Filling up the DagBag from /home/airflow/.local/lib/python3.6/site-packages/airflow/example_dags/tutorial.py
[2022-06-04 22:30:03,805] {scheduler_job.py:639} INFO - DAG(s) dict_keys(['tutorial']) retrieved from /home/airflow/.local/lib/python3.6/site-packages/airflow/example_dags/tutorial.py
[2022-06-04 22:30:04,064] {logging_mixin.py:104} INFO - [2022-06-04 22:30:04,064] {dag.py:1818} INFO - Sync 1 DAGs
[2022-06-04 22:30:04,247] {logging_mixin.py:104} INFO - [2022-06-04 22:30:04,247] {dag.py:2273} INFO - Setting next_dagrun for tutorial to 2022-06-02 00:00:00+00:00
[2022-06-04 22:30:04,358] {scheduler_job.py:190} INFO - Processing /home/airflow/.local/lib/python3.6/site-packages/airflow/example_dags/tutorial.py took 0.776 seconds
[2022-06-04 22:30:34,798] {scheduler_job.py:182} INFO - Started process (PID=146) to work on /home/airflow/.local/lib/python3.6/site-packages/airflow/example_dags/tutorial.py
[2022-06-04 22:30:34,813] {scheduler_job.py:629} INFO - Processing file /home/airflow/.local/lib/python3.6/site-packages/airflow/example_dags/tutorial.py for tasks to queue
[2022-06-04 22:30:34,824] {logging_mixin.py:104} INFO - [2022-06-04 22:30:34,820] {dagbag.py:448} INFO - Filling up the DagBag from /home/airflow/.local/lib/python3.6/site-packages/airflow/example_dags/tutorial.py
[2022-06-04 22:30:34,890] {scheduler_job.py:639} INFO - DAG(s) dict_keys(['tutorial']) retrieved from /home/airflow/.local/lib/python3.6/site-packages/airflow/example_dags/tutorial.py
[2022-06-04 22:30:35,057] {logging_mixin.py:104} INFO - [2022-06-04 22:30:35,056] {dag.py:1818} INFO - Sync 1 DAGs
[2022-06-04 22:30:35,182] {logging_mixin.py:104} INFO - [2022-06-04 22:30:35,182] {dag.py:2273} INFO - Setting next_dagrun for tutorial to 2022-06-02 00:00:00+00:00
[2022-06-04 22:30:35,237] {scheduler_job.py:190} INFO - Processing /home/airflow/.local/lib/python3.6/site-packages/airflow/example_dags/tutorial.py took 0.444 seconds
[2022-06-04 22:31:05,709] {scheduler_job.py:182} INFO - Started process (PID=172) to work on /home/airflow/.local/lib/python3.6/site-packages/airflow/example_dags/tutorial.py
[2022-06-04 22:31:05,838] {scheduler_job.py:629} INFO - Processing file /home/airflow/.local/lib/python3.6/site-packages/airflow/example_dags/tutorial.py for tasks to queue
[2022-06-04 22:31:05,841] {logging_mixin.py:104} INFO - [2022-06-04 22:31:05,841] {dagbag.py:448} INFO - Filling up the DagBag from /home/airflow/.local/lib/python3.6/site-packages/airflow/example_dags/tutorial.py
[2022-06-04 22:31:05,910] {scheduler_job.py:639} INFO - DAG(s) dict_keys(['tutorial']) retrieved from /home/airflow/.local/lib/python3.6/site-packages/airflow/example_dags/tutorial.py
[2022-06-04 22:31:06,013] {logging_mixin.py:104} INFO - [2022-06-04 22:31:06,013] {dag.py:1818} INFO - Sync 1 DAGs
[2022-06-04 22:31:06,069] {logging_mixin.py:104} INFO - [2022-06-04 22:31:06,069] {dag.py:2273} INFO - Setting next_dagrun for tutorial to 2022-06-02 00:00:00+00:00
[2022-06-04 22:31:06,108] {scheduler_job.py:190} INFO - Processing /home/airflow/.local/lib/python3.6/site-packages/airflow/example_dags/tutorial.py took 0.410 seconds
[2022-06-04 22:31:36,795] {scheduler_job.py:182} INFO - Started process (PID=198) to work on /home/airflow/.local/lib/python3.6/site-packages/airflow/example_dags/tutorial.py
[2022-06-04 22:31:36,817] {scheduler_job.py:629} INFO - Processing file /home/airflow/.local/lib/python3.6/site-packages/airflow/example_dags/tutorial.py for tasks to queue
[2022-06-04 22:31:36,821] {logging_mixin.py:104} INFO - [2022-06-04 22:31:36,821] {dagbag.py:448} INFO - Filling up the DagBag from /home/airflow/.local/lib/python3.6/site-packages/airflow/example_dags/tutorial.py
[2022-06-04 22:31:36,906] {scheduler_job.py:639} INFO - DAG(s) dict_keys(['tutorial']) retrieved from /home/airflow/.local/lib/python3.6/site-packages/airflow/example_dags/tutorial.py
[2022-06-04 22:31:36,987] {logging_mixin.py:104} INFO - [2022-06-04 22:31:36,987] {dag.py:1818} INFO - Sync 1 DAGs
[2022-06-04 22:31:37,056] {logging_mixin.py:104} INFO - [2022-06-04 22:31:37,056] {dag.py:2273} INFO - Setting next_dagrun for tutorial to 2022-06-02 00:00:00+00:00
[2022-06-04 22:31:37,075] {scheduler_job.py:190} INFO - Processing /home/airflow/.local/lib/python3.6/site-packages/airflow/example_dags/tutorial.py took 0.309 seconds
[2022-06-04 22:32:07,807] {scheduler_job.py:182} INFO - Started process (PID=224) to work on /home/airflow/.local/lib/python3.6/site-packages/airflow/example_dags/tutorial.py
[2022-06-04 22:32:07,822] {scheduler_job.py:629} INFO - Processing file /home/airflow/.local/lib/python3.6/site-packages/airflow/example_dags/tutorial.py for tasks to queue
[2022-06-04 22:32:07,825] {logging_mixin.py:104} INFO - [2022-06-04 22:32:07,825] {dagbag.py:448} INFO - Filling up the DagBag from /home/airflow/.local/lib/python3.6/site-packages/airflow/example_dags/tutorial.py
[2022-06-04 22:32:07,843] {scheduler_job.py:639} INFO - DAG(s) dict_keys(['tutorial']) retrieved from /home/airflow/.local/lib/python3.6/site-packages/airflow/example_dags/tutorial.py
[2022-06-04 22:32:07,878] {logging_mixin.py:104} INFO - [2022-06-04 22:32:07,878] {dag.py:1818} INFO - Sync 1 DAGs
[2022-06-04 22:32:07,904] {logging_mixin.py:104} INFO - [2022-06-04 22:32:07,904] {dag.py:2273} INFO - Setting next_dagrun for tutorial to 2022-06-02 00:00:00+00:00
[2022-06-04 22:32:07,926] {scheduler_job.py:190} INFO - Processing /home/airflow/.local/lib/python3.6/site-packages/airflow/example_dags/tutorial.py took 0.123 seconds
[2022-06-04 22:32:38,094] {scheduler_job.py:182} INFO - Started process (PID=249) to work on /home/airflow/.local/lib/python3.6/site-packages/airflow/example_dags/tutorial.py
[2022-06-04 22:32:38,115] {scheduler_job.py:629} INFO - Processing file /home/airflow/.local/lib/python3.6/site-packages/airflow/example_dags/tutorial.py for tasks to queue
[2022-06-04 22:32:38,124] {logging_mixin.py:104} INFO - [2022-06-04 22:32:38,118] {dagbag.py:448} INFO - Filling up the DagBag from /home/airflow/.local/lib/python3.6/site-packages/airflow/example_dags/tutorial.py
[2022-06-04 22:32:38,212] {scheduler_job.py:639} INFO - DAG(s) dict_keys(['tutorial']) retrieved from /home/airflow/.local/lib/python3.6/site-packages/airflow/example_dags/tutorial.py
[2022-06-04 22:32:38,272] {logging_mixin.py:104} INFO - [2022-06-04 22:32:38,270] {dag.py:1818} INFO - Sync 1 DAGs
[2022-06-04 22:32:38,482] {logging_mixin.py:104} INFO - [2022-06-04 22:32:38,482] {dag.py:2273} INFO - Setting next_dagrun for tutorial to 2022-06-02 00:00:00+00:00
[2022-06-04 22:32:38,546] {scheduler_job.py:190} INFO - Processing /home/airflow/.local/lib/python3.6/site-packages/airflow/example_dags/tutorial.py took 0.492 seconds
[2022-06-04 22:33:09,021] {scheduler_job.py:182} INFO - Started process (PID=276) to work on /home/airflow/.local/lib/python3.6/site-packages/airflow/example_dags/tutorial.py
[2022-06-04 22:33:09,035] {scheduler_job.py:629} INFO - Processing file /home/airflow/.local/lib/python3.6/site-packages/airflow/example_dags/tutorial.py for tasks to queue
[2022-06-04 22:33:09,038] {logging_mixin.py:104} INFO - [2022-06-04 22:33:09,037] {dagbag.py:448} INFO - Filling up the DagBag from /home/airflow/.local/lib/python3.6/site-packages/airflow/example_dags/tutorial.py
[2022-06-04 22:33:09,060] {scheduler_job.py:639} INFO - DAG(s) dict_keys(['tutorial']) retrieved from /home/airflow/.local/lib/python3.6/site-packages/airflow/example_dags/tutorial.py
[2022-06-04 22:33:09,129] {logging_mixin.py:104} INFO - [2022-06-04 22:33:09,129] {dag.py:1818} INFO - Sync 1 DAGs
[2022-06-04 22:33:09,169] {logging_mixin.py:104} INFO - [2022-06-04 22:33:09,168] {dag.py:2273} INFO - Setting next_dagrun for tutorial to 2022-06-02 00:00:00+00:00
[2022-06-04 22:33:09,190] {scheduler_job.py:190} INFO - Processing /home/airflow/.local/lib/python3.6/site-packages/airflow/example_dags/tutorial.py took 0.184 seconds
[2022-06-04 22:33:39,953] {scheduler_job.py:182} INFO - Started process (PID=302) to work on /home/airflow/.local/lib/python3.6/site-packages/airflow/example_dags/tutorial.py
[2022-06-04 22:33:40,042] {scheduler_job.py:629} INFO - Processing file /home/airflow/.local/lib/python3.6/site-packages/airflow/example_dags/tutorial.py for tasks to queue
[2022-06-04 22:33:40,050] {logging_mixin.py:104} INFO - [2022-06-04 22:33:40,050] {dagbag.py:448} INFO - Filling up the DagBag from /home/airflow/.local/lib/python3.6/site-packages/airflow/example_dags/tutorial.py
[2022-06-04 22:33:40,078] {scheduler_job.py:639} INFO - DAG(s) dict_keys(['tutorial']) retrieved from /home/airflow/.local/lib/python3.6/site-packages/airflow/example_dags/tutorial.py
[2022-06-04 22:33:40,114] {logging_mixin.py:104} INFO - [2022-06-04 22:33:40,114] {dag.py:1818} INFO - Sync 1 DAGs
[2022-06-04 22:33:40,140] {logging_mixin.py:104} INFO - [2022-06-04 22:33:40,140] {dag.py:2273} INFO - Setting next_dagrun for tutorial to 2022-06-02 00:00:00+00:00
[2022-06-04 22:33:40,161] {scheduler_job.py:190} INFO - Processing /home/airflow/.local/lib/python3.6/site-packages/airflow/example_dags/tutorial.py took 0.230 seconds
[2022-06-04 22:34:10,435] {scheduler_job.py:182} INFO - Started process (PID=328) to work on /home/airflow/.local/lib/python3.6/site-packages/airflow/example_dags/tutorial.py
[2022-06-04 22:34:10,440] {scheduler_job.py:629} INFO - Processing file /home/airflow/.local/lib/python3.6/site-packages/airflow/example_dags/tutorial.py for tasks to queue
[2022-06-04 22:34:10,444] {logging_mixin.py:104} INFO - [2022-06-04 22:34:10,444] {dagbag.py:448} INFO - Filling up the DagBag from /home/airflow/.local/lib/python3.6/site-packages/airflow/example_dags/tutorial.py
[2022-06-04 22:34:10,493] {scheduler_job.py:639} INFO - DAG(s) dict_keys(['tutorial']) retrieved from /home/airflow/.local/lib/python3.6/site-packages/airflow/example_dags/tutorial.py
[2022-06-04 22:34:10,678] {logging_mixin.py:104} INFO - [2022-06-04 22:34:10,678] {dag.py:1818} INFO - Sync 1 DAGs
[2022-06-04 22:34:10,797] {logging_mixin.py:104} INFO - [2022-06-04 22:34:10,797] {dag.py:2273} INFO - Setting next_dagrun for tutorial to 2022-06-02 00:00:00+00:00
[2022-06-04 22:34:10,828] {scheduler_job.py:190} INFO - Processing /home/airflow/.local/lib/python3.6/site-packages/airflow/example_dags/tutorial.py took 0.409 seconds
[2022-06-04 22:34:41,441] {scheduler_job.py:182} INFO - Started process (PID=354) to work on /home/airflow/.local/lib/python3.6/site-packages/airflow/example_dags/tutorial.py
[2022-06-04 22:34:41,455] {scheduler_job.py:629} INFO - Processing file /home/airflow/.local/lib/python3.6/site-packages/airflow/example_dags/tutorial.py for tasks to queue
[2022-06-04 22:34:41,465] {logging_mixin.py:104} INFO - [2022-06-04 22:34:41,465] {dagbag.py:448} INFO - Filling up the DagBag from /home/airflow/.local/lib/python3.6/site-packages/airflow/example_dags/tutorial.py
[2022-06-04 22:34:41,543] {scheduler_job.py:639} INFO - DAG(s) dict_keys(['tutorial']) retrieved from /home/airflow/.local/lib/python3.6/site-packages/airflow/example_dags/tutorial.py
[2022-06-04 22:34:41,680] {logging_mixin.py:104} INFO - [2022-06-04 22:34:41,666] {dag.py:1818} INFO - Sync 1 DAGs
[2022-06-04 22:34:41,779] {logging_mixin.py:104} INFO - [2022-06-04 22:34:41,778] {dag.py:2273} INFO - Setting next_dagrun for tutorial to 2022-06-02 00:00:00+00:00
[2022-06-04 22:34:41,923] {scheduler_job.py:190} INFO - Processing /home/airflow/.local/lib/python3.6/site-packages/airflow/example_dags/tutorial.py took 0.498 seconds
[2022-06-04 22:35:13,185] {scheduler_job.py:182} INFO - Started process (PID=380) to work on /home/airflow/.local/lib/python3.6/site-packages/airflow/example_dags/tutorial.py
[2022-06-04 22:35:13,200] {scheduler_job.py:629} INFO - Processing file /home/airflow/.local/lib/python3.6/site-packages/airflow/example_dags/tutorial.py for tasks to queue
[2022-06-04 22:35:13,202] {logging_mixin.py:104} INFO - [2022-06-04 22:35:13,202] {dagbag.py:448} INFO - Filling up the DagBag from /home/airflow/.local/lib/python3.6/site-packages/airflow/example_dags/tutorial.py
[2022-06-04 22:35:13,234] {scheduler_job.py:639} INFO - DAG(s) dict_keys(['tutorial']) retrieved from /home/airflow/.local/lib/python3.6/site-packages/airflow/example_dags/tutorial.py
[2022-06-04 22:35:13,267] {logging_mixin.py:104} INFO - [2022-06-04 22:35:13,267] {dag.py:1818} INFO - Sync 1 DAGs
[2022-06-04 22:35:13,302] {logging_mixin.py:104} INFO - [2022-06-04 22:35:13,301] {dag.py:2273} INFO - Setting next_dagrun for tutorial to 2022-06-02 00:00:00+00:00
[2022-06-04 22:35:13,324] {scheduler_job.py:190} INFO - Processing /home/airflow/.local/lib/python3.6/site-packages/airflow/example_dags/tutorial.py took 0.167 seconds
[2022-06-04 22:35:43,523] {scheduler_job.py:182} INFO - Started process (PID=406) to work on /home/airflow/.local/lib/python3.6/site-packages/airflow/example_dags/tutorial.py
[2022-06-04 22:35:43,527] {scheduler_job.py:629} INFO - Processing file /home/airflow/.local/lib/python3.6/site-packages/airflow/example_dags/tutorial.py for tasks to queue
[2022-06-04 22:35:43,539] {logging_mixin.py:104} INFO - [2022-06-04 22:35:43,539] {dagbag.py:448} INFO - Filling up the DagBag from /home/airflow/.local/lib/python3.6/site-packages/airflow/example_dags/tutorial.py
[2022-06-04 22:35:43,568] {scheduler_job.py:639} INFO - DAG(s) dict_keys(['tutorial']) retrieved from /home/airflow/.local/lib/python3.6/site-packages/airflow/example_dags/tutorial.py
[2022-06-04 22:35:43,652] {logging_mixin.py:104} INFO - [2022-06-04 22:35:43,652] {dag.py:1818} INFO - Sync 1 DAGs
[2022-06-04 22:35:43,722] {logging_mixin.py:104} INFO - [2022-06-04 22:35:43,722] {dag.py:2273} INFO - Setting next_dagrun for tutorial to 2022-06-02 00:00:00+00:00
[2022-06-04 22:35:43,746] {scheduler_job.py:190} INFO - Processing /home/airflow/.local/lib/python3.6/site-packages/airflow/example_dags/tutorial.py took 0.231 seconds
[2022-06-04 22:36:14,184] {scheduler_job.py:182} INFO - Started process (PID=429) to work on /home/airflow/.local/lib/python3.6/site-packages/airflow/example_dags/tutorial.py
[2022-06-04 22:36:14,189] {scheduler_job.py:629} INFO - Processing file /home/airflow/.local/lib/python3.6/site-packages/airflow/example_dags/tutorial.py for tasks to queue
[2022-06-04 22:36:14,192] {logging_mixin.py:104} INFO - [2022-06-04 22:36:14,192] {dagbag.py:448} INFO - Filling up the DagBag from /home/airflow/.local/lib/python3.6/site-packages/airflow/example_dags/tutorial.py
[2022-06-04 22:36:14,206] {scheduler_job.py:639} INFO - DAG(s) dict_keys(['tutorial']) retrieved from /home/airflow/.local/lib/python3.6/site-packages/airflow/example_dags/tutorial.py
[2022-06-04 22:36:14,245] {logging_mixin.py:104} INFO - [2022-06-04 22:36:14,245] {dag.py:1818} INFO - Sync 1 DAGs
[2022-06-04 22:36:14,273] {logging_mixin.py:104} INFO - [2022-06-04 22:36:14,273] {dag.py:2273} INFO - Setting next_dagrun for tutorial to 2022-06-02 00:00:00+00:00
[2022-06-04 22:36:14,296] {scheduler_job.py:190} INFO - Processing /home/airflow/.local/lib/python3.6/site-packages/airflow/example_dags/tutorial.py took 0.124 seconds
[2022-06-04 22:36:50,379] {scheduler_job.py:182} INFO - Started process (PID=457) to work on /home/airflow/.local/lib/python3.6/site-packages/airflow/example_dags/tutorial.py
[2022-06-04 22:36:50,453] {scheduler_job.py:629} INFO - Processing file /home/airflow/.local/lib/python3.6/site-packages/airflow/example_dags/tutorial.py for tasks to queue
[2022-06-04 22:36:50,731] {logging_mixin.py:104} INFO - [2022-06-04 22:36:50,709] {dagbag.py:448} INFO - Filling up the DagBag from /home/airflow/.local/lib/python3.6/site-packages/airflow/example_dags/tutorial.py
[2022-06-04 22:36:51,546] {scheduler_job.py:639} INFO - DAG(s) dict_keys(['tutorial']) retrieved from /home/airflow/.local/lib/python3.6/site-packages/airflow/example_dags/tutorial.py
[2022-06-04 22:36:53,072] {logging_mixin.py:104} INFO - [2022-06-04 22:36:53,072] {dag.py:1818} INFO - Sync 1 DAGs
[2022-06-04 22:36:54,900] {logging_mixin.py:104} INFO - [2022-06-04 22:36:54,899] {dag.py:2273} INFO - Setting next_dagrun for tutorial to 2022-06-02 00:00:00+00:00
[2022-06-04 22:36:55,219] {scheduler_job.py:190} INFO - Processing /home/airflow/.local/lib/python3.6/site-packages/airflow/example_dags/tutorial.py took 4.993 seconds
[2022-06-04 22:37:26,418] {scheduler_job.py:182} INFO - Started process (PID=483) to work on /home/airflow/.local/lib/python3.6/site-packages/airflow/example_dags/tutorial.py
[2022-06-04 22:37:26,436] {scheduler_job.py:629} INFO - Processing file /home/airflow/.local/lib/python3.6/site-packages/airflow/example_dags/tutorial.py for tasks to queue
[2022-06-04 22:37:26,449] {logging_mixin.py:104} INFO - [2022-06-04 22:37:26,448] {dagbag.py:448} INFO - Filling up the DagBag from /home/airflow/.local/lib/python3.6/site-packages/airflow/example_dags/tutorial.py
[2022-06-04 22:37:26,550] {scheduler_job.py:639} INFO - DAG(s) dict_keys(['tutorial']) retrieved from /home/airflow/.local/lib/python3.6/site-packages/airflow/example_dags/tutorial.py
[2022-06-04 22:37:26,605] {logging_mixin.py:104} INFO - [2022-06-04 22:37:26,605] {dag.py:1818} INFO - Sync 1 DAGs
[2022-06-04 22:37:26,824] {logging_mixin.py:104} INFO - [2022-06-04 22:37:26,824] {dag.py:2273} INFO - Setting next_dagrun for tutorial to 2022-06-02 00:00:00+00:00
[2022-06-04 22:37:27,029] {scheduler_job.py:190} INFO - Processing /home/airflow/.local/lib/python3.6/site-packages/airflow/example_dags/tutorial.py took 0.527 seconds
[2022-06-04 22:37:57,549] {scheduler_job.py:182} INFO - Started process (PID=509) to work on /home/airflow/.local/lib/python3.6/site-packages/airflow/example_dags/tutorial.py
[2022-06-04 22:37:57,560] {scheduler_job.py:629} INFO - Processing file /home/airflow/.local/lib/python3.6/site-packages/airflow/example_dags/tutorial.py for tasks to queue
[2022-06-04 22:37:57,562] {logging_mixin.py:104} INFO - [2022-06-04 22:37:57,562] {dagbag.py:448} INFO - Filling up the DagBag from /home/airflow/.local/lib/python3.6/site-packages/airflow/example_dags/tutorial.py
[2022-06-04 22:37:57,598] {scheduler_job.py:639} INFO - DAG(s) dict_keys(['tutorial']) retrieved from /home/airflow/.local/lib/python3.6/site-packages/airflow/example_dags/tutorial.py
[2022-06-04 22:37:57,887] {logging_mixin.py:104} INFO - [2022-06-04 22:37:57,887] {dag.py:1818} INFO - Sync 1 DAGs
[2022-06-04 22:37:57,995] {logging_mixin.py:104} INFO - [2022-06-04 22:37:57,995] {dag.py:2273} INFO - Setting next_dagrun for tutorial to 2022-06-02 00:00:00+00:00
[2022-06-04 22:37:58,171] {scheduler_job.py:190} INFO - Processing /home/airflow/.local/lib/python3.6/site-packages/airflow/example_dags/tutorial.py took 0.632 seconds
[2022-06-04 22:38:28,338] {scheduler_job.py:182} INFO - Started process (PID=535) to work on /home/airflow/.local/lib/python3.6/site-packages/airflow/example_dags/tutorial.py
[2022-06-04 22:38:28,350] {scheduler_job.py:629} INFO - Processing file /home/airflow/.local/lib/python3.6/site-packages/airflow/example_dags/tutorial.py for tasks to queue
[2022-06-04 22:38:28,353] {logging_mixin.py:104} INFO - [2022-06-04 22:38:28,353] {dagbag.py:448} INFO - Filling up the DagBag from /home/airflow/.local/lib/python3.6/site-packages/airflow/example_dags/tutorial.py
[2022-06-04 22:38:28,371] {scheduler_job.py:639} INFO - DAG(s) dict_keys(['tutorial']) retrieved from /home/airflow/.local/lib/python3.6/site-packages/airflow/example_dags/tutorial.py
[2022-06-04 22:38:28,415] {logging_mixin.py:104} INFO - [2022-06-04 22:38:28,414] {dag.py:1818} INFO - Sync 1 DAGs
[2022-06-04 22:38:28,447] {logging_mixin.py:104} INFO - [2022-06-04 22:38:28,447] {dag.py:2273} INFO - Setting next_dagrun for tutorial to 2022-06-02 00:00:00+00:00
[2022-06-04 22:38:28,470] {scheduler_job.py:190} INFO - Processing /home/airflow/.local/lib/python3.6/site-packages/airflow/example_dags/tutorial.py took 0.138 seconds
[2022-06-04 22:38:59,352] {scheduler_job.py:182} INFO - Started process (PID=561) to work on /home/airflow/.local/lib/python3.6/site-packages/airflow/example_dags/tutorial.py
[2022-06-04 22:38:59,356] {scheduler_job.py:629} INFO - Processing file /home/airflow/.local/lib/python3.6/site-packages/airflow/example_dags/tutorial.py for tasks to queue
[2022-06-04 22:38:59,360] {logging_mixin.py:104} INFO - [2022-06-04 22:38:59,360] {dagbag.py:448} INFO - Filling up the DagBag from /home/airflow/.local/lib/python3.6/site-packages/airflow/example_dags/tutorial.py
[2022-06-04 22:38:59,396] {scheduler_job.py:639} INFO - DAG(s) dict_keys(['tutorial']) retrieved from /home/airflow/.local/lib/python3.6/site-packages/airflow/example_dags/tutorial.py
[2022-06-04 22:38:59,453] {logging_mixin.py:104} INFO - [2022-06-04 22:38:59,453] {dag.py:1818} INFO - Sync 1 DAGs
[2022-06-04 22:38:59,493] {logging_mixin.py:104} INFO - [2022-06-04 22:38:59,492] {dag.py:2273} INFO - Setting next_dagrun for tutorial to 2022-06-02 00:00:00+00:00
[2022-06-04 22:38:59,533] {scheduler_job.py:190} INFO - Processing /home/airflow/.local/lib/python3.6/site-packages/airflow/example_dags/tutorial.py took 0.189 seconds
[2022-06-04 22:39:30,139] {scheduler_job.py:182} INFO - Started process (PID=587) to work on /home/airflow/.local/lib/python3.6/site-packages/airflow/example_dags/tutorial.py
[2022-06-04 22:39:30,149] {scheduler_job.py:629} INFO - Processing file /home/airflow/.local/lib/python3.6/site-packages/airflow/example_dags/tutorial.py for tasks to queue
[2022-06-04 22:39:30,152] {logging_mixin.py:104} INFO - [2022-06-04 22:39:30,152] {dagbag.py:448} INFO - Filling up the DagBag from /home/airflow/.local/lib/python3.6/site-packages/airflow/example_dags/tutorial.py
[2022-06-04 22:39:30,167] {scheduler_job.py:639} INFO - DAG(s) dict_keys(['tutorial']) retrieved from /home/airflow/.local/lib/python3.6/site-packages/airflow/example_dags/tutorial.py
[2022-06-04 22:39:30,201] {logging_mixin.py:104} INFO - [2022-06-04 22:39:30,200] {dag.py:1818} INFO - Sync 1 DAGs
[2022-06-04 22:39:30,221] {logging_mixin.py:104} INFO - [2022-06-04 22:39:30,221] {dag.py:2273} INFO - Setting next_dagrun for tutorial to 2022-06-02 00:00:00+00:00
[2022-06-04 22:39:30,238] {scheduler_job.py:190} INFO - Processing /home/airflow/.local/lib/python3.6/site-packages/airflow/example_dags/tutorial.py took 0.104 seconds
[2022-06-04 22:40:00,869] {scheduler_job.py:182} INFO - Started process (PID=613) to work on /home/airflow/.local/lib/python3.6/site-packages/airflow/example_dags/tutorial.py
[2022-06-04 22:40:00,875] {scheduler_job.py:629} INFO - Processing file /home/airflow/.local/lib/python3.6/site-packages/airflow/example_dags/tutorial.py for tasks to queue
[2022-06-04 22:40:00,878] {logging_mixin.py:104} INFO - [2022-06-04 22:40:00,877] {dagbag.py:448} INFO - Filling up the DagBag from /home/airflow/.local/lib/python3.6/site-packages/airflow/example_dags/tutorial.py
[2022-06-04 22:40:00,895] {scheduler_job.py:639} INFO - DAG(s) dict_keys(['tutorial']) retrieved from /home/airflow/.local/lib/python3.6/site-packages/airflow/example_dags/tutorial.py
[2022-06-04 22:40:00,939] {logging_mixin.py:104} INFO - [2022-06-04 22:40:00,939] {dag.py:1818} INFO - Sync 1 DAGs
[2022-06-04 22:40:00,966] {logging_mixin.py:104} INFO - [2022-06-04 22:40:00,965] {dag.py:2273} INFO - Setting next_dagrun for tutorial to 2022-06-02 00:00:00+00:00
[2022-06-04 22:40:00,987] {scheduler_job.py:190} INFO - Processing /home/airflow/.local/lib/python3.6/site-packages/airflow/example_dags/tutorial.py took 0.124 seconds
[2022-06-04 22:40:31,273] {scheduler_job.py:182} INFO - Started process (PID=639) to work on /home/airflow/.local/lib/python3.6/site-packages/airflow/example_dags/tutorial.py
[2022-06-04 22:40:31,278] {scheduler_job.py:629} INFO - Processing file /home/airflow/.local/lib/python3.6/site-packages/airflow/example_dags/tutorial.py for tasks to queue
[2022-06-04 22:40:31,281] {logging_mixin.py:104} INFO - [2022-06-04 22:40:31,281] {dagbag.py:448} INFO - Filling up the DagBag from /home/airflow/.local/lib/python3.6/site-packages/airflow/example_dags/tutorial.py
[2022-06-04 22:40:31,382] {scheduler_job.py:639} INFO - DAG(s) dict_keys(['tutorial']) retrieved from /home/airflow/.local/lib/python3.6/site-packages/airflow/example_dags/tutorial.py
[2022-06-04 22:40:31,429] {logging_mixin.py:104} INFO - [2022-06-04 22:40:31,429] {dag.py:1818} INFO - Sync 1 DAGs
[2022-06-04 22:40:31,481] {logging_mixin.py:104} INFO - [2022-06-04 22:40:31,481] {dag.py:2273} INFO - Setting next_dagrun for tutorial to 2022-06-02 00:00:00+00:00
[2022-06-04 22:40:31,497] {scheduler_job.py:190} INFO - Processing /home/airflow/.local/lib/python3.6/site-packages/airflow/example_dags/tutorial.py took 0.235 seconds
[2022-06-04 22:41:01,753] {scheduler_job.py:182} INFO - Started process (PID=665) to work on /home/airflow/.local/lib/python3.6/site-packages/airflow/example_dags/tutorial.py
[2022-06-04 22:41:01,757] {scheduler_job.py:629} INFO - Processing file /home/airflow/.local/lib/python3.6/site-packages/airflow/example_dags/tutorial.py for tasks to queue
[2022-06-04 22:41:01,763] {logging_mixin.py:104} INFO - [2022-06-04 22:41:01,762] {dagbag.py:448} INFO - Filling up the DagBag from /home/airflow/.local/lib/python3.6/site-packages/airflow/example_dags/tutorial.py
[2022-06-04 22:41:01,793] {scheduler_job.py:639} INFO - DAG(s) dict_keys(['tutorial']) retrieved from /home/airflow/.local/lib/python3.6/site-packages/airflow/example_dags/tutorial.py
[2022-06-04 22:41:01,866] {logging_mixin.py:104} INFO - [2022-06-04 22:41:01,865] {dag.py:1818} INFO - Sync 1 DAGs
[2022-06-04 22:41:01,917] {logging_mixin.py:104} INFO - [2022-06-04 22:41:01,916] {dag.py:2273} INFO - Setting next_dagrun for tutorial to 2022-06-02 00:00:00+00:00
[2022-06-04 22:41:01,936] {scheduler_job.py:190} INFO - Processing /home/airflow/.local/lib/python3.6/site-packages/airflow/example_dags/tutorial.py took 0.187 seconds
[2022-06-04 22:41:32,251] {scheduler_job.py:182} INFO - Started process (PID=691) to work on /home/airflow/.local/lib/python3.6/site-packages/airflow/example_dags/tutorial.py
[2022-06-04 22:41:32,261] {scheduler_job.py:629} INFO - Processing file /home/airflow/.local/lib/python3.6/site-packages/airflow/example_dags/tutorial.py for tasks to queue
[2022-06-04 22:41:32,264] {logging_mixin.py:104} INFO - [2022-06-04 22:41:32,264] {dagbag.py:448} INFO - Filling up the DagBag from /home/airflow/.local/lib/python3.6/site-packages/airflow/example_dags/tutorial.py
[2022-06-04 22:41:32,282] {scheduler_job.py:639} INFO - DAG(s) dict_keys(['tutorial']) retrieved from /home/airflow/.local/lib/python3.6/site-packages/airflow/example_dags/tutorial.py
[2022-06-04 22:41:32,315] {logging_mixin.py:104} INFO - [2022-06-04 22:41:32,315] {dag.py:1818} INFO - Sync 1 DAGs
[2022-06-04 22:41:32,335] {logging_mixin.py:104} INFO - [2022-06-04 22:41:32,335] {dag.py:2273} INFO - Setting next_dagrun for tutorial to 2022-06-02 00:00:00+00:00
[2022-06-04 22:41:32,349] {scheduler_job.py:190} INFO - Processing /home/airflow/.local/lib/python3.6/site-packages/airflow/example_dags/tutorial.py took 0.103 seconds
[2022-06-04 22:42:02,505] {scheduler_job.py:182} INFO - Started process (PID=717) to work on /home/airflow/.local/lib/python3.6/site-packages/airflow/example_dags/tutorial.py
[2022-06-04 22:42:02,515] {scheduler_job.py:629} INFO - Processing file /home/airflow/.local/lib/python3.6/site-packages/airflow/example_dags/tutorial.py for tasks to queue
[2022-06-04 22:42:02,517] {logging_mixin.py:104} INFO - [2022-06-04 22:42:02,517] {dagbag.py:448} INFO - Filling up the DagBag from /home/airflow/.local/lib/python3.6/site-packages/airflow/example_dags/tutorial.py
[2022-06-04 22:42:02,536] {scheduler_job.py:639} INFO - DAG(s) dict_keys(['tutorial']) retrieved from /home/airflow/.local/lib/python3.6/site-packages/airflow/example_dags/tutorial.py
[2022-06-04 22:42:02,572] {logging_mixin.py:104} INFO - [2022-06-04 22:42:02,572] {dag.py:1818} INFO - Sync 1 DAGs
[2022-06-04 22:42:02,592] {logging_mixin.py:104} INFO - [2022-06-04 22:42:02,592] {dag.py:2273} INFO - Setting next_dagrun for tutorial to 2022-06-02 00:00:00+00:00
[2022-06-04 22:42:02,623] {scheduler_job.py:190} INFO - Processing /home/airflow/.local/lib/python3.6/site-packages/airflow/example_dags/tutorial.py took 0.122 seconds
[2022-06-04 22:42:32,735] {scheduler_job.py:182} INFO - Started process (PID=743) to work on /home/airflow/.local/lib/python3.6/site-packages/airflow/example_dags/tutorial.py
[2022-06-04 22:42:32,748] {scheduler_job.py:629} INFO - Processing file /home/airflow/.local/lib/python3.6/site-packages/airflow/example_dags/tutorial.py for tasks to queue
[2022-06-04 22:42:32,752] {logging_mixin.py:104} INFO - [2022-06-04 22:42:32,752] {dagbag.py:448} INFO - Filling up the DagBag from /home/airflow/.local/lib/python3.6/site-packages/airflow/example_dags/tutorial.py
[2022-06-04 22:42:32,781] {scheduler_job.py:639} INFO - DAG(s) dict_keys(['tutorial']) retrieved from /home/airflow/.local/lib/python3.6/site-packages/airflow/example_dags/tutorial.py
[2022-06-04 22:42:32,850] {logging_mixin.py:104} INFO - [2022-06-04 22:42:32,849] {dag.py:1818} INFO - Sync 1 DAGs
[2022-06-04 22:42:32,995] {logging_mixin.py:104} INFO - [2022-06-04 22:42:32,995] {dag.py:2273} INFO - Setting next_dagrun for tutorial to 2022-06-02 00:00:00+00:00
[2022-06-04 22:42:33,040] {scheduler_job.py:190} INFO - Processing /home/airflow/.local/lib/python3.6/site-packages/airflow/example_dags/tutorial.py took 0.314 seconds
[2022-06-04 22:43:03,785] {scheduler_job.py:182} INFO - Started process (PID=769) to work on /home/airflow/.local/lib/python3.6/site-packages/airflow/example_dags/tutorial.py
[2022-06-04 22:43:03,789] {scheduler_job.py:629} INFO - Processing file /home/airflow/.local/lib/python3.6/site-packages/airflow/example_dags/tutorial.py for tasks to queue
[2022-06-04 22:43:03,791] {logging_mixin.py:104} INFO - [2022-06-04 22:43:03,791] {dagbag.py:448} INFO - Filling up the DagBag from /home/airflow/.local/lib/python3.6/site-packages/airflow/example_dags/tutorial.py
[2022-06-04 22:43:03,811] {scheduler_job.py:639} INFO - DAG(s) dict_keys(['tutorial']) retrieved from /home/airflow/.local/lib/python3.6/site-packages/airflow/example_dags/tutorial.py
[2022-06-04 22:43:03,845] {logging_mixin.py:104} INFO - [2022-06-04 22:43:03,844] {dag.py:1818} INFO - Sync 1 DAGs
[2022-06-04 22:43:03,866] {logging_mixin.py:104} INFO - [2022-06-04 22:43:03,866] {dag.py:2273} INFO - Setting next_dagrun for tutorial to 2022-06-02 00:00:00+00:00
[2022-06-04 22:43:03,879] {scheduler_job.py:190} INFO - Processing /home/airflow/.local/lib/python3.6/site-packages/airflow/example_dags/tutorial.py took 0.100 seconds
[2022-06-04 22:43:34,839] {scheduler_job.py:182} INFO - Started process (PID=795) to work on /home/airflow/.local/lib/python3.6/site-packages/airflow/example_dags/tutorial.py
[2022-06-04 22:43:34,844] {scheduler_job.py:629} INFO - Processing file /home/airflow/.local/lib/python3.6/site-packages/airflow/example_dags/tutorial.py for tasks to queue
[2022-06-04 22:43:34,846] {logging_mixin.py:104} INFO - [2022-06-04 22:43:34,846] {dagbag.py:448} INFO - Filling up the DagBag from /home/airflow/.local/lib/python3.6/site-packages/airflow/example_dags/tutorial.py
[2022-06-04 22:43:34,874] {scheduler_job.py:639} INFO - DAG(s) dict_keys(['tutorial']) retrieved from /home/airflow/.local/lib/python3.6/site-packages/airflow/example_dags/tutorial.py
[2022-06-04 22:43:34,958] {logging_mixin.py:104} INFO - [2022-06-04 22:43:34,955] {dag.py:1818} INFO - Sync 1 DAGs
[2022-06-04 22:43:34,995] {logging_mixin.py:104} INFO - [2022-06-04 22:43:34,995] {dag.py:2273} INFO - Setting next_dagrun for tutorial to 2022-06-02 00:00:00+00:00
[2022-06-04 22:43:35,024] {scheduler_job.py:190} INFO - Processing /home/airflow/.local/lib/python3.6/site-packages/airflow/example_dags/tutorial.py took 0.202 seconds
[2022-06-04 22:44:05,258] {scheduler_job.py:182} INFO - Started process (PID=821) to work on /home/airflow/.local/lib/python3.6/site-packages/airflow/example_dags/tutorial.py
[2022-06-04 22:44:05,263] {scheduler_job.py:629} INFO - Processing file /home/airflow/.local/lib/python3.6/site-packages/airflow/example_dags/tutorial.py for tasks to queue
[2022-06-04 22:44:05,267] {logging_mixin.py:104} INFO - [2022-06-04 22:44:05,266] {dagbag.py:448} INFO - Filling up the DagBag from /home/airflow/.local/lib/python3.6/site-packages/airflow/example_dags/tutorial.py
[2022-06-04 22:44:05,302] {scheduler_job.py:639} INFO - DAG(s) dict_keys(['tutorial']) retrieved from /home/airflow/.local/lib/python3.6/site-packages/airflow/example_dags/tutorial.py
[2022-06-04 22:44:05,360] {logging_mixin.py:104} INFO - [2022-06-04 22:44:05,360] {dag.py:1818} INFO - Sync 1 DAGs
[2022-06-04 22:44:05,397] {logging_mixin.py:104} INFO - [2022-06-04 22:44:05,396] {dag.py:2273} INFO - Setting next_dagrun for tutorial to 2022-06-02 00:00:00+00:00
[2022-06-04 22:44:05,430] {scheduler_job.py:190} INFO - Processing /home/airflow/.local/lib/python3.6/site-packages/airflow/example_dags/tutorial.py took 0.184 seconds
[2022-06-04 22:44:35,736] {scheduler_job.py:182} INFO - Started process (PID=847) to work on /home/airflow/.local/lib/python3.6/site-packages/airflow/example_dags/tutorial.py
[2022-06-04 22:44:35,758] {scheduler_job.py:629} INFO - Processing file /home/airflow/.local/lib/python3.6/site-packages/airflow/example_dags/tutorial.py for tasks to queue
[2022-06-04 22:44:35,766] {logging_mixin.py:104} INFO - [2022-06-04 22:44:35,766] {dagbag.py:448} INFO - Filling up the DagBag from /home/airflow/.local/lib/python3.6/site-packages/airflow/example_dags/tutorial.py
[2022-06-04 22:44:36,054] {scheduler_job.py:639} INFO - DAG(s) dict_keys(['tutorial']) retrieved from /home/airflow/.local/lib/python3.6/site-packages/airflow/example_dags/tutorial.py
[2022-06-04 22:44:36,442] {logging_mixin.py:104} INFO - [2022-06-04 22:44:36,442] {dag.py:1818} INFO - Sync 1 DAGs
[2022-06-04 22:44:36,918] {logging_mixin.py:104} INFO - [2022-06-04 22:44:36,918] {dag.py:2273} INFO - Setting next_dagrun for tutorial to 2022-06-02 00:00:00+00:00
[2022-06-04 22:44:37,609] {scheduler_job.py:190} INFO - Processing /home/airflow/.local/lib/python3.6/site-packages/airflow/example_dags/tutorial.py took 1.904 seconds
[2022-06-04 22:45:08,350] {scheduler_job.py:182} INFO - Started process (PID=873) to work on /home/airflow/.local/lib/python3.6/site-packages/airflow/example_dags/tutorial.py
[2022-06-04 22:45:08,381] {scheduler_job.py:629} INFO - Processing file /home/airflow/.local/lib/python3.6/site-packages/airflow/example_dags/tutorial.py for tasks to queue
[2022-06-04 22:45:08,389] {logging_mixin.py:104} INFO - [2022-06-04 22:45:08,388] {dagbag.py:448} INFO - Filling up the DagBag from /home/airflow/.local/lib/python3.6/site-packages/airflow/example_dags/tutorial.py
[2022-06-04 22:45:08,417] {scheduler_job.py:639} INFO - DAG(s) dict_keys(['tutorial']) retrieved from /home/airflow/.local/lib/python3.6/site-packages/airflow/example_dags/tutorial.py
[2022-06-04 22:45:08,503] {logging_mixin.py:104} INFO - [2022-06-04 22:45:08,503] {dag.py:1818} INFO - Sync 1 DAGs
[2022-06-04 22:45:08,650] {logging_mixin.py:104} INFO - [2022-06-04 22:45:08,650] {dag.py:2273} INFO - Setting next_dagrun for tutorial to 2022-06-02 00:00:00+00:00
[2022-06-04 22:45:08,781] {scheduler_job.py:190} INFO - Processing /home/airflow/.local/lib/python3.6/site-packages/airflow/example_dags/tutorial.py took 0.446 seconds
[2022-06-04 22:45:39,653] {scheduler_job.py:182} INFO - Started process (PID=899) to work on /home/airflow/.local/lib/python3.6/site-packages/airflow/example_dags/tutorial.py
[2022-06-04 22:45:39,662] {scheduler_job.py:629} INFO - Processing file /home/airflow/.local/lib/python3.6/site-packages/airflow/example_dags/tutorial.py for tasks to queue
[2022-06-04 22:45:39,665] {logging_mixin.py:104} INFO - [2022-06-04 22:45:39,665] {dagbag.py:448} INFO - Filling up the DagBag from /home/airflow/.local/lib/python3.6/site-packages/airflow/example_dags/tutorial.py
[2022-06-04 22:45:39,703] {scheduler_job.py:639} INFO - DAG(s) dict_keys(['tutorial']) retrieved from /home/airflow/.local/lib/python3.6/site-packages/airflow/example_dags/tutorial.py
[2022-06-04 22:45:39,866] {logging_mixin.py:104} INFO - [2022-06-04 22:45:39,865] {dag.py:1818} INFO - Sync 1 DAGs
[2022-06-04 22:45:40,131] {logging_mixin.py:104} INFO - [2022-06-04 22:45:40,131] {dag.py:2273} INFO - Setting next_dagrun for tutorial to 2022-06-02 00:00:00+00:00
[2022-06-04 22:45:40,224] {scheduler_job.py:190} INFO - Processing /home/airflow/.local/lib/python3.6/site-packages/airflow/example_dags/tutorial.py took 0.579 seconds
[2022-06-04 22:46:10,513] {scheduler_job.py:182} INFO - Started process (PID=925) to work on /home/airflow/.local/lib/python3.6/site-packages/airflow/example_dags/tutorial.py
[2022-06-04 22:46:10,529] {scheduler_job.py:629} INFO - Processing file /home/airflow/.local/lib/python3.6/site-packages/airflow/example_dags/tutorial.py for tasks to queue
[2022-06-04 22:46:10,549] {logging_mixin.py:104} INFO - [2022-06-04 22:46:10,548] {dagbag.py:448} INFO - Filling up the DagBag from /home/airflow/.local/lib/python3.6/site-packages/airflow/example_dags/tutorial.py
[2022-06-04 22:46:10,617] {scheduler_job.py:639} INFO - DAG(s) dict_keys(['tutorial']) retrieved from /home/airflow/.local/lib/python3.6/site-packages/airflow/example_dags/tutorial.py
[2022-06-04 22:46:10,759] {logging_mixin.py:104} INFO - [2022-06-04 22:46:10,746] {dag.py:1818} INFO - Sync 1 DAGs
[2022-06-04 22:46:11,130] {logging_mixin.py:104} INFO - [2022-06-04 22:46:11,130] {dag.py:2273} INFO - Setting next_dagrun for tutorial to 2022-06-02 00:00:00+00:00
[2022-06-04 22:46:11,341] {scheduler_job.py:190} INFO - Processing /home/airflow/.local/lib/python3.6/site-packages/airflow/example_dags/tutorial.py took 0.849 seconds
[2022-06-04 22:46:43,336] {scheduler_job.py:182} INFO - Started process (PID=951) to work on /home/airflow/.local/lib/python3.6/site-packages/airflow/example_dags/tutorial.py
[2022-06-04 22:46:43,377] {scheduler_job.py:629} INFO - Processing file /home/airflow/.local/lib/python3.6/site-packages/airflow/example_dags/tutorial.py for tasks to queue
[2022-06-04 22:46:43,397] {logging_mixin.py:104} INFO - [2022-06-04 22:46:43,396] {dagbag.py:448} INFO - Filling up the DagBag from /home/airflow/.local/lib/python3.6/site-packages/airflow/example_dags/tutorial.py
[2022-06-04 22:46:43,484] {scheduler_job.py:639} INFO - DAG(s) dict_keys(['tutorial']) retrieved from /home/airflow/.local/lib/python3.6/site-packages/airflow/example_dags/tutorial.py
[2022-06-04 22:46:43,541] {logging_mixin.py:104} INFO - [2022-06-04 22:46:43,541] {dag.py:1818} INFO - Sync 1 DAGs
[2022-06-04 22:46:43,575] {logging_mixin.py:104} INFO - [2022-06-04 22:46:43,575] {dag.py:2273} INFO - Setting next_dagrun for tutorial to 2022-06-02 00:00:00+00:00
[2022-06-04 22:46:43,600] {scheduler_job.py:190} INFO - Processing /home/airflow/.local/lib/python3.6/site-packages/airflow/example_dags/tutorial.py took 0.315 seconds
[2022-06-04 22:47:13,813] {scheduler_job.py:182} INFO - Started process (PID=977) to work on /home/airflow/.local/lib/python3.6/site-packages/airflow/example_dags/tutorial.py
[2022-06-04 22:47:13,819] {scheduler_job.py:629} INFO - Processing file /home/airflow/.local/lib/python3.6/site-packages/airflow/example_dags/tutorial.py for tasks to queue
[2022-06-04 22:47:13,832] {logging_mixin.py:104} INFO - [2022-06-04 22:47:13,831] {dagbag.py:448} INFO - Filling up the DagBag from /home/airflow/.local/lib/python3.6/site-packages/airflow/example_dags/tutorial.py
[2022-06-04 22:47:13,898] {scheduler_job.py:639} INFO - DAG(s) dict_keys(['tutorial']) retrieved from /home/airflow/.local/lib/python3.6/site-packages/airflow/example_dags/tutorial.py
[2022-06-04 22:47:14,324] {logging_mixin.py:104} INFO - [2022-06-04 22:47:14,324] {dag.py:1818} INFO - Sync 1 DAGs
[2022-06-04 22:47:14,437] {logging_mixin.py:104} INFO - [2022-06-04 22:47:14,437] {dag.py:2273} INFO - Setting next_dagrun for tutorial to 2022-06-02 00:00:00+00:00
[2022-06-04 22:47:14,522] {scheduler_job.py:190} INFO - Processing /home/airflow/.local/lib/python3.6/site-packages/airflow/example_dags/tutorial.py took 0.726 seconds
[2022-06-04 22:47:45,161] {scheduler_job.py:182} INFO - Started process (PID=1003) to work on /home/airflow/.local/lib/python3.6/site-packages/airflow/example_dags/tutorial.py
[2022-06-04 22:47:45,175] {scheduler_job.py:629} INFO - Processing file /home/airflow/.local/lib/python3.6/site-packages/airflow/example_dags/tutorial.py for tasks to queue
[2022-06-04 22:47:45,178] {logging_mixin.py:104} INFO - [2022-06-04 22:47:45,178] {dagbag.py:448} INFO - Filling up the DagBag from /home/airflow/.local/lib/python3.6/site-packages/airflow/example_dags/tutorial.py
[2022-06-04 22:47:45,218] {scheduler_job.py:639} INFO - DAG(s) dict_keys(['tutorial']) retrieved from /home/airflow/.local/lib/python3.6/site-packages/airflow/example_dags/tutorial.py
[2022-06-04 22:47:45,274] {logging_mixin.py:104} INFO - [2022-06-04 22:47:45,273] {dag.py:1818} INFO - Sync 1 DAGs
[2022-06-04 22:47:45,390] {logging_mixin.py:104} INFO - [2022-06-04 22:47:45,390] {dag.py:2273} INFO - Setting next_dagrun for tutorial to 2022-06-02 00:00:00+00:00
[2022-06-04 22:47:45,477] {scheduler_job.py:190} INFO - Processing /home/airflow/.local/lib/python3.6/site-packages/airflow/example_dags/tutorial.py took 0.337 seconds
[2022-06-04 22:48:16,125] {scheduler_job.py:182} INFO - Started process (PID=1029) to work on /home/airflow/.local/lib/python3.6/site-packages/airflow/example_dags/tutorial.py
[2022-06-04 22:48:16,258] {scheduler_job.py:629} INFO - Processing file /home/airflow/.local/lib/python3.6/site-packages/airflow/example_dags/tutorial.py for tasks to queue
[2022-06-04 22:48:16,260] {logging_mixin.py:104} INFO - [2022-06-04 22:48:16,260] {dagbag.py:448} INFO - Filling up the DagBag from /home/airflow/.local/lib/python3.6/site-packages/airflow/example_dags/tutorial.py
[2022-06-04 22:48:16,329] {scheduler_job.py:639} INFO - DAG(s) dict_keys(['tutorial']) retrieved from /home/airflow/.local/lib/python3.6/site-packages/airflow/example_dags/tutorial.py
[2022-06-04 22:48:16,379] {logging_mixin.py:104} INFO - [2022-06-04 22:48:16,378] {dag.py:1818} INFO - Sync 1 DAGs
[2022-06-04 22:48:16,417] {logging_mixin.py:104} INFO - [2022-06-04 22:48:16,417] {dag.py:2273} INFO - Setting next_dagrun for tutorial to 2022-06-02 00:00:00+00:00
[2022-06-04 22:48:16,466] {scheduler_job.py:190} INFO - Processing /home/airflow/.local/lib/python3.6/site-packages/airflow/example_dags/tutorial.py took 0.381 seconds
[2022-06-04 22:48:47,335] {scheduler_job.py:182} INFO - Started process (PID=1055) to work on /home/airflow/.local/lib/python3.6/site-packages/airflow/example_dags/tutorial.py
[2022-06-04 22:48:47,339] {scheduler_job.py:629} INFO - Processing file /home/airflow/.local/lib/python3.6/site-packages/airflow/example_dags/tutorial.py for tasks to queue
[2022-06-04 22:48:47,341] {logging_mixin.py:104} INFO - [2022-06-04 22:48:47,341] {dagbag.py:448} INFO - Filling up the DagBag from /home/airflow/.local/lib/python3.6/site-packages/airflow/example_dags/tutorial.py
[2022-06-04 22:48:47,358] {scheduler_job.py:639} INFO - DAG(s) dict_keys(['tutorial']) retrieved from /home/airflow/.local/lib/python3.6/site-packages/airflow/example_dags/tutorial.py
[2022-06-04 22:48:47,394] {logging_mixin.py:104} INFO - [2022-06-04 22:48:47,393] {dag.py:1818} INFO - Sync 1 DAGs
[2022-06-04 22:48:47,434] {logging_mixin.py:104} INFO - [2022-06-04 22:48:47,434] {dag.py:2273} INFO - Setting next_dagrun for tutorial to 2022-06-02 00:00:00+00:00
[2022-06-04 22:48:47,460] {scheduler_job.py:190} INFO - Processing /home/airflow/.local/lib/python3.6/site-packages/airflow/example_dags/tutorial.py took 0.131 seconds
[2022-06-04 22:49:17,815] {scheduler_job.py:182} INFO - Started process (PID=1081) to work on /home/airflow/.local/lib/python3.6/site-packages/airflow/example_dags/tutorial.py
[2022-06-04 22:49:17,823] {scheduler_job.py:629} INFO - Processing file /home/airflow/.local/lib/python3.6/site-packages/airflow/example_dags/tutorial.py for tasks to queue
[2022-06-04 22:49:17,834] {logging_mixin.py:104} INFO - [2022-06-04 22:49:17,834] {dagbag.py:448} INFO - Filling up the DagBag from /home/airflow/.local/lib/python3.6/site-packages/airflow/example_dags/tutorial.py
[2022-06-04 22:49:17,885] {scheduler_job.py:639} INFO - DAG(s) dict_keys(['tutorial']) retrieved from /home/airflow/.local/lib/python3.6/site-packages/airflow/example_dags/tutorial.py
[2022-06-04 22:49:17,941] {logging_mixin.py:104} INFO - [2022-06-04 22:49:17,940] {dag.py:1818} INFO - Sync 1 DAGs
[2022-06-04 22:49:17,971] {logging_mixin.py:104} INFO - [2022-06-04 22:49:17,971] {dag.py:2273} INFO - Setting next_dagrun for tutorial to 2022-06-02 00:00:00+00:00
[2022-06-04 22:49:17,996] {scheduler_job.py:190} INFO - Processing /home/airflow/.local/lib/python3.6/site-packages/airflow/example_dags/tutorial.py took 0.194 seconds
[2022-06-04 22:49:49,317] {scheduler_job.py:182} INFO - Started process (PID=1107) to work on /home/airflow/.local/lib/python3.6/site-packages/airflow/example_dags/tutorial.py
[2022-06-04 22:49:49,324] {scheduler_job.py:629} INFO - Processing file /home/airflow/.local/lib/python3.6/site-packages/airflow/example_dags/tutorial.py for tasks to queue
[2022-06-04 22:49:49,327] {logging_mixin.py:104} INFO - [2022-06-04 22:49:49,326] {dagbag.py:448} INFO - Filling up the DagBag from /home/airflow/.local/lib/python3.6/site-packages/airflow/example_dags/tutorial.py
[2022-06-04 22:49:49,352] {scheduler_job.py:639} INFO - DAG(s) dict_keys(['tutorial']) retrieved from /home/airflow/.local/lib/python3.6/site-packages/airflow/example_dags/tutorial.py
[2022-06-04 22:49:49,410] {logging_mixin.py:104} INFO - [2022-06-04 22:49:49,409] {dag.py:1818} INFO - Sync 1 DAGs
[2022-06-04 22:49:49,467] {logging_mixin.py:104} INFO - [2022-06-04 22:49:49,467] {dag.py:2273} INFO - Setting next_dagrun for tutorial to 2022-06-02 00:00:00+00:00
[2022-06-04 22:49:49,492] {scheduler_job.py:190} INFO - Processing /home/airflow/.local/lib/python3.6/site-packages/airflow/example_dags/tutorial.py took 0.185 seconds
[2022-06-04 22:50:20,331] {scheduler_job.py:182} INFO - Started process (PID=1133) to work on /home/airflow/.local/lib/python3.6/site-packages/airflow/example_dags/tutorial.py
[2022-06-04 22:50:20,336] {scheduler_job.py:629} INFO - Processing file /home/airflow/.local/lib/python3.6/site-packages/airflow/example_dags/tutorial.py for tasks to queue
[2022-06-04 22:50:20,342] {logging_mixin.py:104} INFO - [2022-06-04 22:50:20,339] {dagbag.py:448} INFO - Filling up the DagBag from /home/airflow/.local/lib/python3.6/site-packages/airflow/example_dags/tutorial.py
[2022-06-04 22:50:20,362] {scheduler_job.py:639} INFO - DAG(s) dict_keys(['tutorial']) retrieved from /home/airflow/.local/lib/python3.6/site-packages/airflow/example_dags/tutorial.py
[2022-06-04 22:50:20,399] {logging_mixin.py:104} INFO - [2022-06-04 22:50:20,399] {dag.py:1818} INFO - Sync 1 DAGs
[2022-06-04 22:50:20,421] {logging_mixin.py:104} INFO - [2022-06-04 22:50:20,421] {dag.py:2273} INFO - Setting next_dagrun for tutorial to 2022-06-02 00:00:00+00:00
[2022-06-04 22:50:20,440] {scheduler_job.py:190} INFO - Processing /home/airflow/.local/lib/python3.6/site-packages/airflow/example_dags/tutorial.py took 0.115 seconds
[2022-06-04 22:50:50,864] {scheduler_job.py:182} INFO - Started process (PID=1156) to work on /home/airflow/.local/lib/python3.6/site-packages/airflow/example_dags/tutorial.py
[2022-06-04 22:50:50,878] {scheduler_job.py:629} INFO - Processing file /home/airflow/.local/lib/python3.6/site-packages/airflow/example_dags/tutorial.py for tasks to queue
[2022-06-04 22:50:50,883] {logging_mixin.py:104} INFO - [2022-06-04 22:50:50,883] {dagbag.py:448} INFO - Filling up the DagBag from /home/airflow/.local/lib/python3.6/site-packages/airflow/example_dags/tutorial.py
[2022-06-04 22:50:50,943] {scheduler_job.py:639} INFO - DAG(s) dict_keys(['tutorial']) retrieved from /home/airflow/.local/lib/python3.6/site-packages/airflow/example_dags/tutorial.py
[2022-06-04 22:50:51,124] {logging_mixin.py:104} INFO - [2022-06-04 22:50:51,123] {dag.py:1818} INFO - Sync 1 DAGs
[2022-06-04 22:50:51,213] {logging_mixin.py:104} INFO - [2022-06-04 22:50:51,212] {dag.py:2273} INFO - Setting next_dagrun for tutorial to 2022-06-02 00:00:00+00:00
[2022-06-04 22:50:51,319] {scheduler_job.py:190} INFO - Processing /home/airflow/.local/lib/python3.6/site-packages/airflow/example_dags/tutorial.py took 0.475 seconds
[2022-06-04 22:51:21,700] {scheduler_job.py:182} INFO - Started process (PID=1182) to work on /home/airflow/.local/lib/python3.6/site-packages/airflow/example_dags/tutorial.py
[2022-06-04 22:51:21,704] {scheduler_job.py:629} INFO - Processing file /home/airflow/.local/lib/python3.6/site-packages/airflow/example_dags/tutorial.py for tasks to queue
[2022-06-04 22:51:21,707] {logging_mixin.py:104} INFO - [2022-06-04 22:51:21,706] {dagbag.py:448} INFO - Filling up the DagBag from /home/airflow/.local/lib/python3.6/site-packages/airflow/example_dags/tutorial.py
[2022-06-04 22:51:21,728] {scheduler_job.py:639} INFO - DAG(s) dict_keys(['tutorial']) retrieved from /home/airflow/.local/lib/python3.6/site-packages/airflow/example_dags/tutorial.py
[2022-06-04 22:51:21,773] {logging_mixin.py:104} INFO - [2022-06-04 22:51:21,773] {dag.py:1818} INFO - Sync 1 DAGs
[2022-06-04 22:51:21,827] {logging_mixin.py:104} INFO - [2022-06-04 22:51:21,816] {dag.py:2273} INFO - Setting next_dagrun for tutorial to 2022-06-02 00:00:00+00:00
[2022-06-04 22:51:21,862] {scheduler_job.py:190} INFO - Processing /home/airflow/.local/lib/python3.6/site-packages/airflow/example_dags/tutorial.py took 0.166 seconds
[2022-06-04 22:51:52,794] {scheduler_job.py:182} INFO - Started process (PID=1208) to work on /home/airflow/.local/lib/python3.6/site-packages/airflow/example_dags/tutorial.py
[2022-06-04 22:51:52,798] {scheduler_job.py:629} INFO - Processing file /home/airflow/.local/lib/python3.6/site-packages/airflow/example_dags/tutorial.py for tasks to queue
[2022-06-04 22:51:52,801] {logging_mixin.py:104} INFO - [2022-06-04 22:51:52,800] {dagbag.py:448} INFO - Filling up the DagBag from /home/airflow/.local/lib/python3.6/site-packages/airflow/example_dags/tutorial.py
[2022-06-04 22:51:52,830] {scheduler_job.py:639} INFO - DAG(s) dict_keys(['tutorial']) retrieved from /home/airflow/.local/lib/python3.6/site-packages/airflow/example_dags/tutorial.py
[2022-06-04 22:51:52,890] {logging_mixin.py:104} INFO - [2022-06-04 22:51:52,890] {dag.py:1818} INFO - Sync 1 DAGs
[2022-06-04 22:51:52,929] {logging_mixin.py:104} INFO - [2022-06-04 22:51:52,929] {dag.py:2273} INFO - Setting next_dagrun for tutorial to 2022-06-02 00:00:00+00:00
[2022-06-04 22:51:52,948] {scheduler_job.py:190} INFO - Processing /home/airflow/.local/lib/python3.6/site-packages/airflow/example_dags/tutorial.py took 0.160 seconds
[2022-06-04 22:52:23,966] {scheduler_job.py:182} INFO - Started process (PID=1234) to work on /home/airflow/.local/lib/python3.6/site-packages/airflow/example_dags/tutorial.py
[2022-06-04 22:52:23,981] {scheduler_job.py:629} INFO - Processing file /home/airflow/.local/lib/python3.6/site-packages/airflow/example_dags/tutorial.py for tasks to queue
[2022-06-04 22:52:23,987] {logging_mixin.py:104} INFO - [2022-06-04 22:52:23,986] {dagbag.py:448} INFO - Filling up the DagBag from /home/airflow/.local/lib/python3.6/site-packages/airflow/example_dags/tutorial.py
[2022-06-04 22:52:24,037] {scheduler_job.py:639} INFO - DAG(s) dict_keys(['tutorial']) retrieved from /home/airflow/.local/lib/python3.6/site-packages/airflow/example_dags/tutorial.py
[2022-06-04 22:52:24,346] {logging_mixin.py:104} INFO - [2022-06-04 22:52:24,346] {dag.py:1818} INFO - Sync 1 DAGs
[2022-06-04 22:52:24,757] {logging_mixin.py:104} INFO - [2022-06-04 22:52:24,742] {dag.py:2273} INFO - Setting next_dagrun for tutorial to 2022-06-02 00:00:00+00:00
[2022-06-04 22:52:24,814] {scheduler_job.py:190} INFO - Processing /home/airflow/.local/lib/python3.6/site-packages/airflow/example_dags/tutorial.py took 0.860 seconds
[2022-06-04 22:52:54,936] {scheduler_job.py:182} INFO - Started process (PID=1260) to work on /home/airflow/.local/lib/python3.6/site-packages/airflow/example_dags/tutorial.py
[2022-06-04 22:52:54,907] {scheduler_job.py:629} INFO - Processing file /home/airflow/.local/lib/python3.6/site-packages/airflow/example_dags/tutorial.py for tasks to queue
[2022-06-04 22:52:54,910] {logging_mixin.py:104} INFO - [2022-06-04 22:52:54,910] {dagbag.py:448} INFO - Filling up the DagBag from /home/airflow/.local/lib/python3.6/site-packages/airflow/example_dags/tutorial.py
[2022-06-04 22:52:54,935] {scheduler_job.py:639} INFO - DAG(s) dict_keys(['tutorial']) retrieved from /home/airflow/.local/lib/python3.6/site-packages/airflow/example_dags/tutorial.py
[2022-06-04 22:52:55,005] {logging_mixin.py:104} INFO - [2022-06-04 22:52:55,005] {dag.py:1818} INFO - Sync 1 DAGs
[2022-06-04 22:52:55,040] {logging_mixin.py:104} INFO - [2022-06-04 22:52:55,040] {dag.py:2273} INFO - Setting next_dagrun for tutorial to 2022-06-02 00:00:00+00:00
[2022-06-04 22:52:55,065] {scheduler_job.py:190} INFO - Processing /home/airflow/.local/lib/python3.6/site-packages/airflow/example_dags/tutorial.py took 0.171 seconds
[2022-06-04 22:53:25,402] {scheduler_job.py:182} INFO - Started process (PID=1286) to work on /home/airflow/.local/lib/python3.6/site-packages/airflow/example_dags/tutorial.py
[2022-06-04 22:53:25,406] {scheduler_job.py:629} INFO - Processing file /home/airflow/.local/lib/python3.6/site-packages/airflow/example_dags/tutorial.py for tasks to queue
[2022-06-04 22:53:25,409] {logging_mixin.py:104} INFO - [2022-06-04 22:53:25,409] {dagbag.py:448} INFO - Filling up the DagBag from /home/airflow/.local/lib/python3.6/site-packages/airflow/example_dags/tutorial.py
[2022-06-04 22:53:25,438] {scheduler_job.py:639} INFO - DAG(s) dict_keys(['tutorial']) retrieved from /home/airflow/.local/lib/python3.6/site-packages/airflow/example_dags/tutorial.py
[2022-06-04 22:53:25,482] {logging_mixin.py:104} INFO - [2022-06-04 22:53:25,482] {dag.py:1818} INFO - Sync 1 DAGs
[2022-06-04 22:53:25,503] {logging_mixin.py:104} INFO - [2022-06-04 22:53:25,503] {dag.py:2273} INFO - Setting next_dagrun for tutorial to 2022-06-02 00:00:00+00:00
[2022-06-04 22:53:25,525] {scheduler_job.py:190} INFO - Processing /home/airflow/.local/lib/python3.6/site-packages/airflow/example_dags/tutorial.py took 0.128 seconds
[2022-06-04 22:53:55,838] {scheduler_job.py:182} INFO - Started process (PID=1312) to work on /home/airflow/.local/lib/python3.6/site-packages/airflow/example_dags/tutorial.py
[2022-06-04 22:53:55,848] {scheduler_job.py:629} INFO - Processing file /home/airflow/.local/lib/python3.6/site-packages/airflow/example_dags/tutorial.py for tasks to queue
[2022-06-04 22:53:55,853] {logging_mixin.py:104} INFO - [2022-06-04 22:53:55,852] {dagbag.py:448} INFO - Filling up the DagBag from /home/airflow/.local/lib/python3.6/site-packages/airflow/example_dags/tutorial.py
[2022-06-04 22:53:55,878] {scheduler_job.py:639} INFO - DAG(s) dict_keys(['tutorial']) retrieved from /home/airflow/.local/lib/python3.6/site-packages/airflow/example_dags/tutorial.py
[2022-06-04 22:53:55,922] {logging_mixin.py:104} INFO - [2022-06-04 22:53:55,922] {dag.py:1818} INFO - Sync 1 DAGs
[2022-06-04 22:53:56,027] {logging_mixin.py:104} INFO - [2022-06-04 22:53:56,027] {dag.py:2273} INFO - Setting next_dagrun for tutorial to 2022-06-02 00:00:00+00:00
[2022-06-04 22:53:56,068] {scheduler_job.py:190} INFO - Processing /home/airflow/.local/lib/python3.6/site-packages/airflow/example_dags/tutorial.py took 0.241 seconds
[2022-06-04 22:54:27,104] {scheduler_job.py:182} INFO - Started process (PID=1338) to work on /home/airflow/.local/lib/python3.6/site-packages/airflow/example_dags/tutorial.py
[2022-06-04 22:54:27,115] {scheduler_job.py:629} INFO - Processing file /home/airflow/.local/lib/python3.6/site-packages/airflow/example_dags/tutorial.py for tasks to queue
[2022-06-04 22:54:27,119] {logging_mixin.py:104} INFO - [2022-06-04 22:54:27,119] {dagbag.py:448} INFO - Filling up the DagBag from /home/airflow/.local/lib/python3.6/site-packages/airflow/example_dags/tutorial.py
[2022-06-04 22:54:27,167] {scheduler_job.py:639} INFO - DAG(s) dict_keys(['tutorial']) retrieved from /home/airflow/.local/lib/python3.6/site-packages/airflow/example_dags/tutorial.py
[2022-06-04 22:54:27,243] {logging_mixin.py:104} INFO - [2022-06-04 22:54:27,243] {dag.py:1818} INFO - Sync 1 DAGs
[2022-06-04 22:54:27,303] {logging_mixin.py:104} INFO - [2022-06-04 22:54:27,303] {dag.py:2273} INFO - Setting next_dagrun for tutorial to 2022-06-02 00:00:00+00:00
[2022-06-04 22:54:27,334] {scheduler_job.py:190} INFO - Processing /home/airflow/.local/lib/python3.6/site-packages/airflow/example_dags/tutorial.py took 0.249 seconds
[2022-06-04 22:54:57,589] {scheduler_job.py:182} INFO - Started process (PID=1364) to work on /home/airflow/.local/lib/python3.6/site-packages/airflow/example_dags/tutorial.py
[2022-06-04 22:54:57,595] {scheduler_job.py:629} INFO - Processing file /home/airflow/.local/lib/python3.6/site-packages/airflow/example_dags/tutorial.py for tasks to queue
[2022-06-04 22:54:57,601] {logging_mixin.py:104} INFO - [2022-06-04 22:54:57,599] {dagbag.py:448} INFO - Filling up the DagBag from /home/airflow/.local/lib/python3.6/site-packages/airflow/example_dags/tutorial.py
[2022-06-04 22:54:57,651] {scheduler_job.py:639} INFO - DAG(s) dict_keys(['tutorial']) retrieved from /home/airflow/.local/lib/python3.6/site-packages/airflow/example_dags/tutorial.py
[2022-06-04 22:54:57,763] {logging_mixin.py:104} INFO - [2022-06-04 22:54:57,762] {dag.py:1818} INFO - Sync 1 DAGs
[2022-06-04 22:54:58,216] {logging_mixin.py:104} INFO - [2022-06-04 22:54:58,215] {dag.py:2273} INFO - Setting next_dagrun for tutorial to 2022-06-02 00:00:00+00:00
[2022-06-04 22:54:58,243] {scheduler_job.py:190} INFO - Processing /home/airflow/.local/lib/python3.6/site-packages/airflow/example_dags/tutorial.py took 0.664 seconds
[2022-06-04 22:55:29,326] {scheduler_job.py:182} INFO - Started process (PID=1390) to work on /home/airflow/.local/lib/python3.6/site-packages/airflow/example_dags/tutorial.py
[2022-06-04 22:55:29,371] {scheduler_job.py:629} INFO - Processing file /home/airflow/.local/lib/python3.6/site-packages/airflow/example_dags/tutorial.py for tasks to queue
[2022-06-04 22:55:29,377] {logging_mixin.py:104} INFO - [2022-06-04 22:55:29,377] {dagbag.py:448} INFO - Filling up the DagBag from /home/airflow/.local/lib/python3.6/site-packages/airflow/example_dags/tutorial.py
[2022-06-04 22:55:29,450] {scheduler_job.py:639} INFO - DAG(s) dict_keys(['tutorial']) retrieved from /home/airflow/.local/lib/python3.6/site-packages/airflow/example_dags/tutorial.py
[2022-06-04 22:55:29,645] {logging_mixin.py:104} INFO - [2022-06-04 22:55:29,645] {dag.py:1818} INFO - Sync 1 DAGs
[2022-06-04 22:55:29,839] {logging_mixin.py:104} INFO - [2022-06-04 22:55:29,839] {dag.py:2273} INFO - Setting next_dagrun for tutorial to 2022-06-02 00:00:00+00:00
[2022-06-04 22:55:29,940] {scheduler_job.py:190} INFO - Processing /home/airflow/.local/lib/python3.6/site-packages/airflow/example_dags/tutorial.py took 0.657 seconds
[2022-06-04 22:58:26,226] {scheduler_job.py:182} INFO - Started process (PID=30) to work on /home/airflow/.local/lib/python3.6/site-packages/airflow/example_dags/tutorial.py
[2022-06-04 22:58:26,247] {scheduler_job.py:629} INFO - Processing file /home/airflow/.local/lib/python3.6/site-packages/airflow/example_dags/tutorial.py for tasks to queue
[2022-06-04 22:58:26,299] {logging_mixin.py:104} INFO - [2022-06-04 22:58:26,298] {dagbag.py:448} INFO - Filling up the DagBag from /home/airflow/.local/lib/python3.6/site-packages/airflow/example_dags/tutorial.py
[2022-06-04 22:58:26,612] {scheduler_job.py:639} INFO - DAG(s) dict_keys(['tutorial']) retrieved from /home/airflow/.local/lib/python3.6/site-packages/airflow/example_dags/tutorial.py
[2022-06-04 22:58:27,158] {logging_mixin.py:104} INFO - [2022-06-04 22:58:27,158] {dag.py:1818} INFO - Sync 1 DAGs
[2022-06-04 22:58:27,599] {logging_mixin.py:104} INFO - [2022-06-04 22:58:27,599] {dag.py:2273} INFO - Setting next_dagrun for tutorial to 2022-06-02 00:00:00+00:00
[2022-06-04 22:58:27,699] {scheduler_job.py:190} INFO - Processing /home/airflow/.local/lib/python3.6/site-packages/airflow/example_dags/tutorial.py took 1.508 seconds
[2022-06-04 22:58:58,010] {scheduler_job.py:182} INFO - Started process (PID=56) to work on /home/airflow/.local/lib/python3.6/site-packages/airflow/example_dags/tutorial.py
[2022-06-04 22:58:58,068] {scheduler_job.py:629} INFO - Processing file /home/airflow/.local/lib/python3.6/site-packages/airflow/example_dags/tutorial.py for tasks to queue
[2022-06-04 22:58:58,070] {logging_mixin.py:104} INFO - [2022-06-04 22:58:58,070] {dagbag.py:448} INFO - Filling up the DagBag from /home/airflow/.local/lib/python3.6/site-packages/airflow/example_dags/tutorial.py
[2022-06-04 22:58:58,220] {scheduler_job.py:639} INFO - DAG(s) dict_keys(['tutorial']) retrieved from /home/airflow/.local/lib/python3.6/site-packages/airflow/example_dags/tutorial.py
[2022-06-04 22:58:58,332] {logging_mixin.py:104} INFO - [2022-06-04 22:58:58,332] {dag.py:1818} INFO - Sync 1 DAGs
[2022-06-04 22:58:58,421] {logging_mixin.py:104} INFO - [2022-06-04 22:58:58,421] {dag.py:2273} INFO - Setting next_dagrun for tutorial to 2022-06-02 00:00:00+00:00
[2022-06-04 22:58:58,487] {scheduler_job.py:190} INFO - Processing /home/airflow/.local/lib/python3.6/site-packages/airflow/example_dags/tutorial.py took 0.506 seconds
[2022-06-04 22:59:29,526] {scheduler_job.py:182} INFO - Started process (PID=82) to work on /home/airflow/.local/lib/python3.6/site-packages/airflow/example_dags/tutorial.py
[2022-06-04 22:59:29,544] {scheduler_job.py:629} INFO - Processing file /home/airflow/.local/lib/python3.6/site-packages/airflow/example_dags/tutorial.py for tasks to queue
[2022-06-04 22:59:29,578] {logging_mixin.py:104} INFO - [2022-06-04 22:59:29,578] {dagbag.py:448} INFO - Filling up the DagBag from /home/airflow/.local/lib/python3.6/site-packages/airflow/example_dags/tutorial.py
[2022-06-04 22:59:29,717] {scheduler_job.py:639} INFO - DAG(s) dict_keys(['tutorial']) retrieved from /home/airflow/.local/lib/python3.6/site-packages/airflow/example_dags/tutorial.py
[2022-06-04 22:59:29,851] {logging_mixin.py:104} INFO - [2022-06-04 22:59:29,851] {dag.py:1818} INFO - Sync 1 DAGs
[2022-06-04 22:59:29,933] {logging_mixin.py:104} INFO - [2022-06-04 22:59:29,932] {dag.py:2273} INFO - Setting next_dagrun for tutorial to 2022-06-02 00:00:00+00:00
[2022-06-04 22:59:30,028] {scheduler_job.py:190} INFO - Processing /home/airflow/.local/lib/python3.6/site-packages/airflow/example_dags/tutorial.py took 0.545 seconds
[2022-06-04 23:00:01,483] {scheduler_job.py:182} INFO - Started process (PID=108) to work on /home/airflow/.local/lib/python3.6/site-packages/airflow/example_dags/tutorial.py
[2022-06-04 23:00:01,502] {scheduler_job.py:629} INFO - Processing file /home/airflow/.local/lib/python3.6/site-packages/airflow/example_dags/tutorial.py for tasks to queue
[2022-06-04 23:00:01,515] {logging_mixin.py:104} INFO - [2022-06-04 23:00:01,515] {dagbag.py:448} INFO - Filling up the DagBag from /home/airflow/.local/lib/python3.6/site-packages/airflow/example_dags/tutorial.py
[2022-06-04 23:00:01,570] {scheduler_job.py:639} INFO - DAG(s) dict_keys(['tutorial']) retrieved from /home/airflow/.local/lib/python3.6/site-packages/airflow/example_dags/tutorial.py
[2022-06-04 23:00:01,630] {logging_mixin.py:104} INFO - [2022-06-04 23:00:01,629] {dag.py:1818} INFO - Sync 1 DAGs
[2022-06-04 23:00:01,728] {logging_mixin.py:104} INFO - [2022-06-04 23:00:01,716] {dag.py:2273} INFO - Setting next_dagrun for tutorial to 2022-06-02 00:00:00+00:00
[2022-06-04 23:00:01,799] {scheduler_job.py:190} INFO - Processing /home/airflow/.local/lib/python3.6/site-packages/airflow/example_dags/tutorial.py took 0.380 seconds
[2022-06-04 23:00:34,225] {scheduler_job.py:182} INFO - Started process (PID=132) to work on /home/airflow/.local/lib/python3.6/site-packages/airflow/example_dags/tutorial.py
[2022-06-04 23:00:34,251] {scheduler_job.py:629} INFO - Processing file /home/airflow/.local/lib/python3.6/site-packages/airflow/example_dags/tutorial.py for tasks to queue
[2022-06-04 23:00:34,262] {logging_mixin.py:104} INFO - [2022-06-04 23:00:34,259] {dagbag.py:448} INFO - Filling up the DagBag from /home/airflow/.local/lib/python3.6/site-packages/airflow/example_dags/tutorial.py
[2022-06-04 23:00:34,401] {scheduler_job.py:639} INFO - DAG(s) dict_keys(['tutorial']) retrieved from /home/airflow/.local/lib/python3.6/site-packages/airflow/example_dags/tutorial.py
[2022-06-04 23:00:34,798] {logging_mixin.py:104} INFO - [2022-06-04 23:00:34,798] {dag.py:1818} INFO - Sync 1 DAGs
[2022-06-04 23:00:35,203] {logging_mixin.py:104} INFO - [2022-06-04 23:00:35,203] {dag.py:2273} INFO - Setting next_dagrun for tutorial to 2022-06-02 00:00:00+00:00
[2022-06-04 23:00:35,473] {scheduler_job.py:190} INFO - Processing /home/airflow/.local/lib/python3.6/site-packages/airflow/example_dags/tutorial.py took 1.252 seconds
[2022-06-04 23:01:06,719] {scheduler_job.py:182} INFO - Started process (PID=158) to work on /home/airflow/.local/lib/python3.6/site-packages/airflow/example_dags/tutorial.py
[2022-06-04 23:01:06,773] {scheduler_job.py:629} INFO - Processing file /home/airflow/.local/lib/python3.6/site-packages/airflow/example_dags/tutorial.py for tasks to queue
[2022-06-04 23:01:07,071] {logging_mixin.py:104} INFO - [2022-06-04 23:01:06,916] {dagbag.py:448} INFO - Filling up the DagBag from /home/airflow/.local/lib/python3.6/site-packages/airflow/example_dags/tutorial.py
[2022-06-04 23:01:08,085] {scheduler_job.py:639} INFO - DAG(s) dict_keys(['tutorial']) retrieved from /home/airflow/.local/lib/python3.6/site-packages/airflow/example_dags/tutorial.py
[2022-06-04 23:01:08,385] {logging_mixin.py:104} INFO - [2022-06-04 23:01:08,385] {dag.py:1818} INFO - Sync 1 DAGs
[2022-06-04 23:01:08,490] {logging_mixin.py:104} INFO - [2022-06-04 23:01:08,490] {dag.py:2273} INFO - Setting next_dagrun for tutorial to 2022-06-02 00:00:00+00:00
[2022-06-04 23:01:08,578] {scheduler_job.py:190} INFO - Processing /home/airflow/.local/lib/python3.6/site-packages/airflow/example_dags/tutorial.py took 1.910 seconds
[2022-06-04 23:01:40,120] {scheduler_job.py:182} INFO - Started process (PID=184) to work on /home/airflow/.local/lib/python3.6/site-packages/airflow/example_dags/tutorial.py
[2022-06-04 23:01:40,126] {scheduler_job.py:629} INFO - Processing file /home/airflow/.local/lib/python3.6/site-packages/airflow/example_dags/tutorial.py for tasks to queue
[2022-06-04 23:01:40,146] {logging_mixin.py:104} INFO - [2022-06-04 23:01:40,145] {dagbag.py:448} INFO - Filling up the DagBag from /home/airflow/.local/lib/python3.6/site-packages/airflow/example_dags/tutorial.py
[2022-06-04 23:01:40,266] {scheduler_job.py:639} INFO - DAG(s) dict_keys(['tutorial']) retrieved from /home/airflow/.local/lib/python3.6/site-packages/airflow/example_dags/tutorial.py
[2022-06-04 23:01:40,678] {logging_mixin.py:104} INFO - [2022-06-04 23:01:40,678] {dag.py:1818} INFO - Sync 1 DAGs
[2022-06-04 23:01:40,871] {logging_mixin.py:104} INFO - [2022-06-04 23:01:40,871] {dag.py:2273} INFO - Setting next_dagrun for tutorial to 2022-06-02 00:00:00+00:00
[2022-06-04 23:01:40,952] {scheduler_job.py:190} INFO - Processing /home/airflow/.local/lib/python3.6/site-packages/airflow/example_dags/tutorial.py took 0.908 seconds
[2022-06-04 23:02:11,224] {scheduler_job.py:182} INFO - Started process (PID=210) to work on /home/airflow/.local/lib/python3.6/site-packages/airflow/example_dags/tutorial.py
[2022-06-04 23:02:11,240] {scheduler_job.py:629} INFO - Processing file /home/airflow/.local/lib/python3.6/site-packages/airflow/example_dags/tutorial.py for tasks to queue
[2022-06-04 23:02:11,255] {logging_mixin.py:104} INFO - [2022-06-04 23:02:11,255] {dagbag.py:448} INFO - Filling up the DagBag from /home/airflow/.local/lib/python3.6/site-packages/airflow/example_dags/tutorial.py
[2022-06-04 23:02:11,622] {scheduler_job.py:639} INFO - DAG(s) dict_keys(['tutorial']) retrieved from /home/airflow/.local/lib/python3.6/site-packages/airflow/example_dags/tutorial.py
[2022-06-04 23:02:12,530] {logging_mixin.py:104} INFO - [2022-06-04 23:02:12,530] {dag.py:1818} INFO - Sync 1 DAGs
[2022-06-04 23:02:13,146] {logging_mixin.py:104} INFO - [2022-06-04 23:02:13,124] {dag.py:2273} INFO - Setting next_dagrun for tutorial to 2022-06-02 00:00:00+00:00
[2022-06-04 23:02:13,407] {scheduler_job.py:190} INFO - Processing /home/airflow/.local/lib/python3.6/site-packages/airflow/example_dags/tutorial.py took 2.205 seconds
[2022-06-04 23:02:44,272] {scheduler_job.py:182} INFO - Started process (PID=235) to work on /home/airflow/.local/lib/python3.6/site-packages/airflow/example_dags/tutorial.py
[2022-06-04 23:02:44,282] {scheduler_job.py:629} INFO - Processing file /home/airflow/.local/lib/python3.6/site-packages/airflow/example_dags/tutorial.py for tasks to queue
[2022-06-04 23:02:44,291] {logging_mixin.py:104} INFO - [2022-06-04 23:02:44,291] {dagbag.py:448} INFO - Filling up the DagBag from /home/airflow/.local/lib/python3.6/site-packages/airflow/example_dags/tutorial.py
[2022-06-04 23:02:44,464] {scheduler_job.py:639} INFO - DAG(s) dict_keys(['tutorial']) retrieved from /home/airflow/.local/lib/python3.6/site-packages/airflow/example_dags/tutorial.py
[2022-06-04 23:02:44,617] {logging_mixin.py:104} INFO - [2022-06-04 23:02:44,617] {dag.py:1818} INFO - Sync 1 DAGs
[2022-06-04 23:02:44,726] {logging_mixin.py:104} INFO - [2022-06-04 23:02:44,726] {dag.py:2273} INFO - Setting next_dagrun for tutorial to 2022-06-02 00:00:00+00:00
[2022-06-04 23:02:44,802] {scheduler_job.py:190} INFO - Processing /home/airflow/.local/lib/python3.6/site-packages/airflow/example_dags/tutorial.py took 0.537 seconds
[2022-06-04 23:03:15,458] {scheduler_job.py:182} INFO - Started process (PID=261) to work on /home/airflow/.local/lib/python3.6/site-packages/airflow/example_dags/tutorial.py
[2022-06-04 23:03:15,470] {scheduler_job.py:629} INFO - Processing file /home/airflow/.local/lib/python3.6/site-packages/airflow/example_dags/tutorial.py for tasks to queue
[2022-06-04 23:03:15,475] {logging_mixin.py:104} INFO - [2022-06-04 23:03:15,474] {dagbag.py:448} INFO - Filling up the DagBag from /home/airflow/.local/lib/python3.6/site-packages/airflow/example_dags/tutorial.py
[2022-06-04 23:03:15,704] {scheduler_job.py:639} INFO - DAG(s) dict_keys(['tutorial']) retrieved from /home/airflow/.local/lib/python3.6/site-packages/airflow/example_dags/tutorial.py
[2022-06-04 23:03:17,133] {logging_mixin.py:104} INFO - [2022-06-04 23:03:17,126] {dag.py:1818} INFO - Sync 1 DAGs
[2022-06-04 23:03:17,352] {logging_mixin.py:104} INFO - [2022-06-04 23:03:17,352] {dag.py:2273} INFO - Setting next_dagrun for tutorial to 2022-06-02 00:00:00+00:00
[2022-06-04 23:03:17,390] {scheduler_job.py:190} INFO - Processing /home/airflow/.local/lib/python3.6/site-packages/airflow/example_dags/tutorial.py took 1.958 seconds
[2022-06-04 23:03:47,723] {scheduler_job.py:182} INFO - Started process (PID=287) to work on /home/airflow/.local/lib/python3.6/site-packages/airflow/example_dags/tutorial.py
[2022-06-04 23:03:47,734] {scheduler_job.py:629} INFO - Processing file /home/airflow/.local/lib/python3.6/site-packages/airflow/example_dags/tutorial.py for tasks to queue
[2022-06-04 23:03:47,757] {logging_mixin.py:104} INFO - [2022-06-04 23:03:47,757] {dagbag.py:448} INFO - Filling up the DagBag from /home/airflow/.local/lib/python3.6/site-packages/airflow/example_dags/tutorial.py
[2022-06-04 23:03:48,294] {scheduler_job.py:639} INFO - DAG(s) dict_keys(['tutorial']) retrieved from /home/airflow/.local/lib/python3.6/site-packages/airflow/example_dags/tutorial.py
[2022-06-04 23:03:48,825] {logging_mixin.py:104} INFO - [2022-06-04 23:03:48,825] {dag.py:1818} INFO - Sync 1 DAGs
[2022-06-04 23:03:49,294] {logging_mixin.py:104} INFO - [2022-06-04 23:03:49,294] {dag.py:2273} INFO - Setting next_dagrun for tutorial to 2022-06-02 00:00:00+00:00
[2022-06-04 23:03:49,416] {scheduler_job.py:190} INFO - Processing /home/airflow/.local/lib/python3.6/site-packages/airflow/example_dags/tutorial.py took 1.752 seconds
[2022-06-04 23:04:19,565] {scheduler_job.py:182} INFO - Started process (PID=313) to work on /home/airflow/.local/lib/python3.6/site-packages/airflow/example_dags/tutorial.py
[2022-06-04 23:04:19,576] {scheduler_job.py:629} INFO - Processing file /home/airflow/.local/lib/python3.6/site-packages/airflow/example_dags/tutorial.py for tasks to queue
[2022-06-04 23:04:19,578] {logging_mixin.py:104} INFO - [2022-06-04 23:04:19,578] {dagbag.py:448} INFO - Filling up the DagBag from /home/airflow/.local/lib/python3.6/site-packages/airflow/example_dags/tutorial.py
[2022-06-04 23:04:19,799] {scheduler_job.py:639} INFO - DAG(s) dict_keys(['tutorial']) retrieved from /home/airflow/.local/lib/python3.6/site-packages/airflow/example_dags/tutorial.py
[2022-06-04 23:04:20,117] {logging_mixin.py:104} INFO - [2022-06-04 23:04:20,117] {dag.py:1818} INFO - Sync 1 DAGs
[2022-06-04 23:04:20,672] {logging_mixin.py:104} INFO - [2022-06-04 23:04:20,663] {dag.py:2273} INFO - Setting next_dagrun for tutorial to 2022-06-02 00:00:00+00:00
[2022-06-04 23:04:20,730] {scheduler_job.py:190} INFO - Processing /home/airflow/.local/lib/python3.6/site-packages/airflow/example_dags/tutorial.py took 1.187 seconds
[2022-06-04 23:04:51,120] {scheduler_job.py:182} INFO - Started process (PID=339) to work on /home/airflow/.local/lib/python3.6/site-packages/airflow/example_dags/tutorial.py
[2022-06-04 23:04:51,127] {scheduler_job.py:629} INFO - Processing file /home/airflow/.local/lib/python3.6/site-packages/airflow/example_dags/tutorial.py for tasks to queue
[2022-06-04 23:04:51,132] {logging_mixin.py:104} INFO - [2022-06-04 23:04:51,132] {dagbag.py:448} INFO - Filling up the DagBag from /home/airflow/.local/lib/python3.6/site-packages/airflow/example_dags/tutorial.py
[2022-06-04 23:04:51,158] {scheduler_job.py:639} INFO - DAG(s) dict_keys(['tutorial']) retrieved from /home/airflow/.local/lib/python3.6/site-packages/airflow/example_dags/tutorial.py
[2022-06-04 23:04:51,221] {logging_mixin.py:104} INFO - [2022-06-04 23:04:51,221] {dag.py:1818} INFO - Sync 1 DAGs
[2022-06-04 23:04:51,259] {logging_mixin.py:104} INFO - [2022-06-04 23:04:51,258] {dag.py:2273} INFO - Setting next_dagrun for tutorial to 2022-06-02 00:00:00+00:00
[2022-06-04 23:04:51,297] {scheduler_job.py:190} INFO - Processing /home/airflow/.local/lib/python3.6/site-packages/airflow/example_dags/tutorial.py took 0.194 seconds
[2022-06-04 23:05:21,523] {scheduler_job.py:182} INFO - Started process (PID=365) to work on /home/airflow/.local/lib/python3.6/site-packages/airflow/example_dags/tutorial.py
[2022-06-04 23:05:21,527] {scheduler_job.py:629} INFO - Processing file /home/airflow/.local/lib/python3.6/site-packages/airflow/example_dags/tutorial.py for tasks to queue
[2022-06-04 23:05:21,531] {logging_mixin.py:104} INFO - [2022-06-04 23:05:21,530] {dagbag.py:448} INFO - Filling up the DagBag from /home/airflow/.local/lib/python3.6/site-packages/airflow/example_dags/tutorial.py
[2022-06-04 23:05:21,555] {scheduler_job.py:639} INFO - DAG(s) dict_keys(['tutorial']) retrieved from /home/airflow/.local/lib/python3.6/site-packages/airflow/example_dags/tutorial.py
[2022-06-04 23:05:21,602] {logging_mixin.py:104} INFO - [2022-06-04 23:05:21,602] {dag.py:1818} INFO - Sync 1 DAGs
[2022-06-04 23:05:21,642] {logging_mixin.py:104} INFO - [2022-06-04 23:05:21,642] {dag.py:2273} INFO - Setting next_dagrun for tutorial to 2022-06-02 00:00:00+00:00
[2022-06-04 23:05:21,676] {scheduler_job.py:190} INFO - Processing /home/airflow/.local/lib/python3.6/site-packages/airflow/example_dags/tutorial.py took 0.158 seconds
[2022-06-04 23:05:52,242] {scheduler_job.py:182} INFO - Started process (PID=390) to work on /home/airflow/.local/lib/python3.6/site-packages/airflow/example_dags/tutorial.py
[2022-06-04 23:05:52,253] {scheduler_job.py:629} INFO - Processing file /home/airflow/.local/lib/python3.6/site-packages/airflow/example_dags/tutorial.py for tasks to queue
[2022-06-04 23:05:52,256] {logging_mixin.py:104} INFO - [2022-06-04 23:05:52,256] {dagbag.py:448} INFO - Filling up the DagBag from /home/airflow/.local/lib/python3.6/site-packages/airflow/example_dags/tutorial.py
[2022-06-04 23:05:52,295] {scheduler_job.py:639} INFO - DAG(s) dict_keys(['tutorial']) retrieved from /home/airflow/.local/lib/python3.6/site-packages/airflow/example_dags/tutorial.py
[2022-06-04 23:05:52,359] {logging_mixin.py:104} INFO - [2022-06-04 23:05:52,359] {dag.py:1818} INFO - Sync 1 DAGs
[2022-06-04 23:05:52,411] {logging_mixin.py:104} INFO - [2022-06-04 23:05:52,411] {dag.py:2273} INFO - Setting next_dagrun for tutorial to 2022-06-02 00:00:00+00:00
[2022-06-04 23:05:52,440] {scheduler_job.py:190} INFO - Processing /home/airflow/.local/lib/python3.6/site-packages/airflow/example_dags/tutorial.py took 0.207 seconds
[2022-06-04 23:06:23,070] {scheduler_job.py:182} INFO - Started process (PID=416) to work on /home/airflow/.local/lib/python3.6/site-packages/airflow/example_dags/tutorial.py
[2022-06-04 23:06:23,080] {scheduler_job.py:629} INFO - Processing file /home/airflow/.local/lib/python3.6/site-packages/airflow/example_dags/tutorial.py for tasks to queue
[2022-06-04 23:06:23,087] {logging_mixin.py:104} INFO - [2022-06-04 23:06:23,086] {dagbag.py:448} INFO - Filling up the DagBag from /home/airflow/.local/lib/python3.6/site-packages/airflow/example_dags/tutorial.py
[2022-06-04 23:06:23,157] {scheduler_job.py:639} INFO - DAG(s) dict_keys(['tutorial']) retrieved from /home/airflow/.local/lib/python3.6/site-packages/airflow/example_dags/tutorial.py
[2022-06-04 23:06:23,292] {logging_mixin.py:104} INFO - [2022-06-04 23:06:23,292] {dag.py:1818} INFO - Sync 1 DAGs
[2022-06-04 23:06:23,351] {logging_mixin.py:104} INFO - [2022-06-04 23:06:23,351] {dag.py:2273} INFO - Setting next_dagrun for tutorial to 2022-06-02 00:00:00+00:00
[2022-06-04 23:06:23,386] {scheduler_job.py:190} INFO - Processing /home/airflow/.local/lib/python3.6/site-packages/airflow/example_dags/tutorial.py took 0.341 seconds
[2022-06-04 23:06:53,487] {scheduler_job.py:182} INFO - Started process (PID=442) to work on /home/airflow/.local/lib/python3.6/site-packages/airflow/example_dags/tutorial.py
[2022-06-04 23:06:53,499] {scheduler_job.py:629} INFO - Processing file /home/airflow/.local/lib/python3.6/site-packages/airflow/example_dags/tutorial.py for tasks to queue
[2022-06-04 23:06:53,502] {logging_mixin.py:104} INFO - [2022-06-04 23:06:53,502] {dagbag.py:448} INFO - Filling up the DagBag from /home/airflow/.local/lib/python3.6/site-packages/airflow/example_dags/tutorial.py
[2022-06-04 23:06:53,522] {scheduler_job.py:639} INFO - DAG(s) dict_keys(['tutorial']) retrieved from /home/airflow/.local/lib/python3.6/site-packages/airflow/example_dags/tutorial.py
[2022-06-04 23:06:53,642] {logging_mixin.py:104} INFO - [2022-06-04 23:06:53,642] {dag.py:1818} INFO - Sync 1 DAGs
[2022-06-04 23:06:53,679] {logging_mixin.py:104} INFO - [2022-06-04 23:06:53,679] {dag.py:2273} INFO - Setting next_dagrun for tutorial to 2022-06-02 00:00:00+00:00
[2022-06-04 23:06:53,699] {scheduler_job.py:190} INFO - Processing /home/airflow/.local/lib/python3.6/site-packages/airflow/example_dags/tutorial.py took 0.227 seconds
[2022-06-04 23:07:23,778] {scheduler_job.py:182} INFO - Started process (PID=468) to work on /home/airflow/.local/lib/python3.6/site-packages/airflow/example_dags/tutorial.py
[2022-06-04 23:07:23,790] {scheduler_job.py:629} INFO - Processing file /home/airflow/.local/lib/python3.6/site-packages/airflow/example_dags/tutorial.py for tasks to queue
[2022-06-04 23:07:23,793] {logging_mixin.py:104} INFO - [2022-06-04 23:07:23,792] {dagbag.py:448} INFO - Filling up the DagBag from /home/airflow/.local/lib/python3.6/site-packages/airflow/example_dags/tutorial.py
[2022-06-04 23:07:23,850] {scheduler_job.py:639} INFO - DAG(s) dict_keys(['tutorial']) retrieved from /home/airflow/.local/lib/python3.6/site-packages/airflow/example_dags/tutorial.py
[2022-06-04 23:07:23,954] {logging_mixin.py:104} INFO - [2022-06-04 23:07:23,954] {dag.py:1818} INFO - Sync 1 DAGs
[2022-06-04 23:07:24,007] {logging_mixin.py:104} INFO - [2022-06-04 23:07:24,006] {dag.py:2273} INFO - Setting next_dagrun for tutorial to 2022-06-02 00:00:00+00:00
[2022-06-04 23:07:24,043] {scheduler_job.py:190} INFO - Processing /home/airflow/.local/lib/python3.6/site-packages/airflow/example_dags/tutorial.py took 0.274 seconds
[2022-06-04 23:07:54,334] {scheduler_job.py:182} INFO - Started process (PID=494) to work on /home/airflow/.local/lib/python3.6/site-packages/airflow/example_dags/tutorial.py
[2022-06-04 23:07:54,355] {scheduler_job.py:629} INFO - Processing file /home/airflow/.local/lib/python3.6/site-packages/airflow/example_dags/tutorial.py for tasks to queue
[2022-06-04 23:07:54,374] {logging_mixin.py:104} INFO - [2022-06-04 23:07:54,374] {dagbag.py:448} INFO - Filling up the DagBag from /home/airflow/.local/lib/python3.6/site-packages/airflow/example_dags/tutorial.py
[2022-06-04 23:07:54,418] {scheduler_job.py:639} INFO - DAG(s) dict_keys(['tutorial']) retrieved from /home/airflow/.local/lib/python3.6/site-packages/airflow/example_dags/tutorial.py
[2022-06-04 23:07:54,721] {logging_mixin.py:104} INFO - [2022-06-04 23:07:54,721] {dag.py:1818} INFO - Sync 1 DAGs
[2022-06-04 23:07:54,831] {logging_mixin.py:104} INFO - [2022-06-04 23:07:54,831] {dag.py:2273} INFO - Setting next_dagrun for tutorial to 2022-06-02 00:00:00+00:00
[2022-06-04 23:07:55,106] {scheduler_job.py:190} INFO - Processing /home/airflow/.local/lib/python3.6/site-packages/airflow/example_dags/tutorial.py took 0.811 seconds
[2022-06-04 23:08:25,387] {scheduler_job.py:182} INFO - Started process (PID=520) to work on /home/airflow/.local/lib/python3.6/site-packages/airflow/example_dags/tutorial.py
[2022-06-04 23:08:25,390] {scheduler_job.py:629} INFO - Processing file /home/airflow/.local/lib/python3.6/site-packages/airflow/example_dags/tutorial.py for tasks to queue
[2022-06-04 23:08:25,393] {logging_mixin.py:104} INFO - [2022-06-04 23:08:25,392] {dagbag.py:448} INFO - Filling up the DagBag from /home/airflow/.local/lib/python3.6/site-packages/airflow/example_dags/tutorial.py
[2022-06-04 23:08:25,409] {scheduler_job.py:639} INFO - DAG(s) dict_keys(['tutorial']) retrieved from /home/airflow/.local/lib/python3.6/site-packages/airflow/example_dags/tutorial.py
[2022-06-04 23:08:25,459] {logging_mixin.py:104} INFO - [2022-06-04 23:08:25,459] {dag.py:1818} INFO - Sync 1 DAGs
[2022-06-04 23:08:25,493] {logging_mixin.py:104} INFO - [2022-06-04 23:08:25,493] {dag.py:2273} INFO - Setting next_dagrun for tutorial to 2022-06-02 00:00:00+00:00
[2022-06-04 23:08:25,510] {scheduler_job.py:190} INFO - Processing /home/airflow/.local/lib/python3.6/site-packages/airflow/example_dags/tutorial.py took 0.128 seconds
[2022-06-04 23:08:58,860] {scheduler_job.py:182} INFO - Started process (PID=544) to work on /home/airflow/.local/lib/python3.6/site-packages/airflow/example_dags/tutorial.py
[2022-06-04 23:08:58,915] {scheduler_job.py:629} INFO - Processing file /home/airflow/.local/lib/python3.6/site-packages/airflow/example_dags/tutorial.py for tasks to queue
[2022-06-04 23:08:58,931] {logging_mixin.py:104} INFO - [2022-06-04 23:08:58,927] {dagbag.py:448} INFO - Filling up the DagBag from /home/airflow/.local/lib/python3.6/site-packages/airflow/example_dags/tutorial.py
[2022-06-04 23:08:59,174] {scheduler_job.py:639} INFO - DAG(s) dict_keys(['tutorial']) retrieved from /home/airflow/.local/lib/python3.6/site-packages/airflow/example_dags/tutorial.py
[2022-06-04 23:08:59,694] {logging_mixin.py:104} INFO - [2022-06-04 23:08:59,694] {dag.py:1818} INFO - Sync 1 DAGs
[2022-06-04 23:09:00,136] {logging_mixin.py:104} INFO - [2022-06-04 23:09:00,136] {dag.py:2273} INFO - Setting next_dagrun for tutorial to 2022-06-02 00:00:00+00:00
[2022-06-04 23:09:01,137] {scheduler_job.py:190} INFO - Processing /home/airflow/.local/lib/python3.6/site-packages/airflow/example_dags/tutorial.py took 2.449 seconds
[2022-06-04 23:09:32,409] {scheduler_job.py:182} INFO - Started process (PID=571) to work on /home/airflow/.local/lib/python3.6/site-packages/airflow/example_dags/tutorial.py
[2022-06-04 23:09:32,453] {scheduler_job.py:629} INFO - Processing file /home/airflow/.local/lib/python3.6/site-packages/airflow/example_dags/tutorial.py for tasks to queue
[2022-06-04 23:09:32,477] {logging_mixin.py:104} INFO - [2022-06-04 23:09:32,477] {dagbag.py:448} INFO - Filling up the DagBag from /home/airflow/.local/lib/python3.6/site-packages/airflow/example_dags/tutorial.py
[2022-06-04 23:09:32,876] {scheduler_job.py:639} INFO - DAG(s) dict_keys(['tutorial']) retrieved from /home/airflow/.local/lib/python3.6/site-packages/airflow/example_dags/tutorial.py
[2022-06-04 23:09:33,843] {logging_mixin.py:104} INFO - [2022-06-04 23:09:33,843] {dag.py:1818} INFO - Sync 1 DAGs
[2022-06-04 23:09:33,907] {logging_mixin.py:104} INFO - [2022-06-04 23:09:33,906] {dag.py:2273} INFO - Setting next_dagrun for tutorial to 2022-06-02 00:00:00+00:00
[2022-06-04 23:09:34,074] {scheduler_job.py:190} INFO - Processing /home/airflow/.local/lib/python3.6/site-packages/airflow/example_dags/tutorial.py took 1.788 seconds
[2022-06-04 23:10:04,999] {scheduler_job.py:182} INFO - Started process (PID=597) to work on /home/airflow/.local/lib/python3.6/site-packages/airflow/example_dags/tutorial.py
[2022-06-04 23:10:05,031] {scheduler_job.py:629} INFO - Processing file /home/airflow/.local/lib/python3.6/site-packages/airflow/example_dags/tutorial.py for tasks to queue
[2022-06-04 23:10:05,034] {logging_mixin.py:104} INFO - [2022-06-04 23:10:05,034] {dagbag.py:448} INFO - Filling up the DagBag from /home/airflow/.local/lib/python3.6/site-packages/airflow/example_dags/tutorial.py
[2022-06-04 23:10:05,147] {scheduler_job.py:639} INFO - DAG(s) dict_keys(['tutorial']) retrieved from /home/airflow/.local/lib/python3.6/site-packages/airflow/example_dags/tutorial.py
[2022-06-04 23:10:05,375] {logging_mixin.py:104} INFO - [2022-06-04 23:10:05,375] {dag.py:1818} INFO - Sync 1 DAGs
[2022-06-04 23:10:05,434] {logging_mixin.py:104} INFO - [2022-06-04 23:10:05,434] {dag.py:2273} INFO - Setting next_dagrun for tutorial to 2022-06-02 00:00:00+00:00
[2022-06-04 23:10:05,485] {scheduler_job.py:190} INFO - Processing /home/airflow/.local/lib/python3.6/site-packages/airflow/example_dags/tutorial.py took 0.490 seconds
[2022-06-04 23:10:36,109] {scheduler_job.py:182} INFO - Started process (PID=623) to work on /home/airflow/.local/lib/python3.6/site-packages/airflow/example_dags/tutorial.py
[2022-06-04 23:10:36,121] {scheduler_job.py:629} INFO - Processing file /home/airflow/.local/lib/python3.6/site-packages/airflow/example_dags/tutorial.py for tasks to queue
[2022-06-04 23:10:36,129] {logging_mixin.py:104} INFO - [2022-06-04 23:10:36,129] {dagbag.py:448} INFO - Filling up the DagBag from /home/airflow/.local/lib/python3.6/site-packages/airflow/example_dags/tutorial.py
[2022-06-04 23:10:36,155] {scheduler_job.py:639} INFO - DAG(s) dict_keys(['tutorial']) retrieved from /home/airflow/.local/lib/python3.6/site-packages/airflow/example_dags/tutorial.py
[2022-06-04 23:10:36,205] {logging_mixin.py:104} INFO - [2022-06-04 23:10:36,205] {dag.py:1818} INFO - Sync 1 DAGs
[2022-06-04 23:10:36,244] {logging_mixin.py:104} INFO - [2022-06-04 23:10:36,244] {dag.py:2273} INFO - Setting next_dagrun for tutorial to 2022-06-02 00:00:00+00:00
[2022-06-04 23:10:36,284] {scheduler_job.py:190} INFO - Processing /home/airflow/.local/lib/python3.6/site-packages/airflow/example_dags/tutorial.py took 0.181 seconds
[2022-06-04 23:11:06,574] {scheduler_job.py:182} INFO - Started process (PID=649) to work on /home/airflow/.local/lib/python3.6/site-packages/airflow/example_dags/tutorial.py
[2022-06-04 23:11:06,580] {scheduler_job.py:629} INFO - Processing file /home/airflow/.local/lib/python3.6/site-packages/airflow/example_dags/tutorial.py for tasks to queue
[2022-06-04 23:11:06,582] {logging_mixin.py:104} INFO - [2022-06-04 23:11:06,582] {dagbag.py:448} INFO - Filling up the DagBag from /home/airflow/.local/lib/python3.6/site-packages/airflow/example_dags/tutorial.py
[2022-06-04 23:11:06,604] {scheduler_job.py:639} INFO - DAG(s) dict_keys(['tutorial']) retrieved from /home/airflow/.local/lib/python3.6/site-packages/airflow/example_dags/tutorial.py
[2022-06-04 23:11:06,651] {logging_mixin.py:104} INFO - [2022-06-04 23:11:06,651] {dag.py:1818} INFO - Sync 1 DAGs
[2022-06-04 23:11:06,678] {logging_mixin.py:104} INFO - [2022-06-04 23:11:06,677] {dag.py:2273} INFO - Setting next_dagrun for tutorial to 2022-06-02 00:00:00+00:00
[2022-06-04 23:11:06,709] {scheduler_job.py:190} INFO - Processing /home/airflow/.local/lib/python3.6/site-packages/airflow/example_dags/tutorial.py took 0.141 seconds
[2022-06-04 23:11:36,826] {scheduler_job.py:182} INFO - Started process (PID=675) to work on /home/airflow/.local/lib/python3.6/site-packages/airflow/example_dags/tutorial.py
[2022-06-04 23:11:36,839] {scheduler_job.py:629} INFO - Processing file /home/airflow/.local/lib/python3.6/site-packages/airflow/example_dags/tutorial.py for tasks to queue
[2022-06-04 23:11:36,843] {logging_mixin.py:104} INFO - [2022-06-04 23:11:36,843] {dagbag.py:448} INFO - Filling up the DagBag from /home/airflow/.local/lib/python3.6/site-packages/airflow/example_dags/tutorial.py
[2022-06-04 23:11:36,876] {scheduler_job.py:639} INFO - DAG(s) dict_keys(['tutorial']) retrieved from /home/airflow/.local/lib/python3.6/site-packages/airflow/example_dags/tutorial.py
[2022-06-04 23:11:36,933] {logging_mixin.py:104} INFO - [2022-06-04 23:11:36,933] {dag.py:1818} INFO - Sync 1 DAGs
[2022-06-04 23:11:36,965] {logging_mixin.py:104} INFO - [2022-06-04 23:11:36,965] {dag.py:2273} INFO - Setting next_dagrun for tutorial to 2022-06-02 00:00:00+00:00
[2022-06-04 23:11:37,000] {scheduler_job.py:190} INFO - Processing /home/airflow/.local/lib/python3.6/site-packages/airflow/example_dags/tutorial.py took 0.181 seconds
[2022-06-04 23:12:07,386] {scheduler_job.py:182} INFO - Started process (PID=701) to work on /home/airflow/.local/lib/python3.6/site-packages/airflow/example_dags/tutorial.py
[2022-06-04 23:12:07,390] {scheduler_job.py:629} INFO - Processing file /home/airflow/.local/lib/python3.6/site-packages/airflow/example_dags/tutorial.py for tasks to queue
[2022-06-04 23:12:07,392] {logging_mixin.py:104} INFO - [2022-06-04 23:12:07,392] {dagbag.py:448} INFO - Filling up the DagBag from /home/airflow/.local/lib/python3.6/site-packages/airflow/example_dags/tutorial.py
[2022-06-04 23:12:07,411] {scheduler_job.py:639} INFO - DAG(s) dict_keys(['tutorial']) retrieved from /home/airflow/.local/lib/python3.6/site-packages/airflow/example_dags/tutorial.py
[2022-06-04 23:12:07,442] {logging_mixin.py:104} INFO - [2022-06-04 23:12:07,442] {dag.py:1818} INFO - Sync 1 DAGs
[2022-06-04 23:12:07,465] {logging_mixin.py:104} INFO - [2022-06-04 23:12:07,464] {dag.py:2273} INFO - Setting next_dagrun for tutorial to 2022-06-02 00:00:00+00:00
[2022-06-04 23:12:07,479] {scheduler_job.py:190} INFO - Processing /home/airflow/.local/lib/python3.6/site-packages/airflow/example_dags/tutorial.py took 0.097 seconds
[2022-06-04 23:12:37,974] {scheduler_job.py:182} INFO - Started process (PID=727) to work on /home/airflow/.local/lib/python3.6/site-packages/airflow/example_dags/tutorial.py
[2022-06-04 23:12:37,984] {scheduler_job.py:629} INFO - Processing file /home/airflow/.local/lib/python3.6/site-packages/airflow/example_dags/tutorial.py for tasks to queue
[2022-06-04 23:12:37,987] {logging_mixin.py:104} INFO - [2022-06-04 23:12:37,986] {dagbag.py:448} INFO - Filling up the DagBag from /home/airflow/.local/lib/python3.6/site-packages/airflow/example_dags/tutorial.py
[2022-06-04 23:12:38,014] {scheduler_job.py:639} INFO - DAG(s) dict_keys(['tutorial']) retrieved from /home/airflow/.local/lib/python3.6/site-packages/airflow/example_dags/tutorial.py
[2022-06-04 23:12:38,051] {logging_mixin.py:104} INFO - [2022-06-04 23:12:38,051] {dag.py:1818} INFO - Sync 1 DAGs
[2022-06-04 23:12:38,077] {logging_mixin.py:104} INFO - [2022-06-04 23:12:38,076] {dag.py:2273} INFO - Setting next_dagrun for tutorial to 2022-06-02 00:00:00+00:00
[2022-06-04 23:12:38,106] {scheduler_job.py:190} INFO - Processing /home/airflow/.local/lib/python3.6/site-packages/airflow/example_dags/tutorial.py took 0.136 seconds
