[2022-06-03 20:59:26,618] {taskinstance.py:851} INFO - Dependencies all met for <TaskInstance: UK_COVID19_dag.Extract_UK_Data 2022-06-02T20:58:06.025617+00:00 [queued]>
[2022-06-03 20:59:26,637] {taskinstance.py:851} INFO - Dependencies all met for <TaskInstance: UK_COVID19_dag.Extract_UK_Data 2022-06-02T20:58:06.025617+00:00 [queued]>
[2022-06-03 20:59:26,638] {taskinstance.py:1042} INFO - 
--------------------------------------------------------------------------------
[2022-06-03 20:59:26,640] {taskinstance.py:1043} INFO - Starting attempt 1 of 2
[2022-06-03 20:59:26,640] {taskinstance.py:1044} INFO - 
--------------------------------------------------------------------------------
[2022-06-03 20:59:26,661] {taskinstance.py:1063} INFO - Executing <Task(PythonOperator): Extract_UK_Data> on 2022-06-02T20:58:06.025617+00:00
[2022-06-03 20:59:26,666] {standard_task_runner.py:52} INFO - Started process 52 to run task
[2022-06-03 20:59:26,679] {standard_task_runner.py:76} INFO - Running: ['airflow', 'tasks', 'run', 'UK_COVID19_dag', 'Extract_UK_Data', '2022-06-02T20:58:06.025617+00:00', '--job-id', '3', '--pool', 'default_pool', '--raw', '--subdir', 'DAGS_FOLDER/covid_dag-checkpoint.py', '--cfg-path', '/tmp/tmp0stv1p05', '--error-file', '/tmp/tmpthemd1u4']
[2022-06-03 20:59:26,681] {standard_task_runner.py:77} INFO - Job 3: Subtask Extract_UK_Data
[2022-06-03 20:59:26,743] {logging_mixin.py:104} INFO - Running <TaskInstance: UK_COVID19_dag.Extract_UK_Data 2022-06-02T20:58:06.025617+00:00 [running]> on host 125d245880e1
[2022-06-03 20:59:26,798] {taskinstance.py:1257} INFO - Exporting the following env vars:
AIRFLOW_CTX_DAG_OWNER=Huda
AIRFLOW_CTX_DAG_ID=UK_COVID19_dag
AIRFLOW_CTX_TASK_ID=Extract_UK_Data
AIRFLOW_CTX_EXECUTION_DATE=2022-06-02T20:58:06.025617+00:00
AIRFLOW_CTX_DAG_RUN_ID=scheduled__2022-06-02T20:58:06.025617+00:00
[2022-06-03 21:02:39,228] {python.py:118} INFO - Done. Returned value was: None
[2022-06-03 21:02:39,276] {taskinstance.py:1166} INFO - Marking task as SUCCESS. dag_id=UK_COVID19_dag, task_id=Extract_UK_Data, execution_date=20220602T205806, start_date=20220603T205926, end_date=20220603T210239
[2022-06-03 21:02:39,338] {taskinstance.py:1220} INFO - 1 downstream tasks scheduled from follow-on schedule check
[2022-06-03 21:02:39,416] {local_task_job.py:146} INFO - Task exited with return code 0
