[2022-06-03 22:04:53,322] {taskinstance.py:851} INFO - Dependencies all met for <TaskInstance: UK_COVID19_dag.Extract_UK_Data 2022-06-02T22:03:47.448877+00:00 [queued]>
[2022-06-03 22:04:53,505] {taskinstance.py:851} INFO - Dependencies all met for <TaskInstance: UK_COVID19_dag.Extract_UK_Data 2022-06-02T22:03:47.448877+00:00 [queued]>
[2022-06-03 22:04:53,531] {taskinstance.py:1042} INFO - 
--------------------------------------------------------------------------------
[2022-06-03 22:04:53,543] {taskinstance.py:1043} INFO - Starting attempt 1 of 2
[2022-06-03 22:04:53,547] {taskinstance.py:1044} INFO - 
--------------------------------------------------------------------------------
[2022-06-03 22:04:53,620] {taskinstance.py:1063} INFO - Executing <Task(PythonOperator): Extract_UK_Data> on 2022-06-02T22:03:47.448877+00:00
[2022-06-03 22:04:53,641] {standard_task_runner.py:52} INFO - Started process 104 to run task
[2022-06-03 22:04:53,700] {standard_task_runner.py:76} INFO - Running: ['airflow', 'tasks', 'run', 'UK_COVID19_dag', 'Extract_UK_Data', '2022-06-02T22:03:47.448877+00:00', '--job-id', '11', '--pool', 'default_pool', '--raw', '--subdir', 'DAGS_FOLDER/covid_dag-checkpoint.py', '--cfg-path', '/tmp/tmpcoq71s2y', '--error-file', '/tmp/tmpk2_motg2']
[2022-06-03 22:04:53,706] {standard_task_runner.py:77} INFO - Job 11: Subtask Extract_UK_Data
[2022-06-03 22:04:54,017] {logging_mixin.py:104} INFO - Running <TaskInstance: UK_COVID19_dag.Extract_UK_Data 2022-06-02T22:03:47.448877+00:00 [running]> on host db1a6c3b41a0
[2022-06-03 22:04:54,427] {taskinstance.py:1257} INFO - Exporting the following env vars:
AIRFLOW_CTX_DAG_OWNER=Huda
AIRFLOW_CTX_DAG_ID=UK_COVID19_dag
AIRFLOW_CTX_TASK_ID=Extract_UK_Data
AIRFLOW_CTX_EXECUTION_DATE=2022-06-02T22:03:47.448877+00:00
AIRFLOW_CTX_DAG_RUN_ID=scheduled__2022-06-02T22:03:47.448877+00:00
[2022-06-03 22:07:54,839] {python.py:118} INFO - Done. Returned value was: None
[2022-06-03 22:07:54,867] {taskinstance.py:1166} INFO - Marking task as SUCCESS. dag_id=UK_COVID19_dag, task_id=Extract_UK_Data, execution_date=20220602T220347, start_date=20220603T220453, end_date=20220603T220754
[2022-06-03 22:07:54,920] {taskinstance.py:1220} INFO - 1 downstream tasks scheduled from follow-on schedule check
[2022-06-03 22:07:54,956] {local_task_job.py:146} INFO - Task exited with return code 0
