[2022-06-03 22:08:13,828] {taskinstance.py:851} INFO - Dependencies all met for <TaskInstance: UK_COVID19_dag.Scale_UK_Data 2022-06-03T21:43:20.220927+00:00 [queued]>
[2022-06-03 22:08:14,349] {taskinstance.py:851} INFO - Dependencies all met for <TaskInstance: UK_COVID19_dag.Scale_UK_Data 2022-06-03T21:43:20.220927+00:00 [queued]>
[2022-06-03 22:08:14,360] {taskinstance.py:1042} INFO - 
--------------------------------------------------------------------------------
[2022-06-03 22:08:14,396] {taskinstance.py:1043} INFO - Starting attempt 1 of 2
[2022-06-03 22:08:14,398] {taskinstance.py:1044} INFO - 
--------------------------------------------------------------------------------
[2022-06-03 22:08:14,921] {taskinstance.py:1063} INFO - Executing <Task(PythonOperator): Scale_UK_Data> on 2022-06-03T21:43:20.220927+00:00
[2022-06-03 22:08:15,404] {standard_task_runner.py:52} INFO - Started process 115 to run task
[2022-06-03 22:08:15,834] {standard_task_runner.py:76} INFO - Running: ['airflow', 'tasks', 'run', 'UK_COVID19_dag', 'Scale_UK_Data', '2022-06-03T21:43:20.220927+00:00', '--job-id', '15', '--pool', 'default_pool', '--raw', '--subdir', 'DAGS_FOLDER/covid_dag-checkpoint.py', '--cfg-path', '/tmp/tmpmsenin9b', '--error-file', '/tmp/tmpleptvwub']
[2022-06-03 22:08:15,838] {standard_task_runner.py:77} INFO - Job 15: Subtask Scale_UK_Data
[2022-06-03 22:08:16,552] {logging_mixin.py:104} INFO - Running <TaskInstance: UK_COVID19_dag.Scale_UK_Data 2022-06-03T21:43:20.220927+00:00 [running]> on host db1a6c3b41a0
[2022-06-03 22:08:17,445] {taskinstance.py:1257} INFO - Exporting the following env vars:
AIRFLOW_CTX_DAG_OWNER=Huda
AIRFLOW_CTX_DAG_ID=UK_COVID19_dag
AIRFLOW_CTX_TASK_ID=Scale_UK_Data
AIRFLOW_CTX_EXECUTION_DATE=2022-06-03T21:43:20.220927+00:00
AIRFLOW_CTX_DAG_RUN_ID=manual__2022-06-03T21:43:20.220927+00:00
[2022-06-03 22:08:31,984] {python.py:118} INFO - Done. Returned value was: None
[2022-06-03 22:08:32,006] {taskinstance.py:1166} INFO - Marking task as SUCCESS. dag_id=UK_COVID19_dag, task_id=Scale_UK_Data, execution_date=20220603T214320, start_date=20220603T220813, end_date=20220603T220832
[2022-06-03 22:08:32,097] {taskinstance.py:1220} INFO - 1 downstream tasks scheduled from follow-on schedule check
[2022-06-03 22:08:32,196] {local_task_job.py:146} INFO - Task exited with return code 0
