[2022-06-03 21:52:48,381] {taskinstance.py:851} INFO - Dependencies all met for <TaskInstance: UK_COVID19_dag.Install_dependecies 2022-06-03T21:51:48.920774+00:00 [None]>
[2022-06-03 21:52:48,416] {taskinstance.py:851} INFO - Dependencies all met for <TaskInstance: UK_COVID19_dag.Install_dependecies 2022-06-03T21:51:48.920774+00:00 [None]>
[2022-06-03 21:52:48,418] {taskinstance.py:1042} INFO - 
--------------------------------------------------------------------------------
[2022-06-03 21:52:48,419] {taskinstance.py:1043} INFO - Starting attempt 1 of 2
[2022-06-03 21:52:48,421] {taskinstance.py:1044} INFO - 
--------------------------------------------------------------------------------
[2022-06-03 21:52:48,449] {taskinstance.py:1063} INFO - Executing <Task(BashOperator): Install_dependecies> on 2022-06-03T21:51:48.920774+00:00
[2022-06-03 21:52:48,462] {standard_task_runner.py:52} INFO - Started process 74 to run task
[2022-06-03 21:52:48,468] {standard_task_runner.py:76} INFO - Running: ['airflow', 'tasks', 'run', 'UK_COVID19_dag', 'Install_dependecies', '2022-06-03T21:51:48.920774+00:00', '--job-id', '5', '--pool', 'default_pool', '--raw', '--subdir', 'DAGS_FOLDER/covid_dag-checkpoint.py', '--cfg-path', '/tmp/tmpn_re91lk', '--error-file', '/tmp/tmpyf_vjw_2']
[2022-06-03 21:52:48,477] {standard_task_runner.py:77} INFO - Job 5: Subtask Install_dependecies
[2022-06-03 21:52:48,554] {logging_mixin.py:104} INFO - Running <TaskInstance: UK_COVID19_dag.Install_dependecies 2022-06-03T21:51:48.920774+00:00 [running]> on host db1a6c3b41a0
[2022-06-03 21:52:48,638] {taskinstance.py:1257} INFO - Exporting the following env vars:
AIRFLOW_CTX_DAG_OWNER=Huda
AIRFLOW_CTX_DAG_ID=UK_COVID19_dag
AIRFLOW_CTX_TASK_ID=Install_dependecies
AIRFLOW_CTX_EXECUTION_DATE=2022-06-03T21:51:48.920774+00:00
AIRFLOW_CTX_DAG_RUN_ID=manual__2022-06-03T21:51:48.920774+00:00
[2022-06-03 21:52:48,663] {bash.py:135} INFO - Tmp dir root location: 
 /tmp
[2022-06-03 21:52:48,689] {bash.py:158} INFO - Running command: pip install sklearn matplotlib
[2022-06-03 21:52:48,918] {bash.py:169} INFO - Output:
[2022-06-03 21:52:53,522] {bash.py:173} INFO - WARNING: The directory '/home/airflow/.cache/pip' or its parent directory is not owned or is not writable by the current user. The cache has been disabled. Check the permissions and owner of that directory. If executing pip with sudo, you may want sudo's -H flag.
[2022-06-03 21:52:53,536] {bash.py:173} INFO - Defaulting to user installation because normal site-packages is not writeable
[2022-06-03 21:52:54,103] {bash.py:173} INFO - Requirement already satisfied: sklearn in /home/airflow/.local/lib/python3.6/site-packages (0.0)
[2022-06-03 21:52:54,117] {bash.py:173} INFO - Requirement already satisfied: matplotlib in /home/airflow/.local/lib/python3.6/site-packages (3.3.4)
[2022-06-03 21:52:54,140] {bash.py:173} INFO - Requirement already satisfied: scikit-learn in /home/airflow/.local/lib/python3.6/site-packages (from sklearn) (0.24.2)
[2022-06-03 21:52:54,282] {bash.py:173} INFO - Requirement already satisfied: python-dateutil>=2.1 in /home/airflow/.local/lib/python3.6/site-packages (from matplotlib) (2.8.1)
[2022-06-03 21:52:54,319] {bash.py:173} INFO - Requirement already satisfied: pillow>=6.2.0 in /home/airflow/.local/lib/python3.6/site-packages (from matplotlib) (8.4.0)
[2022-06-03 21:52:54,334] {bash.py:173} INFO - Requirement already satisfied: pyparsing!=2.0.4,!=2.1.2,!=2.1.6,>=2.0.3 in /home/airflow/.local/lib/python3.6/site-packages (from matplotlib) (2.4.7)
[2022-06-03 21:52:54,354] {bash.py:173} INFO - Requirement already satisfied: cycler>=0.10 in /home/airflow/.local/lib/python3.6/site-packages (from matplotlib) (0.11.0)
[2022-06-03 21:52:54,356] {bash.py:173} INFO - Requirement already satisfied: kiwisolver>=1.0.1 in /home/airflow/.local/lib/python3.6/site-packages (from matplotlib) (1.3.1)
[2022-06-03 21:52:54,359] {bash.py:173} INFO - Requirement already satisfied: numpy>=1.15 in /home/airflow/.local/lib/python3.6/site-packages (from matplotlib) (1.19.5)
[2022-06-03 21:52:54,368] {bash.py:173} INFO - Requirement already satisfied: scipy>=0.19.1 in /home/airflow/.local/lib/python3.6/site-packages (from scikit-learn->sklearn) (1.5.4)
[2022-06-03 21:52:54,392] {bash.py:173} INFO - Requirement already satisfied: threadpoolctl>=2.0.0 in /home/airflow/.local/lib/python3.6/site-packages (from scikit-learn->sklearn) (3.1.0)
[2022-06-03 21:52:54,393] {bash.py:173} INFO - Requirement already satisfied: joblib>=0.11 in /home/airflow/.local/lib/python3.6/site-packages (from scikit-learn->sklearn) (1.1.0)
[2022-06-03 21:52:54,394] {bash.py:173} INFO - Requirement already satisfied: six>=1.5 in /home/airflow/.local/lib/python3.6/site-packages (from python-dateutil>=2.1->matplotlib) (1.15.0)
[2022-06-03 21:53:10,118] {bash.py:173} INFO - WARNING: You are using pip version 20.2.4; however, version 21.3.1 is available.
[2022-06-03 21:53:10,132] {bash.py:173} INFO - You should consider upgrading via the '/usr/local/bin/python -m pip install --upgrade pip' command.
[2022-06-03 21:53:10,235] {bash.py:177} INFO - Command exited with return code 0
[2022-06-03 21:53:10,274] {taskinstance.py:1166} INFO - Marking task as SUCCESS. dag_id=UK_COVID19_dag, task_id=Install_dependecies, execution_date=20220603T215148, start_date=20220603T215248, end_date=20220603T215310
[2022-06-03 21:53:10,319] {taskinstance.py:1220} INFO - 1 downstream tasks scheduled from follow-on schedule check
[2022-06-03 21:53:10,365] {local_task_job.py:146} INFO - Task exited with return code 0
