[2022-06-03 22:08:23,011] {taskinstance.py:851} INFO - Dependencies all met for <TaskInstance: UK_COVID19_dag.Plot_UK_Data 2022-06-03T21:51:48.920774+00:00 [queued]>
[2022-06-03 22:08:23,156] {taskinstance.py:851} INFO - Dependencies all met for <TaskInstance: UK_COVID19_dag.Plot_UK_Data 2022-06-03T21:51:48.920774+00:00 [queued]>
[2022-06-03 22:08:23,158] {taskinstance.py:1042} INFO - 
--------------------------------------------------------------------------------
[2022-06-03 22:08:23,161] {taskinstance.py:1043} INFO - Starting attempt 1 of 2
[2022-06-03 22:08:23,163] {taskinstance.py:1044} INFO - 
--------------------------------------------------------------------------------
[2022-06-03 22:08:23,260] {taskinstance.py:1063} INFO - Executing <Task(PythonOperator): Plot_UK_Data> on 2022-06-03T21:51:48.920774+00:00
[2022-06-03 22:08:23,319] {standard_task_runner.py:76} INFO - Running: ['airflow', 'tasks', 'run', 'UK_COVID19_dag', 'Plot_UK_Data', '2022-06-03T21:51:48.920774+00:00', '--job-id', '16', '--pool', 'default_pool', '--raw', '--subdir', 'DAGS_FOLDER/covid_dag-checkpoint.py', '--cfg-path', '/tmp/tmp8ak6v98c', '--error-file', '/tmp/tmpwfaecqaw']
[2022-06-03 22:08:23,275] {standard_task_runner.py:52} INFO - Started process 119 to run task
[2022-06-03 22:08:23,317] {standard_task_runner.py:77} INFO - Job 16: Subtask Plot_UK_Data
[2022-06-03 22:08:23,675] {logging_mixin.py:104} INFO - Running <TaskInstance: UK_COVID19_dag.Plot_UK_Data 2022-06-03T21:51:48.920774+00:00 [running]> on host db1a6c3b41a0
[2022-06-03 22:08:24,211] {taskinstance.py:1257} INFO - Exporting the following env vars:
AIRFLOW_CTX_DAG_OWNER=Huda
AIRFLOW_CTX_DAG_ID=UK_COVID19_dag
AIRFLOW_CTX_TASK_ID=Plot_UK_Data
AIRFLOW_CTX_EXECUTION_DATE=2022-06-03T21:51:48.920774+00:00
AIRFLOW_CTX_DAG_RUN_ID=manual__2022-06-03T21:51:48.920774+00:00
[2022-06-03 22:08:27,645] {__init__.py:482} WARNING - Matplotlib created a temporary config/cache directory at /tmp/matplotlib-0wo2piur because the default path (/home/airflow/.config/matplotlib) is not a writable directory; it is highly recommended to set the MPLCONFIGDIR environment variable to a writable directory, in particular to speed up the import of Matplotlib and to better support multiprocessing.
[2022-06-03 22:08:28,793] {font_manager.py:1423} INFO - Generating new fontManager, this may take some time...
[2022-06-03 22:08:40,078] {python.py:118} INFO - Done. Returned value was: None
[2022-06-03 22:08:40,135] {taskinstance.py:1166} INFO - Marking task as SUCCESS. dag_id=UK_COVID19_dag, task_id=Plot_UK_Data, execution_date=20220603T215148, start_date=20220603T220823, end_date=20220603T220840
[2022-06-03 22:08:40,295] {taskinstance.py:1220} INFO - 1 downstream tasks scheduled from follow-on schedule check
[2022-06-03 22:08:40,435] {local_task_job.py:146} INFO - Task exited with return code 0
