[2022-06-03 21:02:40,479] {taskinstance.py:851} INFO - Dependencies all met for <TaskInstance: UK_COVID19_dag.Scale_UK_Data 2022-06-02T20:58:06.025617+00:00 [queued]>
[2022-06-03 21:02:40,501] {taskinstance.py:851} INFO - Dependencies all met for <TaskInstance: UK_COVID19_dag.Scale_UK_Data 2022-06-02T20:58:06.025617+00:00 [queued]>
[2022-06-03 21:02:40,503] {taskinstance.py:1042} INFO - 
--------------------------------------------------------------------------------
[2022-06-03 21:02:40,504] {taskinstance.py:1043} INFO - Starting attempt 1 of 2
[2022-06-03 21:02:40,506] {taskinstance.py:1044} INFO - 
--------------------------------------------------------------------------------
[2022-06-03 21:02:40,531] {taskinstance.py:1063} INFO - Executing <Task(PythonOperator): Scale_UK_Data> on 2022-06-02T20:58:06.025617+00:00
[2022-06-03 21:02:40,550] {standard_task_runner.py:76} INFO - Running: ['airflow', 'tasks', 'run', 'UK_COVID19_dag', 'Scale_UK_Data', '2022-06-02T20:58:06.025617+00:00', '--job-id', '4', '--pool', 'default_pool', '--raw', '--subdir', 'DAGS_FOLDER/covid_dag-checkpoint.py', '--cfg-path', '/tmp/tmpvv6j4xin', '--error-file', '/tmp/tmp7m_wexye']
[2022-06-03 21:02:40,543] {standard_task_runner.py:52} INFO - Started process 54 to run task
[2022-06-03 21:02:40,552] {standard_task_runner.py:77} INFO - Job 4: Subtask Scale_UK_Data
[2022-06-03 21:02:40,625] {logging_mixin.py:104} INFO - Running <TaskInstance: UK_COVID19_dag.Scale_UK_Data 2022-06-02T20:58:06.025617+00:00 [running]> on host 125d245880e1
[2022-06-03 21:02:40,718] {taskinstance.py:1257} INFO - Exporting the following env vars:
AIRFLOW_CTX_DAG_OWNER=Huda
AIRFLOW_CTX_DAG_ID=UK_COVID19_dag
AIRFLOW_CTX_TASK_ID=Scale_UK_Data
AIRFLOW_CTX_EXECUTION_DATE=2022-06-02T20:58:06.025617+00:00
AIRFLOW_CTX_DAG_RUN_ID=scheduled__2022-06-02T20:58:06.025617+00:00
[2022-06-03 21:02:43,149] {taskinstance.py:1455} ERROR - name 'DF_UK_u_2' is not defined
Traceback (most recent call last):
  File "/home/airflow/.local/lib/python3.6/site-packages/airflow/models/taskinstance.py", line 1112, in _run_raw_task
    self._prepare_and_execute_task_with_callbacks(context, task)
  File "/home/airflow/.local/lib/python3.6/site-packages/airflow/models/taskinstance.py", line 1285, in _prepare_and_execute_task_with_callbacks
    result = self._execute_task(context, task_copy)
  File "/home/airflow/.local/lib/python3.6/site-packages/airflow/models/taskinstance.py", line 1315, in _execute_task
    result = task_copy.execute(context=context)
  File "/home/airflow/.local/lib/python3.6/site-packages/airflow/operators/python.py", line 117, in execute
    return_value = self.execute_callable()
  File "/home/airflow/.local/lib/python3.6/site-packages/airflow/operators/python.py", line 128, in execute_callable
    return self.python_callable(*self.op_args, **self.op_kwargs)
  File "/opt/airflow/dags/covid_dag-checkpoint.py", line 65, in MinMaxScaler
    DF_UK_3 = pd.DataFrame(min_max_scaler.fit_transform(DF_UK_u_2[Select_Columns]),columns=Select_Columns)
NameError: name 'DF_UK_u_2' is not defined
[2022-06-03 21:02:43,154] {taskinstance.py:1503} INFO - Marking task as UP_FOR_RETRY. dag_id=UK_COVID19_dag, task_id=Scale_UK_Data, execution_date=20220602T205806, start_date=20220603T210240, end_date=20220603T210243
[2022-06-03 21:02:43,247] {local_task_job.py:146} INFO - Task exited with return code 1
