[2022-06-03 22:08:35,598] {taskinstance.py:851} INFO - Dependencies all met for <TaskInstance: UK_COVID19_dag.Plot_UK_Data 2022-06-03T21:43:20.220927+00:00 [queued]>
[2022-06-03 22:08:35,660] {taskinstance.py:851} INFO - Dependencies all met for <TaskInstance: UK_COVID19_dag.Plot_UK_Data 2022-06-03T21:43:20.220927+00:00 [queued]>
[2022-06-03 22:08:35,662] {taskinstance.py:1042} INFO - 
--------------------------------------------------------------------------------
[2022-06-03 22:08:35,663] {taskinstance.py:1043} INFO - Starting attempt 1 of 2
[2022-06-03 22:08:35,665] {taskinstance.py:1044} INFO - 
--------------------------------------------------------------------------------
[2022-06-03 22:08:35,712] {taskinstance.py:1063} INFO - Executing <Task(PythonOperator): Plot_UK_Data> on 2022-06-03T21:43:20.220927+00:00
[2022-06-03 22:08:35,729] {standard_task_runner.py:52} INFO - Started process 130 to run task
[2022-06-03 22:08:35,768] {standard_task_runner.py:76} INFO - Running: ['airflow', 'tasks', 'run', 'UK_COVID19_dag', 'Plot_UK_Data', '2022-06-03T21:43:20.220927+00:00', '--job-id', '19', '--pool', 'default_pool', '--raw', '--subdir', 'DAGS_FOLDER/covid_dag-checkpoint.py', '--cfg-path', '/tmp/tmpeej_ylew', '--error-file', '/tmp/tmphg20pml1']
[2022-06-03 22:08:35,770] {standard_task_runner.py:77} INFO - Job 19: Subtask Plot_UK_Data
[2022-06-03 22:08:36,810] {logging_mixin.py:104} INFO - Running <TaskInstance: UK_COVID19_dag.Plot_UK_Data 2022-06-03T21:43:20.220927+00:00 [running]> on host db1a6c3b41a0
[2022-06-03 22:08:37,706] {taskinstance.py:1257} INFO - Exporting the following env vars:
AIRFLOW_CTX_DAG_OWNER=Huda
AIRFLOW_CTX_DAG_ID=UK_COVID19_dag
AIRFLOW_CTX_TASK_ID=Plot_UK_Data
AIRFLOW_CTX_EXECUTION_DATE=2022-06-03T21:43:20.220927+00:00
AIRFLOW_CTX_DAG_RUN_ID=manual__2022-06-03T21:43:20.220927+00:00
[2022-06-03 22:08:39,872] {__init__.py:482} WARNING - Matplotlib created a temporary config/cache directory at /tmp/matplotlib-5fgkztng because the default path (/home/airflow/.config/matplotlib) is not a writable directory; it is highly recommended to set the MPLCONFIGDIR environment variable to a writable directory, in particular to speed up the import of Matplotlib and to better support multiprocessing.
[2022-06-03 22:08:41,339] {font_manager.py:1423} INFO - Generating new fontManager, this may take some time...
[2022-06-03 22:08:53,662] {python.py:118} INFO - Done. Returned value was: None
[2022-06-03 22:08:53,693] {taskinstance.py:1166} INFO - Marking task as SUCCESS. dag_id=UK_COVID19_dag, task_id=Plot_UK_Data, execution_date=20220603T214320, start_date=20220603T220835, end_date=20220603T220853
[2022-06-03 22:08:53,754] {taskinstance.py:1220} INFO - 1 downstream tasks scheduled from follow-on schedule check
[2022-06-03 22:08:53,839] {local_task_job.py:146} INFO - Task exited with return code 0
